{"D:\\Atlas\\src\\browser\\browser.ts": {"path":"D:\\Atlas\\src\\browser\\browser.ts","statementMap":{"0":{"start":{"line":43,"column":0},"end":{"line":43,"column":22}},"1":{"start":{"line":1,"column":0},"end":{"line":1,"column":66}},"2":{"start":{"line":3,"column":0},"end":{"line":3,"column":77}},"3":{"start":{"line":9,"column":0},"end":{"line":9,"column":73}},"4":{"start":{"line":11,"column":0},"end":{"line":11,"column":57}},"5":{"start":{"line":14,"column":0},"end":{"line":14,"column":54}},"6":{"start":{"line":17,"column":0},"end":{"line":17,"column":77}},"7":{"start":{"line":18,"column":0},"end":{"line":18,"column":80}},"8":{"start":{"line":43,"column":36},"end":{"line":611,"column":null}},"9":{"start":{"line":49,"column":4},"end":{"line":49,"column":61}},"10":{"start":{"line":50,"column":26},"end":{"line":50,"column":82}},"11":{"start":{"line":55,"column":4},"end":{"line":69,"column":5}},"12":{"start":{"line":56,"column":31},"end":{"line":56,"column":97}},"13":{"start":{"line":57,"column":8},"end":{"line":57,"column":57}},"14":{"start":{"line":58,"column":8},"end":{"line":58,"column":53}},"15":{"start":{"line":60,"column":8},"end":{"line":63,"column":11}},"16":{"start":{"line":64,"column":8},"end":{"line":64,"column":61}},"17":{"start":{"line":66,"column":8},"end":{"line":66,"column":80}},"18":{"start":{"line":67,"column":8},"end":{"line":67,"column":44}},"19":{"start":{"line":68,"column":8},"end":{"line":68,"column":24}},"20":{"start":{"line":71,"column":21},"end":{"line":71,"column":42}},"21":{"start":{"line":72,"column":23},"end":{"line":72,"column":34}},"22":{"start":{"line":74,"column":64},"end":{"line":74,"column":66}},"23":{"start":{"line":75,"column":28},"end":{"line":75,"column":32}},"24":{"start":{"line":76,"column":24},"end":{"line":76,"column":39}},"25":{"start":{"line":77,"column":24},"end":{"line":77,"column":47}},"26":{"start":{"line":80,"column":21},"end":{"line":80,"column":37}},"27":{"start":{"line":83,"column":114},"end":{"line":83,"column":116}},"28":{"start":{"line":85,"column":20},"end":{"line":98,"column":6}},"29":{"start":{"line":85,"column":31},"end":{"line":98,"column":6}},"30":{"start":{"line":86,"column":8},"end":{"line":97,"column":9}},"31":{"start":{"line":87,"column":12},"end":{"line":87,"column":29}},"32":{"start":{"line":88,"column":25},"end":{"line":88,"column":50}},"33":{"start":{"line":89,"column":12},"end":{"line":94,"column":34}},"34":{"start":{"line":91,"column":16},"end":{"line":91,"column":84}},"35":{"start":{"line":91,"column":49},"end":{"line":91,"column":84}},"36":{"start":{"line":93,"column":16},"end":{"line":93,"column":72}},"37":{"start":{"line":93,"column":45},"end":{"line":93,"column":72}},"38":{"start":{"line":96,"column":12},"end":{"line":96,"column":74}},"39":{"start":{"line":101,"column":4},"end":{"line":115,"column":7}},"40":{"start":{"line":101,"column":41},"end":{"line":115,"column":6}},"41":{"start":{"line":102,"column":8},"end":{"line":114,"column":9}},"42":{"start":{"line":103,"column":12},"end":{"line":103,"column":48}},"43":{"start":{"line":104,"column":12},"end":{"line":110,"column":15}},"44":{"start":{"line":111,"column":12},"end":{"line":111,"column":28}},"45":{"start":{"line":113,"column":12},"end":{"line":113,"column":84}},"46":{"start":{"line":120,"column":4},"end":{"line":142,"column":7}},"47":{"start":{"line":120,"column":95},"end":{"line":142,"column":6}},"48":{"start":{"line":121,"column":8},"end":{"line":141,"column":9}},"49":{"start":{"line":122,"column":22},"end":{"line":134,"column":14}},"50":{"start":{"line":135,"column":12},"end":{"line":138,"column":35}},"51":{"start":{"line":137,"column":16},"end":{"line":137,"column":85}},"52":{"start":{"line":137,"column":46},"end":{"line":137,"column":85}},"53":{"start":{"line":140,"column":12},"end":{"line":140,"column":97}},"54":{"start":{"line":144,"column":4},"end":{"line":153,"column":7}},"55":{"start":{"line":144,"column":91},"end":{"line":153,"column":6}},"56":{"start":{"line":145,"column":8},"end":{"line":152,"column":9}},"57":{"start":{"line":146,"column":12},"end":{"line":149,"column":41}},"58":{"start":{"line":148,"column":16},"end":{"line":148,"column":71}},"59":{"start":{"line":148,"column":42},"end":{"line":148,"column":71}},"60":{"start":{"line":151,"column":12},"end":{"line":151,"column":93}},"61":{"start":{"line":155,"column":4},"end":{"line":164,"column":7}},"62":{"start":{"line":155,"column":84},"end":{"line":164,"column":6}},"63":{"start":{"line":156,"column":8},"end":{"line":163,"column":9}},"64":{"start":{"line":157,"column":12},"end":{"line":160,"column":33}},"65":{"start":{"line":159,"column":16},"end":{"line":159,"column":77}},"66":{"start":{"line":159,"column":42},"end":{"line":159,"column":77}},"67":{"start":{"line":162,"column":12},"end":{"line":162,"column":97}},"68":{"start":{"line":168,"column":26},"end":{"line":168,"column":28}},"69":{"start":{"line":169,"column":27},"end":{"line":175,"column":5}},"70":{"start":{"line":170,"column":27},"end":{"line":170,"column":105}},"71":{"start":{"line":171,"column":8},"end":{"line":174,"column":9}},"72":{"start":{"line":172,"column":12},"end":{"line":172,"column":41}},"73":{"start":{"line":173,"column":12},"end":{"line":173,"column":35}},"74":{"start":{"line":177,"column":25},"end":{"line":177,"column":109}},"75":{"start":{"line":180,"column":31},"end":{"line":185,"column":null}},"76":{"start":{"line":181,"column":14},"end":{"line":181,"column":25}},"77":{"start":{"line":183,"column":14},"end":{"line":183,"column":24}},"78":{"start":{"line":188,"column":34},"end":{"line":191,"column":null}},"79":{"start":{"line":189,"column":14},"end":{"line":189,"column":18}},"80":{"start":{"line":195,"column":4},"end":{"line":205,"column":7}},"81":{"start":{"line":195,"column":98},"end":{"line":205,"column":6}},"82":{"start":{"line":196,"column":8},"end":{"line":204,"column":9}},"83":{"start":{"line":197,"column":12},"end":{"line":197,"column":57}},"84":{"start":{"line":200,"column":12},"end":{"line":200,"column":35}},"85":{"start":{"line":201,"column":12},"end":{"line":201,"column":28}},"86":{"start":{"line":203,"column":12},"end":{"line":203,"column":94}},"87":{"start":{"line":208,"column":26},"end":{"line":208,"column":31}},"88":{"start":{"line":209,"column":4},"end":{"line":217,"column":5}},"89":{"start":{"line":210,"column":23},"end":{"line":210,"column":58}},"90":{"start":{"line":211,"column":8},"end":{"line":214,"column":9}},"91":{"start":{"line":212,"column":12},"end":{"line":212,"column":35}},"92":{"start":{"line":213,"column":12},"end":{"line":213,"column":67}},"93":{"start":{"line":219,"column":4},"end":{"line":227,"column":5}},"94":{"start":{"line":220,"column":8},"end":{"line":220,"column":69}},"95":{"start":{"line":221,"column":8},"end":{"line":221,"column":85}},"96":{"start":{"line":222,"column":8},"end":{"line":222,"column":51}},"97":{"start":{"line":223,"column":8},"end":{"line":223,"column":123}},"98":{"start":{"line":224,"column":8},"end":{"line":224,"column":55}},"99":{"start":{"line":225,"column":8},"end":{"line":225,"column":90}},"100":{"start":{"line":226,"column":8},"end":{"line":226,"column":91}},"101":{"start":{"line":229,"column":4},"end":{"line":229,"column":48}},"102":{"start":{"line":234,"column":4},"end":{"line":237,"column":24}},"103":{"start":{"line":235,"column":8},"end":{"line":235,"column":31}},"104":{"start":{"line":236,"column":8},"end":{"line":236,"column":70}},"105":{"start":{"line":239,"column":4},"end":{"line":239,"column":71}},"106":{"start":{"line":242,"column":26},"end":{"line":253,"column":6}},"107":{"start":{"line":243,"column":21},"end":{"line":243,"column":29}},"108":{"start":{"line":244,"column":20},"end":{"line":244,"column":27}},"109":{"start":{"line":246,"column":8},"end":{"line":248,"column":9}},"110":{"start":{"line":247,"column":12},"end":{"line":247,"column":69}},"111":{"start":{"line":249,"column":8},"end":{"line":249,"column":81}},"112":{"start":{"line":251,"column":8},"end":{"line":251,"column":92}},"113":{"start":{"line":252,"column":8},"end":{"line":252,"column":18}},"114":{"start":{"line":255,"column":4},"end":{"line":255,"column":38}},"115":{"start":{"line":257,"column":4},"end":{"line":259,"column":5}},"116":{"start":{"line":258,"column":8},"end":{"line":258,"column":90}},"117":{"start":{"line":261,"column":4},"end":{"line":261,"column":48}},"118":{"start":{"line":262,"column":4},"end":{"line":262,"column":42}},"119":{"start":{"line":269,"column":22},"end":{"line":475,"column":6}},"120":{"start":{"line":269,"column":49},"end":{"line":475,"column":6}},"121":{"start":{"line":270,"column":8},"end":{"line":270,"column":48}},"122":{"start":{"line":270,"column":41},"end":{"line":270,"column":48}},"123":{"start":{"line":271,"column":8},"end":{"line":271,"column":36}},"124":{"start":{"line":273,"column":8},"end":{"line":273,"column":80}},"125":{"start":{"line":276,"column":20},"end":{"line":276,"column":22}},"126":{"start":{"line":277,"column":8},"end":{"line":284,"column":23}},"127":{"start":{"line":279,"column":12},"end":{"line":283,"column":13}},"128":{"start":{"line":279,"column":25},"end":{"line":279,"column":26}},"129":{"start":{"line":280,"column":16},"end":{"line":280,"column":114}},"130":{"start":{"line":280,"column":57},"end":{"line":280,"column":106}},"131":{"start":{"line":281,"column":16},"end":{"line":281,"column":33}},"132":{"start":{"line":281,"column":27},"end":{"line":281,"column":33}},"133":{"start":{"line":282,"column":16},"end":{"line":282,"column":59}},"134":{"start":{"line":282,"column":39},"end":{"line":282,"column":57}},"135":{"start":{"line":286,"column":8},"end":{"line":289,"column":9}},"136":{"start":{"line":287,"column":12},"end":{"line":287,"column":47}},"137":{"start":{"line":288,"column":12},"end":{"line":288,"column":94}},"138":{"start":{"line":292,"column":8},"end":{"line":292,"column":48}},"139":{"start":{"line":293,"column":31},"end":{"line":298,"column":10}},"140":{"start":{"line":294,"column":43},"end":{"line":294,"column":86}},"141":{"start":{"line":295,"column":51},"end":{"line":295,"column":100}},"142":{"start":{"line":297,"column":43},"end":{"line":297,"column":109}},"143":{"start":{"line":299,"column":8},"end":{"line":299,"column":70}},"144":{"start":{"line":300,"column":8},"end":{"line":300,"column":36}},"145":{"start":{"line":301,"column":8},"end":{"line":301,"column":67}},"146":{"start":{"line":302,"column":8},"end":{"line":302,"column":45}},"147":{"start":{"line":305,"column":8},"end":{"line":338,"column":11}},"148":{"start":{"line":305,"column":45},"end":{"line":338,"column":10}},"149":{"start":{"line":306,"column":26},"end":{"line":306,"column":83}},"150":{"start":{"line":307,"column":34},"end":{"line":307,"column":75}},"151":{"start":{"line":310,"column":26},"end":{"line":310,"column":28}},"152":{"start":{"line":311,"column":12},"end":{"line":316,"column":13}},"153":{"start":{"line":312,"column":29},"end":{"line":312,"column":86}},"154":{"start":{"line":312,"column":69},"end":{"line":312,"column":84}},"155":{"start":{"line":313,"column":16},"end":{"line":313,"column":105}},"156":{"start":{"line":313,"column":40},"end":{"line":313,"column":93}},"157":{"start":{"line":315,"column":16},"end":{"line":315,"column":43}},"158":{"start":{"line":318,"column":12},"end":{"line":318,"column":37}},"159":{"start":{"line":319,"column":12},"end":{"line":319,"column":33}},"160":{"start":{"line":319,"column":26},"end":{"line":319,"column":33}},"161":{"start":{"line":321,"column":12},"end":{"line":326,"column":15}},"162":{"start":{"line":329,"column":12},"end":{"line":337,"column":13}},"163":{"start":{"line":330,"column":16},"end":{"line":336,"column":19}},"164":{"start":{"line":340,"column":8},"end":{"line":350,"column":11}},"165":{"start":{"line":341,"column":26},"end":{"line":341,"column":38}},"166":{"start":{"line":342,"column":12},"end":{"line":349,"column":15}},"167":{"start":{"line":352,"column":8},"end":{"line":363,"column":11}},"168":{"start":{"line":353,"column":28},"end":{"line":353,"column":41}},"169":{"start":{"line":354,"column":12},"end":{"line":362,"column":13}},"170":{"start":{"line":355,"column":16},"end":{"line":361,"column":19}},"171":{"start":{"line":366,"column":8},"end":{"line":368,"column":11}},"172":{"start":{"line":366,"column":106},"end":{"line":368,"column":10}},"173":{"start":{"line":367,"column":12},"end":{"line":367,"column":50}},"174":{"start":{"line":381,"column":8},"end":{"line":402,"column":11}},"175":{"start":{"line":382,"column":24},"end":{"line":385,"column":13}},"176":{"start":{"line":384,"column":16},"end":{"line":384,"column":95}},"177":{"start":{"line":384,"column":47},"end":{"line":384,"column":95}},"178":{"start":{"line":386,"column":12},"end":{"line":386,"column":55}},"179":{"start":{"line":387,"column":12},"end":{"line":387,"column":53}},"180":{"start":{"line":389,"column":38},"end":{"line":389,"column":55}},"181":{"start":{"line":390,"column":12},"end":{"line":394,"column":14}},"182":{"start":{"line":392,"column":16},"end":{"line":392,"column":57}},"183":{"start":{"line":393,"column":16},"end":{"line":393,"column":22}},"184":{"start":{"line":396,"column":41},"end":{"line":396,"column":61}},"185":{"start":{"line":397,"column":12},"end":{"line":401,"column":14}},"186":{"start":{"line":399,"column":16},"end":{"line":399,"column":60}},"187":{"start":{"line":400,"column":16},"end":{"line":400,"column":22}},"188":{"start":{"line":405,"column":23},"end":{"line":442,"column":10}},"189":{"start":{"line":405,"column":46},"end":{"line":442,"column":10}},"190":{"start":{"line":406,"column":31},"end":{"line":406,"column":54}},"191":{"start":{"line":407,"column":12},"end":{"line":407,"column":68}},"192":{"start":{"line":407,"column":61},"end":{"line":407,"column":68}},"193":{"start":{"line":410,"column":12},"end":{"line":441,"column":21}},"194":{"start":{"line":410,"column":34},"end":{"line":441,"column":15}},"195":{"start":{"line":411,"column":16},"end":{"line":411,"column":50}},"196":{"start":{"line":411,"column":43},"end":{"line":411,"column":50}},"197":{"start":{"line":412,"column":16},"end":{"line":440,"column":17}},"198":{"start":{"line":413,"column":36},"end":{"line":429,"column":22}},"199":{"start":{"line":414,"column":39},"end":{"line":414,"column":115}},"200":{"start":{"line":415,"column":41},"end":{"line":415,"column":102}},"201":{"start":{"line":418,"column":43},"end":{"line":418,"column":44}},"202":{"start":{"line":419,"column":24},"end":{"line":423,"column":39}},"203":{"start":{"line":420,"column":28},"end":{"line":420,"column":120}},"204":{"start":{"line":420,"column":67},"end":{"line":420,"column":118}},"205":{"start":{"line":421,"column":28},"end":{"line":421,"column":124}},"206":{"start":{"line":421,"column":69},"end":{"line":421,"column":122}},"207":{"start":{"line":422,"column":28},"end":{"line":422,"column":67}},"208":{"start":{"line":425,"column":24},"end":{"line":428,"column":26}},"209":{"start":{"line":432,"column":20},"end":{"line":435,"column":21}},"210":{"start":{"line":433,"column":24},"end":{"line":433,"column":74}},"211":{"start":{"line":433,"column":53},"end":{"line":433,"column":74}},"212":{"start":{"line":434,"column":24},"end":{"line":434,"column":72}},"213":{"start":{"line":434,"column":52},"end":{"line":434,"column":72}},"214":{"start":{"line":437,"column":20},"end":{"line":437,"column":75}},"215":{"start":{"line":439,"column":20},"end":{"line":439,"column":66}},"216":{"start":{"line":444,"column":8},"end":{"line":446,"column":11}},"217":{"start":{"line":444,"column":85},"end":{"line":446,"column":10}},"218":{"start":{"line":445,"column":12},"end":{"line":445,"column":30}},"219":{"start":{"line":449,"column":8},"end":{"line":449,"column":23}},"220":{"start":{"line":454,"column":58},"end":{"line":463,"column":10}},"221":{"start":{"line":456,"column":52},"end":{"line":458,"column":null}},"222":{"start":{"line":457,"column":16},"end":{"line":457,"column":123}},"223":{"start":{"line":459,"column":40},"end":{"line":461,"column":null}},"224":{"start":{"line":460,"column":16},"end":{"line":460,"column":111}},"225":{"start":{"line":462,"column":38},"end":{"line":462,"column":null}},"226":{"start":{"line":462,"column":39},"end":{"line":462,"column":null}},"227":{"start":{"line":465,"column":8},"end":{"line":465,"column":77}},"228":{"start":{"line":466,"column":8},"end":{"line":473,"column":9}},"229":{"start":{"line":467,"column":12},"end":{"line":472,"column":13}},"230":{"start":{"line":469,"column":16},"end":{"line":469,"column":65}},"231":{"start":{"line":474,"column":8},"end":{"line":474,"column":83}},"232":{"start":{"line":478,"column":4},"end":{"line":478,"column":36}},"233":{"start":{"line":478,"column":14},"end":{"line":478,"column":36}},"234":{"start":{"line":481,"column":4},"end":{"line":497,"column":7}},"235":{"start":{"line":481,"column":57},"end":{"line":497,"column":6}},"236":{"start":{"line":482,"column":20},"end":{"line":482,"column":32}},"237":{"start":{"line":483,"column":21},"end":{"line":483,"column":34}},"238":{"start":{"line":484,"column":8},"end":{"line":496,"column":9}},"239":{"start":{"line":485,"column":28},"end":{"line":485,"column":47}},"240":{"start":{"line":486,"column":12},"end":{"line":495,"column":13}},"241":{"start":{"line":487,"column":16},"end":{"line":494,"column":17}},"242":{"start":{"line":488,"column":41},"end":{"line":488,"column":125}},"243":{"start":{"line":489,"column":20},"end":{"line":489,"column":61}},"244":{"start":{"line":490,"column":20},"end":{"line":490,"column":45}},"245":{"start":{"line":491,"column":20},"end":{"line":491,"column":35}},"246":{"start":{"line":493,"column":20},"end":{"line":493,"column":101}},"247":{"start":{"line":499,"column":4},"end":{"line":505,"column":7}},"248":{"start":{"line":499,"column":59},"end":{"line":505,"column":6}},"249":{"start":{"line":500,"column":18},"end":{"line":500,"column":37}},"250":{"start":{"line":501,"column":8},"end":{"line":504,"column":9}},"251":{"start":{"line":502,"column":12},"end":{"line":502,"column":34}},"252":{"start":{"line":503,"column":12},"end":{"line":503,"column":34}},"253":{"start":{"line":508,"column":23},"end":{"line":508,"column":24}},"254":{"start":{"line":509,"column":4},"end":{"line":564,"column":5}},"255":{"start":{"line":509,"column":17},"end":{"line":509,"column":18}},"256":{"start":{"line":510,"column":8},"end":{"line":563,"column":9}},"257":{"start":{"line":512,"column":16},"end":{"line":516,"column":37}},"258":{"start":{"line":518,"column":29},"end":{"line":518,"column":61}},"259":{"start":{"line":519,"column":24},"end":{"line":519,"column":46}},"260":{"start":{"line":521,"column":12},"end":{"line":522,"column":89}},"261":{"start":{"line":521,"column":25},"end":{"line":521,"column":72}},"262":{"start":{"line":522,"column":17},"end":{"line":522,"column":89}},"263":{"start":{"line":524,"column":12},"end":{"line":527,"column":15}},"264":{"start":{"line":532,"column":12},"end":{"line":532,"column":18}},"265":{"start":{"line":535,"column":24},"end":{"line":535,"column":34}},"266":{"start":{"line":536,"column":12},"end":{"line":536,"column":87}},"267":{"start":{"line":538,"column":12},"end":{"line":562,"column":13}},"268":{"start":{"line":540,"column":16},"end":{"line":540,"column":110}},"269":{"start":{"line":541,"column":16},"end":{"line":541,"column":60}},"270":{"start":{"line":541,"column":39},"end":{"line":541,"column":58}},"271":{"start":{"line":544,"column":32},"end":{"line":544,"column":55}},"272":{"start":{"line":545,"column":35},"end":{"line":549,"column":18}},"273":{"start":{"line":546,"column":33},"end":{"line":546,"column":41}},"274":{"start":{"line":547,"column":32},"end":{"line":547,"column":39}},"275":{"start":{"line":548,"column":20},"end":{"line":548,"column":145}},"276":{"start":{"line":551,"column":16},"end":{"line":559,"column":17}},"277":{"start":{"line":552,"column":41},"end":{"line":552,"column":64}},"278":{"start":{"line":553,"column":20},"end":{"line":558,"column":21}},"279":{"start":{"line":554,"column":24},"end":{"line":554,"column":44}},"280":{"start":{"line":555,"column":24},"end":{"line":555,"column":110}},"281":{"start":{"line":557,"column":24},"end":{"line":557,"column":54}},"282":{"start":{"line":560,"column":19},"end":{"line":562,"column":13}},"283":{"start":{"line":561,"column":16},"end":{"line":561,"column":72}},"284":{"start":{"line":567,"column":4},"end":{"line":571,"column":7}},"285":{"start":{"line":568,"column":8},"end":{"line":568,"column":71}},"286":{"start":{"line":569,"column":8},"end":{"line":570,"column":29}},"287":{"start":{"line":569,"column":28},"end":{"line":569,"column":45}},"288":{"start":{"line":570,"column":13},"end":{"line":570,"column":29}},"289":{"start":{"line":574,"column":25},"end":{"line":584,"column":5}},"290":{"start":{"line":575,"column":8},"end":{"line":583,"column":23}},"291":{"start":{"line":576,"column":12},"end":{"line":582,"column":13}},"292":{"start":{"line":577,"column":16},"end":{"line":581,"column":41}},"293":{"start":{"line":578,"column":20},"end":{"line":580,"column":24}},"294":{"start":{"line":586,"column":18},"end":{"line":603,"column":6}},"295":{"start":{"line":586,"column":29},"end":{"line":603,"column":6}},"296":{"start":{"line":587,"column":8},"end":{"line":587,"column":57}},"297":{"start":{"line":588,"column":8},"end":{"line":602,"column":23}},"298":{"start":{"line":590,"column":12},"end":{"line":592,"column":13}},"299":{"start":{"line":591,"column":16},"end":{"line":591,"column":58}},"300":{"start":{"line":591,"column":22},"end":{"line":591,"column":42}},"301":{"start":{"line":595,"column":12},"end":{"line":595,"column":33}},"302":{"start":{"line":598,"column":12},"end":{"line":598,"column":39}},"303":{"start":{"line":601,"column":12},"end":{"line":601,"column":42}},"304":{"start":{"line":605,"column":4},"end":{"line":610,"column":6}}},"fnMap":{"0":{"name":"launchBrowser","decl":{"start":{"line":43,"column":22},"end":{"line":43,"column":35}},"loc":{"start":{"line":43,"column":35},"end":{"line":611,"column":null}}},"1":{"name":"(anonymous_9)","decl":{"start":{"line":43,"column":36},"end":{"line":43,"column":50}},"loc":{"start":{"line":43,"column":219},"end":{"line":611,"column":1}}},"2":{"name":"(anonymous_10)","decl":{"start":{"line":85,"column":20},"end":{"line":85,"column":29}},"loc":{"start":{"line":85,"column":31},"end":{"line":98,"column":6}}},"3":{"name":"(anonymous_11)","decl":{"start":{"line":85,"column":31},"end":{"line":85,"column":null}},"loc":{"start":{"line":85,"column":31},"end":{"line":98,"column":5}}},"4":{"name":"(anonymous_12)","decl":{"start":{"line":89,"column":38},"end":{"line":89,"column":39}},"loc":{"start":{"line":89,"column":86},"end":{"line":94,"column":13}}},"5":{"name":"(anonymous_13)","decl":{"start":{"line":101,"column":29},"end":{"line":101,"column":36}},"loc":{"start":{"line":101,"column":41},"end":{"line":115,"column":6}}},"6":{"name":"(anonymous_14)","decl":{"start":{"line":101,"column":41},"end":{"line":101,"column":null}},"loc":{"start":{"line":101,"column":41},"end":{"line":115,"column":5}}},"7":{"name":"(anonymous_15)","decl":{"start":{"line":120,"column":35},"end":{"line":120,"column":42}},"loc":{"start":{"line":120,"column":95},"end":{"line":142,"column":6}}},"8":{"name":"(anonymous_16)","decl":{"start":{"line":120,"column":95},"end":{"line":120,"column":null}},"loc":{"start":{"line":120,"column":95},"end":{"line":142,"column":5}}},"9":{"name":"(anonymous_17)","decl":{"start":{"line":135,"column":38},"end":{"line":135,"column":39}},"loc":{"start":{"line":135,"column":88},"end":{"line":138,"column":13}}},"10":{"name":"(anonymous_18)","decl":{"start":{"line":144,"column":31},"end":{"line":144,"column":38}},"loc":{"start":{"line":144,"column":91},"end":{"line":153,"column":6}}},"11":{"name":"(anonymous_19)","decl":{"start":{"line":144,"column":91},"end":{"line":144,"column":null}},"loc":{"start":{"line":144,"column":91},"end":{"line":153,"column":5}}},"12":{"name":"(anonymous_20)","decl":{"start":{"line":146,"column":38},"end":{"line":146,"column":39}},"loc":{"start":{"line":146,"column":80},"end":{"line":149,"column":13}}},"13":{"name":"(anonymous_21)","decl":{"start":{"line":155,"column":35},"end":{"line":155,"column":42}},"loc":{"start":{"line":155,"column":84},"end":{"line":164,"column":6}}},"14":{"name":"(anonymous_22)","decl":{"start":{"line":155,"column":84},"end":{"line":155,"column":null}},"loc":{"start":{"line":155,"column":84},"end":{"line":164,"column":5}}},"15":{"name":"(anonymous_23)","decl":{"start":{"line":157,"column":38},"end":{"line":157,"column":39}},"loc":{"start":{"line":157,"column":79},"end":{"line":160,"column":13}}},"16":{"name":"(anonymous_24)","decl":{"start":{"line":169,"column":27},"end":{"line":169,"column":30}},"loc":{"start":{"line":169,"column":32},"end":{"line":175,"column":5}}},"17":{"name":"(anonymous_25)","decl":{"start":{"line":181,"column":8},"end":{"line":181,"column":11}},"loc":{"start":{"line":181,"column":14},"end":{"line":181,"column":25}}},"18":{"name":"(anonymous_26)","decl":{"start":{"line":183,"column":8},"end":{"line":183,"column":11}},"loc":{"start":{"line":183,"column":14},"end":{"line":183,"column":24}}},"19":{"name":"(anonymous_27)","decl":{"start":{"line":189,"column":8},"end":{"line":189,"column":11}},"loc":{"start":{"line":189,"column":14},"end":{"line":189,"column":18}}},"20":{"name":"(anonymous_28)","decl":{"start":{"line":195,"column":30},"end":{"line":195,"column":37}},"loc":{"start":{"line":195,"column":98},"end":{"line":205,"column":6}}},"21":{"name":"(anonymous_29)","decl":{"start":{"line":195,"column":98},"end":{"line":195,"column":null}},"loc":{"start":{"line":195,"column":98},"end":{"line":205,"column":5}}},"22":{"name":"(anonymous_30)","decl":{"start":{"line":234,"column":58},"end":{"line":234,"column":61}},"loc":{"start":{"line":234,"column":63},"end":{"line":237,"column":5}}},"23":{"name":"(anonymous_31)","decl":{"start":{"line":237,"column":13},"end":{"line":237,"column":16}},"loc":{"start":{"line":237,"column":18},"end":{"line":237,"column":22}}},"24":{"name":"(anonymous_32)","decl":{"start":{"line":242,"column":54},"end":{"line":242,"column":55}},"loc":{"start":{"line":242,"column":68},"end":{"line":250,"column":5}}},"25":{"name":"(anonymous_33)","decl":{"start":{"line":250,"column":33},"end":{"line":250,"column":34}},"loc":{"start":{"line":250,"column":48},"end":{"line":253,"column":5}}},"26":{"name":"(anonymous_34)","decl":{"start":{"line":269,"column":22},"end":{"line":269,"column":29}},"loc":{"start":{"line":269,"column":49},"end":{"line":475,"column":6}}},"27":{"name":"(anonymous_35)","decl":{"start":{"line":269,"column":49},"end":{"line":269,"column":null}},"loc":{"start":{"line":269,"column":49},"end":{"line":475,"column":5}}},"28":{"name":"(anonymous_36)","decl":{"start":{"line":280,"column":50},"end":{"line":280,"column":53}},"loc":{"start":{"line":280,"column":57},"end":{"line":280,"column":106}}},"29":{"name":"(anonymous_37)","decl":{"start":{"line":282,"column":34},"end":{"line":282,"column":35}},"loc":{"start":{"line":282,"column":39},"end":{"line":282,"column":57}}},"30":{"name":"(anonymous_38)","decl":{"start":{"line":294,"column":25},"end":{"line":294,"column":26}},"loc":{"start":{"line":294,"column":43},"end":{"line":294,"column":86}}},"31":{"name":"(anonymous_39)","decl":{"start":{"line":295,"column":28},"end":{"line":295,"column":29}},"loc":{"start":{"line":295,"column":51},"end":{"line":295,"column":100}}},"32":{"name":"(anonymous_40)","decl":{"start":{"line":297,"column":26},"end":{"line":297,"column":27}},"loc":{"start":{"line":297,"column":43},"end":{"line":297,"column":109}}},"33":{"name":"(anonymous_41)","decl":{"start":{"line":305,"column":33},"end":{"line":305,"column":39}},"loc":{"start":{"line":305,"column":45},"end":{"line":338,"column":10}}},"34":{"name":"(anonymous_42)","decl":{"start":{"line":305,"column":45},"end":{"line":305,"column":null}},"loc":{"start":{"line":305,"column":45},"end":{"line":338,"column":9}}},"35":{"name":"(anonymous_43)","decl":{"start":{"line":312,"column":62},"end":{"line":312,"column":65}},"loc":{"start":{"line":312,"column":69},"end":{"line":312,"column":84}}},"36":{"name":"(anonymous_44)","decl":{"start":{"line":313,"column":35},"end":{"line":313,"column":36}},"loc":{"start":{"line":313,"column":40},"end":{"line":313,"column":93}}},"37":{"name":"(anonymous_45)","decl":{"start":{"line":340,"column":35},"end":{"line":340,"column":36}},"loc":{"start":{"line":340,"column":52},"end":{"line":350,"column":9}}},"38":{"name":"(anonymous_46)","decl":{"start":{"line":352,"column":39},"end":{"line":352,"column":42}},"loc":{"start":{"line":352,"column":45},"end":{"line":363,"column":9}}},"39":{"name":"(anonymous_47)","decl":{"start":{"line":366,"column":61},"end":{"line":366,"column":68}},"loc":{"start":{"line":366,"column":106},"end":{"line":368,"column":10}}},"40":{"name":"(anonymous_48)","decl":{"start":{"line":366,"column":106},"end":{"line":366,"column":null}},"loc":{"start":{"line":366,"column":106},"end":{"line":368,"column":9}}},"41":{"name":"(anonymous_49)","decl":{"start":{"line":381,"column":47},"end":{"line":381,"column":50}},"loc":{"start":{"line":381,"column":52},"end":{"line":402,"column":9}}},"42":{"name":"(anonymous_50)","decl":{"start":{"line":382,"column":24},"end":{"line":382,"column":27}},"loc":{"start":{"line":382,"column":29},"end":{"line":385,"column":13}}},"43":{"name":"(anonymous_51)","decl":{"start":{"line":390,"column":32},"end":{"line":390,"column":null}},"loc":{"start":{"line":390,"column":32},"end":{"line":394,"column":13}}},"44":{"name":"(anonymous_52)","decl":{"start":{"line":397,"column":35},"end":{"line":397,"column":null}},"loc":{"start":{"line":397,"column":35},"end":{"line":401,"column":13}}},"45":{"name":"(anonymous_53)","decl":{"start":{"line":405,"column":23},"end":{"line":405,"column":30}},"loc":{"start":{"line":405,"column":46},"end":{"line":442,"column":10}}},"46":{"name":"(anonymous_54)","decl":{"start":{"line":405,"column":46},"end":{"line":405,"column":null}},"loc":{"start":{"line":405,"column":46},"end":{"line":442,"column":9}}},"47":{"name":"(anonymous_55)","decl":{"start":{"line":410,"column":23},"end":{"line":410,"column":32}},"loc":{"start":{"line":410,"column":34},"end":{"line":441,"column":15}}},"48":{"name":"(anonymous_56)","decl":{"start":{"line":410,"column":34},"end":{"line":410,"column":null}},"loc":{"start":{"line":410,"column":34},"end":{"line":441,"column":13}}},"49":{"name":"(anonymous_57)","decl":{"start":{"line":413,"column":62},"end":{"line":413,"column":65}},"loc":{"start":{"line":413,"column":67},"end":{"line":429,"column":21}}},"50":{"name":"(anonymous_58)","decl":{"start":{"line":420,"column":62},"end":{"line":420,"column":63}},"loc":{"start":{"line":420,"column":67},"end":{"line":420,"column":118}}},"51":{"name":"(anonymous_59)","decl":{"start":{"line":421,"column":64},"end":{"line":421,"column":65}},"loc":{"start":{"line":421,"column":69},"end":{"line":421,"column":122}}},"52":{"name":"(anonymous_60)","decl":{"start":{"line":444,"column":62},"end":{"line":444,"column":69}},"loc":{"start":{"line":444,"column":85},"end":{"line":446,"column":10}}},"53":{"name":"(anonymous_61)","decl":{"start":{"line":444,"column":85},"end":{"line":444,"column":null}},"loc":{"start":{"line":444,"column":85},"end":{"line":446,"column":9}}},"54":{"name":"(anonymous_62)","decl":{"start":{"line":456,"column":29},"end":{"line":456,"column":36}},"loc":{"start":{"line":456,"column":52},"end":{"line":458,"column":null}}},"55":{"name":"(anonymous_63)","decl":{"start":{"line":456,"column":52},"end":{"line":456,"column":null}},"loc":{"start":{"line":456,"column":52},"end":{"line":458,"column":13}}},"56":{"name":"(anonymous_64)","decl":{"start":{"line":459,"column":29},"end":{"line":459,"column":38}},"loc":{"start":{"line":459,"column":40},"end":{"line":461,"column":null}}},"57":{"name":"(anonymous_65)","decl":{"start":{"line":459,"column":40},"end":{"line":459,"column":null}},"loc":{"start":{"line":459,"column":40},"end":{"line":461,"column":13}}},"58":{"name":"(anonymous_66)","decl":{"start":{"line":462,"column":27},"end":{"line":462,"column":36}},"loc":{"start":{"line":462,"column":38},"end":{"line":462,"column":null}}},"59":{"name":"(anonymous_67)","decl":{"start":{"line":462,"column":38},"end":{"line":462,"column":39}},"loc":{"start":{"line":462,"column":38},"end":{"line":462,"column":null}}},"60":{"name":"(anonymous_68)","decl":{"start":{"line":481,"column":32},"end":{"line":481,"column":39}},"loc":{"start":{"line":481,"column":57},"end":{"line":497,"column":6}}},"61":{"name":"(anonymous_69)","decl":{"start":{"line":481,"column":57},"end":{"line":481,"column":null}},"loc":{"start":{"line":481,"column":57},"end":{"line":497,"column":5}}},"62":{"name":"(anonymous_70)","decl":{"start":{"line":499,"column":34},"end":{"line":499,"column":41}},"loc":{"start":{"line":499,"column":59},"end":{"line":505,"column":6}}},"63":{"name":"(anonymous_71)","decl":{"start":{"line":499,"column":59},"end":{"line":499,"column":null}},"loc":{"start":{"line":499,"column":59},"end":{"line":505,"column":5}}},"64":{"name":"(anonymous_72)","decl":{"start":{"line":541,"column":34},"end":{"line":541,"column":35}},"loc":{"start":{"line":541,"column":39},"end":{"line":541,"column":58}}},"65":{"name":"(anonymous_73)","decl":{"start":{"line":545,"column":48},"end":{"line":545,"column":49}},"loc":{"start":{"line":545,"column":62},"end":{"line":549,"column":17}}},"66":{"name":"(anonymous_74)","decl":{"start":{"line":567,"column":31},"end":{"line":567,"column":34}},"loc":{"start":{"line":567,"column":36},"end":{"line":571,"column":5}}},"67":{"name":"(anonymous_75)","decl":{"start":{"line":574,"column":25},"end":{"line":574,"column":26}},"loc":{"start":{"line":574,"column":41},"end":{"line":584,"column":5}}},"68":{"name":"(anonymous_76)","decl":{"start":{"line":577,"column":30},"end":{"line":577,"column":31}},"loc":{"start":{"line":577,"column":44},"end":{"line":581,"column":17}}},"69":{"name":"(anonymous_77)","decl":{"start":{"line":581,"column":30},"end":{"line":581,"column":33}},"loc":{"start":{"line":581,"column":35},"end":{"line":581,"column":39}}},"70":{"name":"(anonymous_78)","decl":{"start":{"line":586,"column":18},"end":{"line":586,"column":27}},"loc":{"start":{"line":586,"column":29},"end":{"line":603,"column":6}}},"71":{"name":"(anonymous_79)","decl":{"start":{"line":586,"column":29},"end":{"line":586,"column":null}},"loc":{"start":{"line":586,"column":29},"end":{"line":603,"column":5}}}},"branchMap":{"0":{"loc":{"start":{"line":43,"column":92},"end":{"line":43,"column":135}},"type":"default-arg","locations":[{"start":{"line":43,"column":124},"end":{"line":43,"column":135}}]},"1":{"loc":{"start":{"line":43,"column":166},"end":{"line":43,"column":193}},"type":"default-arg","locations":[{"start":{"line":43,"column":191},"end":{"line":43,"column":193}}]},"2":{"loc":{"start":{"line":43,"column":195},"end":{"line":43,"column":219}},"type":"default-arg","locations":[{"start":{"line":43,"column":217},"end":{"line":43,"column":219}}]},"3":{"loc":{"start":{"line":91,"column":16},"end":{"line":91,"column":84}},"type":"if","locations":[{"start":{"line":91,"column":16},"end":{"line":91,"column":84}},{"start":{},"end":{}}]},"4":{"loc":{"start":{"line":93,"column":16},"end":{"line":93,"column":72}},"type":"if","locations":[{"start":{"line":93,"column":16},"end":{"line":93,"column":72}},{"start":{},"end":{}}]},"5":{"loc":{"start":{"line":105,"column":31},"end":{"line":105,"column":45}},"type":"binary-expr","locations":[{"start":{"line":105,"column":31},"end":{"line":105,"column":39}},{"start":{"line":105,"column":43},"end":{"line":105,"column":45}}]},"6":{"loc":{"start":{"line":106,"column":32},"end":{"line":106,"column":47}},"type":"binary-expr","locations":[{"start":{"line":106,"column":32},"end":{"line":106,"column":41}},{"start":{"line":106,"column":45},"end":{"line":106,"column":47}}]},"7":{"loc":{"start":{"line":107,"column":30},"end":{"line":107,"column":42}},"type":"binary-expr","locations":[{"start":{"line":107,"column":30},"end":{"line":107,"column":37}},{"start":{"line":107,"column":41},"end":{"line":107,"column":42}}]},"8":{"loc":{"start":{"line":108,"column":34},"end":{"line":108,"column":59}},"type":"binary-expr","locations":[{"start":{"line":108,"column":34},"end":{"line":108,"column":45}},{"start":{"line":108,"column":49},"end":{"line":108,"column":59}}]},"9":{"loc":{"start":{"line":109,"column":28},"end":{"line":109,"column":39}},"type":"binary-expr","locations":[{"start":{"line":109,"column":28},"end":{"line":109,"column":33}},{"start":{"line":109,"column":37},"end":{"line":109,"column":39}}]},"10":{"loc":{"start":{"line":123,"column":27},"end":{"line":123,"column":76}},"type":"binary-expr","locations":[{"start":{"line":123,"column":27},"end":{"line":123,"column":33}},{"start":{"line":123,"column":37},"end":{"line":123,"column":76}}]},"11":{"loc":{"start":{"line":124,"column":28},"end":{"line":124,"column":41}},"type":"binary-expr","locations":[{"start":{"line":124,"column":28},"end":{"line":124,"column":35}},{"start":{"line":124,"column":39},"end":{"line":124,"column":41}}]},"12":{"loc":{"start":{"line":125,"column":31},"end":{"line":125,"column":50}},"type":"binary-expr","locations":[{"start":{"line":125,"column":31},"end":{"line":125,"column":41}},{"start":{"line":125,"column":45},"end":{"line":125,"column":50}}]},"13":{"loc":{"start":{"line":126,"column":31},"end":{"line":126,"column":46}},"type":"binary-expr","locations":[{"start":{"line":126,"column":31},"end":{"line":126,"column":41}},{"start":{"line":126,"column":45},"end":{"line":126,"column":46}}]},"14":{"loc":{"start":{"line":127,"column":29},"end":{"line":127,"column":48}},"type":"binary-expr","locations":[{"start":{"line":127,"column":29},"end":{"line":127,"column":37}},{"start":{"line":127,"column":41},"end":{"line":127,"column":48}}]},"15":{"loc":{"start":{"line":128,"column":29},"end":{"line":128,"column":42}},"type":"binary-expr","locations":[{"start":{"line":128,"column":29},"end":{"line":128,"column":37}},{"start":{"line":128,"column":41},"end":{"line":128,"column":42}}]},"16":{"loc":{"start":{"line":129,"column":29},"end":{"line":129,"column":42}},"type":"binary-expr","locations":[{"start":{"line":129,"column":29},"end":{"line":129,"column":37}},{"start":{"line":129,"column":41},"end":{"line":129,"column":42}}]},"17":{"loc":{"start":{"line":130,"column":28},"end":{"line":130,"column":48}},"type":"binary-expr","locations":[{"start":{"line":130,"column":28},"end":{"line":130,"column":42}},{"start":{"line":130,"column":46},"end":{"line":130,"column":48}}]},"18":{"loc":{"start":{"line":131,"column":28},"end":{"line":131,"column":48}},"type":"binary-expr","locations":[{"start":{"line":131,"column":28},"end":{"line":131,"column":42}},{"start":{"line":131,"column":46},"end":{"line":131,"column":48}}]},"19":{"loc":{"start":{"line":132,"column":22},"end":{"line":132,"column":36}},"type":"binary-expr","locations":[{"start":{"line":132,"column":22},"end":{"line":132,"column":30}},{"start":{"line":132,"column":34},"end":{"line":132,"column":36}}]},"20":{"loc":{"start":{"line":137,"column":16},"end":{"line":137,"column":85}},"type":"if","locations":[{"start":{"line":137,"column":16},"end":{"line":137,"column":85}},{"start":{},"end":{}}]},"21":{"loc":{"start":{"line":138,"column":18},"end":{"line":138,"column":33}},"type":"binary-expr","locations":[{"start":{"line":138,"column":18},"end":{"line":138,"column":27}},{"start":{"line":138,"column":31},"end":{"line":138,"column":33}}]},"22":{"loc":{"start":{"line":148,"column":16},"end":{"line":148,"column":71}},"type":"if","locations":[{"start":{"line":148,"column":16},"end":{"line":148,"column":71}},{"start":{},"end":{}}]},"23":{"loc":{"start":{"line":149,"column":22},"end":{"line":149,"column":39}},"type":"binary-expr","locations":[{"start":{"line":149,"column":22},"end":{"line":149,"column":33}},{"start":{"line":149,"column":37},"end":{"line":149,"column":39}}]},"24":{"loc":{"start":{"line":159,"column":16},"end":{"line":159,"column":77}},"type":"if","locations":[{"start":{"line":159,"column":16},"end":{"line":159,"column":77}},{"start":{},"end":{}}]},"25":{"loc":{"start":{"line":160,"column":18},"end":{"line":160,"column":31}},"type":"binary-expr","locations":[{"start":{"line":160,"column":18},"end":{"line":160,"column":25}},{"start":{"line":160,"column":29},"end":{"line":160,"column":31}}]},"26":{"loc":{"start":{"line":170,"column":35},"end":{"line":170,"column":104}},"type":"binary-expr","locations":[{"start":{"line":170,"column":35},"end":{"line":170,"column":98}},{"start":{"line":170,"column":102},"end":{"line":170,"column":104}}]},"27":{"loc":{"start":{"line":171,"column":8},"end":{"line":174,"column":9}},"type":"if","locations":[{"start":{"line":171,"column":8},"end":{"line":174,"column":9}},{"start":{},"end":{}}]},"28":{"loc":{"start":{"line":171,"column":12},"end":{"line":171,"column":56}},"type":"binary-expr","locations":[{"start":{"line":171,"column":12},"end":{"line":171,"column":22}},{"start":{"line":171,"column":26},"end":{"line":171,"column":56}}]},"29":{"loc":{"start":{"line":211,"column":8},"end":{"line":214,"column":9}},"type":"if","locations":[{"start":{"line":211,"column":8},"end":{"line":214,"column":9}},{"start":{},"end":{}}]},"30":{"loc":{"start":{"line":219,"column":4},"end":{"line":227,"column":5}},"type":"if","locations":[{"start":{"line":219,"column":4},"end":{"line":227,"column":5}},{"start":{},"end":{}}]},"31":{"loc":{"start":{"line":246,"column":8},"end":{"line":248,"column":9}},"type":"if","locations":[{"start":{"line":246,"column":8},"end":{"line":248,"column":9}},{"start":{},"end":{}}]},"32":{"loc":{"start":{"line":249,"column":15},"end":{"line":249,"column":80}},"type":"binary-expr","locations":[{"start":{"line":249,"column":15},"end":{"line":249,"column":33}},{"start":{"line":249,"column":38},"end":{"line":249,"column":54}},{"start":{"line":249,"column":58},"end":{"line":249,"column":79}}]},"33":{"loc":{"start":{"line":257,"column":4},"end":{"line":259,"column":5}},"type":"if","locations":[{"start":{"line":257,"column":4},"end":{"line":259,"column":5}},{"start":{},"end":{}}]},"34":{"loc":{"start":{"line":270,"column":8},"end":{"line":270,"column":48}},"type":"if","locations":[{"start":{"line":270,"column":8},"end":{"line":270,"column":48}},{"start":{},"end":{}}]},"35":{"loc":{"start":{"line":280,"column":24},"end":{"line":280,"column":113}},"type":"binary-expr","locations":[{"start":{"line":280,"column":24},"end":{"line":280,"column":107}},{"start":{"line":280,"column":111},"end":{"line":280,"column":113}}]},"36":{"loc":{"start":{"line":281,"column":16},"end":{"line":281,"column":33}},"type":"if","locations":[{"start":{"line":281,"column":16},"end":{"line":281,"column":33}},{"start":{},"end":{}}]},"37":{"loc":{"start":{"line":286,"column":8},"end":{"line":289,"column":9}},"type":"if","locations":[{"start":{"line":286,"column":8},"end":{"line":289,"column":9}},{"start":{},"end":{}}]},"38":{"loc":{"start":{"line":313,"column":40},"end":{"line":313,"column":93}},"type":"cond-expr","locations":[{"start":{"line":313,"column":64},"end":{"line":313,"column":81}},{"start":{"line":313,"column":84},"end":{"line":313,"column":93}}]},"39":{"loc":{"start":{"line":315,"column":26},"end":{"line":315,"column":42}},"type":"binary-expr","locations":[{"start":{"line":315,"column":26},"end":{"line":315,"column":36}},{"start":{"line":315,"column":40},"end":{"line":315,"column":42}}]},"40":{"loc":{"start":{"line":319,"column":12},"end":{"line":319,"column":33}},"type":"if","locations":[{"start":{"line":319,"column":12},"end":{"line":319,"column":33}},{"start":{},"end":{}}]},"41":{"loc":{"start":{"line":322,"column":23},"end":{"line":322,"column":68}},"type":"cond-expr","locations":[{"start":{"line":322,"column":55},"end":{"line":322,"column":60}},{"start":{"line":322,"column":63},"end":{"line":322,"column":68}}]},"42":{"loc":{"start":{"line":329,"column":12},"end":{"line":337,"column":13}},"type":"if","locations":[{"start":{"line":329,"column":12},"end":{"line":337,"column":13}},{"start":{},"end":{}}]},"43":{"loc":{"start":{"line":329,"column":16},"end":{"line":329,"column":53}},"type":"binary-expr","locations":[{"start":{"line":329,"column":16},"end":{"line":329,"column":32}},{"start":{"line":329,"column":36},"end":{"line":329,"column":53}}]},"44":{"loc":{"start":{"line":333,"column":27},"end":{"line":333,"column":52}},"type":"cond-expr","locations":[{"start":{"line":333,"column":47},"end":{"line":333,"column":48}},{"start":{"line":333,"column":51},"end":{"line":333,"column":52}}]},"45":{"loc":{"start":{"line":344,"column":25},"end":{"line":344,"column":55}},"type":"binary-expr","locations":[{"start":{"line":344,"column":25},"end":{"line":344,"column":38}},{"start":{"line":344,"column":42},"end":{"line":344,"column":55}}]},"46":{"loc":{"start":{"line":354,"column":12},"end":{"line":362,"column":13}},"type":"if","locations":[{"start":{"line":354,"column":12},"end":{"line":362,"column":13}},{"start":{},"end":{}}]},"47":{"loc":{"start":{"line":354,"column":16},"end":{"line":354,"column":67}},"type":"binary-expr","locations":[{"start":{"line":354,"column":16},"end":{"line":354,"column":23}},{"start":{"line":354,"column":27},"end":{"line":354,"column":67}}]},"48":{"loc":{"start":{"line":384,"column":16},"end":{"line":384,"column":95}},"type":"if","locations":[{"start":{"line":384,"column":16},"end":{"line":384,"column":95}},{"start":{},"end":{}}]},"49":{"loc":{"start":{"line":406,"column":31},"end":{"line":406,"column":54}},"type":"binary-expr","locations":[{"start":{"line":406,"column":31},"end":{"line":406,"column":34}},{"start":{"line":406,"column":38},"end":{"line":406,"column":54}}]},"50":{"loc":{"start":{"line":407,"column":12},"end":{"line":407,"column":68}},"type":"if","locations":[{"start":{"line":407,"column":12},"end":{"line":407,"column":68}},{"start":{},"end":{}}]},"51":{"loc":{"start":{"line":407,"column":16},"end":{"line":407,"column":59}},"type":"binary-expr","locations":[{"start":{"line":407,"column":16},"end":{"line":407,"column":27}},{"start":{"line":407,"column":31},"end":{"line":407,"column":59}}]},"52":{"loc":{"start":{"line":411,"column":16},"end":{"line":411,"column":50}},"type":"if","locations":[{"start":{"line":411,"column":16},"end":{"line":411,"column":50}},{"start":{},"end":{}}]},"53":{"loc":{"start":{"line":415,"column":41},"end":{"line":415,"column":102}},"type":"cond-expr","locations":[{"start":{"line":415,"column":51},"end":{"line":415,"column":97}},{"start":{"line":415,"column":101},"end":{"line":415,"column":102}}]},"54":{"loc":{"start":{"line":415,"column":51},"end":{"line":415,"column":97}},"type":"binary-expr","locations":[{"start":{"line":415,"column":51},"end":{"line":415,"column":70}},{"start":{"line":415,"column":74},"end":{"line":415,"column":92}},{"start":{"line":415,"column":96},"end":{"line":415,"column":97}}]},"55":{"loc":{"start":{"line":432,"column":20},"end":{"line":435,"column":21}},"type":"if","locations":[{"start":{"line":432,"column":20},"end":{"line":435,"column":21}},{"start":{},"end":{}}]},"56":{"loc":{"start":{"line":433,"column":24},"end":{"line":433,"column":74}},"type":"if","locations":[{"start":{"line":433,"column":24},"end":{"line":433,"column":74}},{"start":{},"end":{}}]},"57":{"loc":{"start":{"line":434,"column":24},"end":{"line":434,"column":72}},"type":"if","locations":[{"start":{"line":434,"column":24},"end":{"line":434,"column":72}},{"start":{},"end":{}}]},"58":{"loc":{"start":{"line":478,"column":4},"end":{"line":478,"column":36}},"type":"if","locations":[{"start":{"line":478,"column":4},"end":{"line":478,"column":36}},{"start":{},"end":{}}]},"59":{"loc":{"start":{"line":484,"column":8},"end":{"line":496,"column":9}},"type":"if","locations":[{"start":{"line":484,"column":8},"end":{"line":496,"column":9}},{"start":{},"end":{}}]},"60":{"loc":{"start":{"line":484,"column":12},"end":{"line":484,"column":127}},"type":"binary-expr","locations":[{"start":{"line":484,"column":13},"end":{"line":484,"column":28}},{"start":{"line":484,"column":32},"end":{"line":484,"column":50}},{"start":{"line":484,"column":54},"end":{"line":484,"column":70}},{"start":{"line":484,"column":75},"end":{"line":484,"column":102}},{"start":{"line":484,"column":106},"end":{"line":484,"column":127}}]},"61":{"loc":{"start":{"line":486,"column":12},"end":{"line":495,"column":13}},"type":"if","locations":[{"start":{"line":486,"column":12},"end":{"line":495,"column":13}},{"start":{},"end":{}}]},"62":{"loc":{"start":{"line":501,"column":8},"end":{"line":504,"column":9}},"type":"if","locations":[{"start":{"line":501,"column":8},"end":{"line":504,"column":9}},{"start":{},"end":{}}]},"63":{"loc":{"start":{"line":512,"column":16},"end":{"line":516,"column":37}},"type":"binary-expr","locations":[{"start":{"line":512,"column":16},"end":{"line":512,"column":44}},{"start":{"line":513,"column":16},"end":{"line":513,"column":41}},{"start":{"line":514,"column":16},"end":{"line":514,"column":41}},{"start":{"line":515,"column":16},"end":{"line":515,"column":40}},{"start":{"line":516,"column":16},"end":{"line":516,"column":37}}]},"64":{"loc":{"start":{"line":518,"column":29},"end":{"line":518,"column":61}},"type":"cond-expr","locations":[{"start":{"line":518,"column":39},"end":{"line":518,"column":48}},{"start":{"line":518,"column":51},"end":{"line":518,"column":61}}]},"65":{"loc":{"start":{"line":521,"column":12},"end":{"line":522,"column":89}},"type":"if","locations":[{"start":{"line":521,"column":12},"end":{"line":522,"column":89}},{"start":{"line":522,"column":17},"end":{"line":522,"column":89}}]},"66":{"loc":{"start":{"line":538,"column":12},"end":{"line":562,"column":13}},"type":"if","locations":[{"start":{"line":538,"column":12},"end":{"line":562,"column":13}},{"start":{"line":560,"column":19},"end":{"line":562,"column":13}}]},"67":{"loc":{"start":{"line":538,"column":16},"end":{"line":538,"column":137}},"type":"binary-expr","locations":[{"start":{"line":538,"column":16},"end":{"line":538,"column":54}},{"start":{"line":538,"column":58},"end":{"line":538,"column":95}},{"start":{"line":538,"column":99},"end":{"line":538,"column":137}}]},"68":{"loc":{"start":{"line":548,"column":27},"end":{"line":548,"column":144}},"type":"binary-expr","locations":[{"start":{"line":548,"column":27},"end":{"line":548,"column":45}},{"start":{"line":548,"column":50},"end":{"line":548,"column":66}},{"start":{"line":548,"column":70},"end":{"line":548,"column":91}},{"start":{"line":548,"column":97},"end":{"line":548,"column":112}},{"start":{"line":548,"column":116},"end":{"line":548,"column":143}}]},"69":{"loc":{"start":{"line":551,"column":16},"end":{"line":559,"column":17}},"type":"if","locations":[{"start":{"line":551,"column":16},"end":{"line":559,"column":17}},{"start":{},"end":{}}]},"70":{"loc":{"start":{"line":553,"column":20},"end":{"line":558,"column":21}},"type":"if","locations":[{"start":{"line":553,"column":20},"end":{"line":558,"column":21}},{"start":{},"end":{}}]},"71":{"loc":{"start":{"line":560,"column":19},"end":{"line":562,"column":13}},"type":"if","locations":[{"start":{"line":560,"column":19},"end":{"line":562,"column":13}},{"start":{},"end":{}}]},"72":{"loc":{"start":{"line":569,"column":8},"end":{"line":570,"column":29}},"type":"if","locations":[{"start":{"line":569,"column":8},"end":{"line":570,"column":29}},{"start":{"line":570,"column":13},"end":{"line":570,"column":29}}]},"73":{"loc":{"start":{"line":576,"column":12},"end":{"line":582,"column":13}},"type":"if","locations":[{"start":{"line":576,"column":12},"end":{"line":582,"column":13}},{"start":{},"end":{}}]},"74":{"loc":{"start":{"line":576,"column":16},"end":{"line":576,"column":40}},"type":"binary-expr","locations":[{"start":{"line":576,"column":16},"end":{"line":576,"column":20}},{"start":{"line":576,"column":24},"end":{"line":576,"column":40}}]}},"s":{"0":0,"1":0,"2":0,"3":0,"4":0,"5":0,"6":0,"7":0,"8":0,"9":0,"10":0,"11":0,"12":0,"13":0,"14":0,"15":0,"16":0,"17":0,"18":0,"19":0,"20":0,"21":0,"22":0,"23":0,"24":0,"25":0,"26":0,"27":0,"28":0,"29":0,"30":0,"31":0,"32":0,"33":0,"34":0,"35":0,"36":0,"37":0,"38":0,"39":0,"40":0,"41":0,"42":0,"43":0,"44":0,"45":0,"46":0,"47":0,"48":0,"49":0,"50":0,"51":0,"52":0,"53":0,"54":0,"55":0,"56":0,"57":0,"58":0,"59":0,"60":0,"61":0,"62":0,"63":0,"64":0,"65":0,"66":0,"67":0,"68":0,"69":0,"70":0,"71":0,"72":0,"73":0,"74":0,"75":0,"76":0,"77":0,"78":0,"79":0,"80":0,"81":0,"82":0,"83":0,"84":0,"85":0,"86":0,"87":0,"88":0,"89":0,"90":0,"91":0,"92":0,"93":0,"94":0,"95":0,"96":0,"97":0,"98":0,"99":0,"100":0,"101":0,"102":0,"103":0,"104":0,"105":0,"106":0,"107":0,"108":0,"109":0,"110":0,"111":0,"112":0,"113":0,"114":0,"115":0,"116":0,"117":0,"118":0,"119":0,"120":0,"121":0,"122":0,"123":0,"124":0,"125":0,"126":0,"127":0,"128":0,"129":0,"130":0,"131":0,"132":0,"133":0,"134":0,"135":0,"136":0,"137":0,"138":0,"139":0,"140":0,"141":0,"142":0,"143":0,"144":0,"145":0,"146":0,"147":0,"148":0,"149":0,"150":0,"151":0,"152":0,"153":0,"154":0,"155":0,"156":0,"157":0,"158":0,"159":0,"160":0,"161":0,"162":0,"163":0,"164":0,"165":0,"166":0,"167":0,"168":0,"169":0,"170":0,"171":0,"172":0,"173":0,"174":0,"175":0,"176":0,"177":0,"178":0,"179":0,"180":0,"181":0,"182":0,"183":0,"184":0,"185":0,"186":0,"187":0,"188":0,"189":0,"190":0,"191":0,"192":0,"193":0,"194":0,"195":0,"196":0,"197":0,"198":0,"199":0,"200":0,"201":0,"202":0,"203":0,"204":0,"205":0,"206":0,"207":0,"208":0,"209":0,"210":0,"211":0,"212":0,"213":0,"214":0,"215":0,"216":0,"217":0,"218":0,"219":0,"220":0,"221":0,"222":0,"223":0,"224":0,"225":0,"226":0,"227":0,"228":0,"229":0,"230":0,"231":0,"232":0,"233":0,"234":0,"235":0,"236":0,"237":0,"238":0,"239":0,"240":0,"241":0,"242":0,"243":0,"244":0,"245":0,"246":0,"247":0,"248":0,"249":0,"250":0,"251":0,"252":0,"253":0,"254":0,"255":0,"256":0,"257":0,"258":0,"259":0,"260":0,"261":0,"262":0,"263":0,"264":0,"265":0,"266":0,"267":0,"268":0,"269":0,"270":0,"271":0,"272":0,"273":0,"274":0,"275":0,"276":0,"277":0,"278":0,"279":0,"280":0,"281":0,"282":0,"283":0,"284":0,"285":0,"286":0,"287":0,"288":0,"289":0,"290":0,"291":0,"292":0,"293":0,"294":0,"295":0,"296":0,"297":0,"298":0,"299":0,"300":0,"301":0,"302":0,"303":0,"304":0},"f":{"0":0,"1":0,"2":0,"3":0,"4":0,"5":0,"6":0,"7":0,"8":0,"9":0,"10":0,"11":0,"12":0,"13":0,"14":0,"15":0,"16":0,"17":0,"18":0,"19":0,"20":0,"21":0,"22":0,"23":0,"24":0,"25":0,"26":0,"27":0,"28":0,"29":0,"30":0,"31":0,"32":0,"33":0,"34":0,"35":0,"36":0,"37":0,"38":0,"39":0,"40":0,"41":0,"42":0,"43":0,"44":0,"45":0,"46":0,"47":0,"48":0,"49":0,"50":0,"51":0,"52":0,"53":0,"54":0,"55":0,"56":0,"57":0,"58":0,"59":0,"60":0,"61":0,"62":0,"63":0,"64":0,"65":0,"66":0,"67":0,"68":0,"69":0,"70":0,"71":0},"b":{"0":[0],"1":[0],"2":[0],"3":[0,0],"4":[0,0],"5":[0,0],"6":[0,0],"7":[0,0],"8":[0,0],"9":[0,0],"10":[0,0],"11":[0,0],"12":[0,0],"13":[0,0],"14":[0,0],"15":[0,0],"16":[0,0],"17":[0,0],"18":[0,0],"19":[0,0],"20":[0,0],"21":[0,0],"22":[0,0],"23":[0,0],"24":[0,0],"25":[0,0],"26":[0,0],"27":[0,0],"28":[0,0],"29":[0,0],"30":[0,0],"31":[0,0],"32":[0,0,0],"33":[0,0],"34":[0,0],"35":[0,0],"36":[0,0],"37":[0,0],"38":[0,0],"39":[0,0],"40":[0,0],"41":[0,0],"42":[0,0],"43":[0,0],"44":[0,0],"45":[0,0],"46":[0,0],"47":[0,0],"48":[0,0],"49":[0,0],"50":[0,0],"51":[0,0],"52":[0,0],"53":[0,0],"54":[0,0,0],"55":[0,0],"56":[0,0],"57":[0,0],"58":[0,0],"59":[0,0],"60":[0,0,0,0,0],"61":[0,0],"62":[0,0],"63":[0,0,0,0,0],"64":[0,0],"65":[0,0],"66":[0,0],"67":[0,0,0],"68":[0,0,0,0,0],"69":[0,0],"70":[0,0],"71":[0,0],"72":[0,0],"73":[0,0],"74":[0,0]}}
,"D:\\Atlas\\src\\cli\\init.ts": {"path":"D:\\Atlas\\src\\cli\\init.ts","statementMap":{"0":{"start":{"line":37,"column":0},"end":{"line":37,"column":22}},"1":{"start":{"line":1,"column":0},"end":{"line":1,"column":20}},"2":{"start":{"line":2,"column":0},"end":{"line":2,"column":24}},"3":{"start":{"line":5,"column":4},"end":{"line":33,"column":7}},"4":{"start":{"line":6,"column":8},"end":{"line":6,"column":41}},"5":{"start":{"line":9,"column":8},"end":{"line":19,"column":9}},"6":{"start":{"line":10,"column":23},"end":{"line":13,"column":14}},"7":{"start":{"line":14,"column":12},"end":{"line":17,"column":15}},"8":{"start":{"line":15,"column":16},"end":{"line":15,"column":27}},"9":{"start":{"line":16,"column":16},"end":{"line":16,"column":39}},"10":{"start":{"line":18,"column":12},"end":{"line":18,"column":19}},"11":{"start":{"line":22,"column":8},"end":{"line":32,"column":9}},"12":{"start":{"line":23,"column":23},"end":{"line":23,"column":54}},"13":{"start":{"line":24,"column":24},"end":{"line":24,"column":41}},"14":{"start":{"line":25,"column":30},"end":{"line":25,"column":64}},"15":{"start":{"line":26,"column":12},"end":{"line":26,"column":29}},"16":{"start":{"line":27,"column":12},"end":{"line":27,"column":63}},"17":{"start":{"line":30,"column":12},"end":{"line":30,"column":130}},"18":{"start":{"line":31,"column":12},"end":{"line":31,"column":28}},"19":{"start":{"line":38,"column":24},"end":{"line":38,"column":37}},"20":{"start":{"line":39,"column":23},"end":{"line":39,"column":66}},"21":{"start":{"line":42,"column":4},"end":{"line":46,"column":5}},"22":{"start":{"line":43,"column":8},"end":{"line":43,"column":100}},"23":{"start":{"line":44,"column":8},"end":{"line":44,"column":95}},"24":{"start":{"line":45,"column":8},"end":{"line":45,"column":15}},"25":{"start":{"line":49,"column":24},"end":{"line":49,"column":54}},"26":{"start":{"line":50,"column":4},"end":{"line":50,"column":80}},"27":{"start":{"line":52,"column":23},"end":{"line":52,"column":45}},"28":{"start":{"line":54,"column":4},"end":{"line":64,"column":5}},"29":{"start":{"line":55,"column":22},"end":{"line":55,"column":27}},"30":{"start":{"line":56,"column":8},"end":{"line":63,"column":9}},"31":{"start":{"line":57,"column":12},"end":{"line":57,"column":98}},"32":{"start":{"line":58,"column":12},"end":{"line":62,"column":13}},"33":{"start":{"line":59,"column":16},"end":{"line":59,"column":31}},"34":{"start":{"line":61,"column":16},"end":{"line":61,"column":69}},"35":{"start":{"line":67,"column":19},"end":{"line":73,"column":6}},"36":{"start":{"line":75,"column":4},"end":{"line":89,"column":5}},"37":{"start":{"line":76,"column":8},"end":{"line":76,"column":77}},"38":{"start":{"line":77,"column":8},"end":{"line":77,"column":74}},"39":{"start":{"line":78,"column":8},"end":{"line":78,"column":63}},"40":{"start":{"line":79,"column":8},"end":{"line":79,"column":40}},"41":{"start":{"line":80,"column":8},"end":{"line":80,"column":48}},"42":{"start":{"line":81,"column":8},"end":{"line":81,"column":51}},"43":{"start":{"line":82,"column":8},"end":{"line":82,"column":55}},"44":{"start":{"line":83,"column":8},"end":{"line":83,"column":46}},"45":{"start":{"line":84,"column":8},"end":{"line":84,"column":48}},"46":{"start":{"line":85,"column":8},"end":{"line":85,"column":69}},"47":{"start":{"line":87,"column":8},"end":{"line":87,"column":112}},"48":{"start":{"line":88,"column":8},"end":{"line":88,"column":24}},"49":{"start":{"line":93,"column":4},"end":{"line":97,"column":5}},"50":{"start":{"line":94,"column":25},"end":{"line":94,"column":94}},"51":{"start":{"line":95,"column":8},"end":{"line":95,"column":84}},"52":{"start":{"line":95,"column":71},"end":{"line":95,"column":84}},"53":{"start":{"line":96,"column":8},"end":{"line":96,"column":21}},"54":{"start":{"line":99,"column":4},"end":{"line":110,"column":5}},"55":{"start":{"line":100,"column":20},"end":{"line":100,"column":88}},"56":{"start":{"line":101,"column":18},"end":{"line":101,"column":68}},"57":{"start":{"line":103,"column":8},"end":{"line":103,"column":40}},"58":{"start":{"line":103,"column":26},"end":{"line":103,"column":40}},"59":{"start":{"line":104,"column":8},"end":{"line":104,"column":42}},"60":{"start":{"line":104,"column":27},"end":{"line":104,"column":42}},"61":{"start":{"line":105,"column":8},"end":{"line":105,"column":38}},"62":{"start":{"line":105,"column":25},"end":{"line":105,"column":38}},"63":{"start":{"line":106,"column":8},"end":{"line":106,"column":52}},"64":{"start":{"line":106,"column":35},"end":{"line":106,"column":52}},"65":{"start":{"line":107,"column":8},"end":{"line":107,"column":51}},"66":{"start":{"line":107,"column":29},"end":{"line":107,"column":51}},"67":{"start":{"line":109,"column":8},"end":{"line":109,"column":22}},"68":{"start":{"line":112,"column":4},"end":{"line":112,"column":69}},"69":{"start":{"line":112,"column":53},"end":{"line":112,"column":69}},"70":{"start":{"line":113,"column":4},"end":{"line":113,"column":65}},"71":{"start":{"line":113,"column":52},"end":{"line":113,"column":65}},"72":{"start":{"line":115,"column":4},"end":{"line":115,"column":21}}},"fnMap":{"0":{"name":"readConsole","decl":{"start":{"line":4,"column":15},"end":{"line":4,"column":26}},"loc":{"start":{"line":4,"column":45},"end":{"line":34,"column":null}}},"1":{"name":"(anonymous_10)","decl":{"start":{"line":5,"column":31},"end":{"line":5,"column":32}},"loc":{"start":{"line":5,"column":43},"end":{"line":33,"column":5}}},"2":{"name":"(anonymous_11)","decl":{"start":{"line":14,"column":28},"end":{"line":14,"column":29}},"loc":{"start":{"line":14,"column":47},"end":{"line":17,"column":13}}},"3":{"name":"init","decl":{"start":{"line":37,"column":22},"end":{"line":37,"column":26}},"loc":{"start":{"line":37,"column":50},"end":{"line":90,"column":null}}},"4":{"name":"detectProjectType","decl":{"start":{"line":92,"column":9},"end":{"line":92,"column":26}},"loc":{"start":{"line":92,"column":38},"end":{"line":116,"column":1}}}},"branchMap":{"0":{"loc":{"start":{"line":9,"column":8},"end":{"line":19,"column":9}},"type":"if","locations":[{"start":{"line":9,"column":8},"end":{"line":19,"column":9}},{"start":{},"end":{}}]},"1":{"loc":{"start":{"line":42,"column":4},"end":{"line":46,"column":5}},"type":"if","locations":[{"start":{"line":42,"column":4},"end":{"line":46,"column":5}},{"start":{},"end":{}}]},"2":{"loc":{"start":{"line":52,"column":23},"end":{"line":52,"column":45}},"type":"cond-expr","locations":[{"start":{"line":52,"column":37},"end":{"line":52,"column":39}},{"start":{"line":52,"column":23},"end":{"line":52,"column":45}}]},"3":{"loc":{"start":{"line":52,"column":23},"end":{"line":52,"column":39}},"type":"binary-expr","locations":[{"start":{"line":52,"column":23},"end":{"line":52,"column":39}},{"start":{"line":52,"column":23},"end":{"line":52,"column":39}}]},"4":{"loc":{"start":{"line":54,"column":4},"end":{"line":64,"column":5}},"type":"if","locations":[{"start":{"line":54,"column":4},"end":{"line":64,"column":5}},{"start":{},"end":{}}]},"5":{"loc":{"start":{"line":58,"column":12},"end":{"line":62,"column":13}},"type":"if","locations":[{"start":{"line":58,"column":12},"end":{"line":62,"column":13}},{"start":{"line":60,"column":19},"end":{"line":62,"column":13}}]},"6":{"loc":{"start":{"line":93,"column":4},"end":{"line":97,"column":5}},"type":"if","locations":[{"start":{"line":93,"column":4},"end":{"line":97,"column":5}},{"start":{},"end":{}}]},"7":{"loc":{"start":{"line":95,"column":8},"end":{"line":95,"column":84}},"type":"if","locations":[{"start":{"line":95,"column":8},"end":{"line":95,"column":84}},{"start":{},"end":{}}]},"8":{"loc":{"start":{"line":95,"column":12},"end":{"line":95,"column":69}},"type":"binary-expr","locations":[{"start":{"line":95,"column":12},"end":{"line":95,"column":28}},{"start":{"line":95,"column":32},"end":{"line":95,"column":69}}]},"9":{"loc":{"start":{"line":99,"column":4},"end":{"line":110,"column":5}},"type":"if","locations":[{"start":{"line":99,"column":4},"end":{"line":110,"column":5}},{"start":{},"end":{}}]},"10":{"loc":{"start":{"line":103,"column":8},"end":{"line":103,"column":40}},"type":"if","locations":[{"start":{"line":103,"column":8},"end":{"line":103,"column":40}},{"start":{},"end":{}}]},"11":{"loc":{"start":{"line":104,"column":8},"end":{"line":104,"column":42}},"type":"if","locations":[{"start":{"line":104,"column":8},"end":{"line":104,"column":42}},{"start":{},"end":{}}]},"12":{"loc":{"start":{"line":105,"column":8},"end":{"line":105,"column":38}},"type":"if","locations":[{"start":{"line":105,"column":8},"end":{"line":105,"column":38}},{"start":{},"end":{}}]},"13":{"loc":{"start":{"line":106,"column":8},"end":{"line":106,"column":52}},"type":"if","locations":[{"start":{"line":106,"column":8},"end":{"line":106,"column":52}},{"start":{},"end":{}}]},"14":{"loc":{"start":{"line":107,"column":8},"end":{"line":107,"column":51}},"type":"if","locations":[{"start":{"line":107,"column":8},"end":{"line":107,"column":51}},{"start":{},"end":{}}]},"15":{"loc":{"start":{"line":112,"column":4},"end":{"line":112,"column":69}},"type":"if","locations":[{"start":{"line":112,"column":4},"end":{"line":112,"column":69}},{"start":{},"end":{}}]},"16":{"loc":{"start":{"line":113,"column":4},"end":{"line":113,"column":65}},"type":"if","locations":[{"start":{"line":113,"column":4},"end":{"line":113,"column":65}},{"start":{},"end":{}}]}},"s":{"0":0,"1":0,"2":0,"3":0,"4":0,"5":0,"6":0,"7":0,"8":0,"9":0,"10":0,"11":0,"12":0,"13":0,"14":0,"15":0,"16":0,"17":0,"18":0,"19":0,"20":0,"21":0,"22":0,"23":0,"24":0,"25":0,"26":0,"27":0,"28":0,"29":0,"30":0,"31":0,"32":0,"33":0,"34":0,"35":0,"36":0,"37":0,"38":0,"39":0,"40":0,"41":0,"42":0,"43":0,"44":0,"45":0,"46":0,"47":0,"48":0,"49":0,"50":0,"51":0,"52":0,"53":0,"54":0,"55":0,"56":0,"57":0,"58":0,"59":0,"60":0,"61":0,"62":0,"63":0,"64":0,"65":0,"66":0,"67":0,"68":0,"69":0,"70":0,"71":0,"72":0},"f":{"0":0,"1":0,"2":0,"3":0,"4":0},"b":{"0":[0,0],"1":[0,0],"2":[0,0],"3":[0,0],"4":[0,0],"5":[0,0],"6":[0,0],"7":[0,0],"8":[0,0],"9":[0,0],"10":[0,0],"11":[0,0],"12":[0,0],"13":[0,0],"14":[0,0],"15":[0,0],"16":[0,0]}}
,"D:\\Atlas\\src\\cli\\run.ts": {"path":"D:\\Atlas\\src\\cli\\run.ts","statementMap":{"0":{"start":{"line":105,"column":0},"end":{"line":105,"column":22}},"1":{"start":{"line":2,"column":0},"end":{"line":2,"column":24}},"2":{"start":{"line":3,"column":0},"end":{"line":3,"column":20}},"3":{"start":{"line":4,"column":0},"end":{"line":4,"column":26}},"4":{"start":{"line":7,"column":4},"end":{"line":34,"column":7}},"5":{"start":{"line":8,"column":8},"end":{"line":8,"column":41}},"6":{"start":{"line":11,"column":8},"end":{"line":21,"column":9}},"7":{"start":{"line":12,"column":23},"end":{"line":15,"column":14}},"8":{"start":{"line":16,"column":12},"end":{"line":19,"column":15}},"9":{"start":{"line":17,"column":16},"end":{"line":17,"column":27}},"10":{"start":{"line":18,"column":16},"end":{"line":18,"column":39}},"11":{"start":{"line":20,"column":12},"end":{"line":20,"column":19}},"12":{"start":{"line":24,"column":8},"end":{"line":33,"column":9}},"13":{"start":{"line":25,"column":23},"end":{"line":25,"column":54}},"14":{"start":{"line":26,"column":24},"end":{"line":26,"column":41}},"15":{"start":{"line":27,"column":30},"end":{"line":27,"column":64}},"16":{"start":{"line":28,"column":12},"end":{"line":28,"column":29}},"17":{"start":{"line":29,"column":12},"end":{"line":29,"column":63}},"18":{"start":{"line":31,"column":12},"end":{"line":31,"column":130}},"19":{"start":{"line":32,"column":12},"end":{"line":32,"column":28}},"20":{"start":{"line":37,"column":0},"end":{"line":37,"column":47}},"21":{"start":{"line":38,"column":0},"end":{"line":38,"column":51}},"22":{"start":{"line":41,"column":19},"end":{"line":41,"column":39}},"23":{"start":{"line":42,"column":13},"end":{"line":42,"column":33}},"24":{"start":{"line":43,"column":15},"end":{"line":43,"column":35}},"25":{"start":{"line":44,"column":13},"end":{"line":44,"column":23}},"26":{"start":{"line":47,"column":16},"end":{"line":47,"column":26}},"27":{"start":{"line":48,"column":19},"end":{"line":48,"column":20}},"28":{"start":{"line":49,"column":21},"end":{"line":49,"column":22}},"29":{"start":{"line":50,"column":18},"end":{"line":50,"column":19}},"30":{"start":{"line":51,"column":13},"end":{"line":51,"column":18}},"31":{"start":{"line":55,"column":17},"end":{"line":55,"column":60}},"32":{"start":{"line":56,"column":14},"end":{"line":56,"column":35}},"33":{"start":{"line":57,"column":14},"end":{"line":57,"column":23}},"34":{"start":{"line":58,"column":4},"end":{"line":58,"column":73}},"35":{"start":{"line":62,"column":14},"end":{"line":62,"column":31}},"36":{"start":{"line":64,"column":21},"end":{"line":64,"column":89}},"37":{"start":{"line":65,"column":24},"end":{"line":66,"column":55}},"38":{"start":{"line":68,"column":4},"end":{"line":68,"column":35}},"39":{"start":{"line":72,"column":14},"end":{"line":72,"column":31}},"40":{"start":{"line":73,"column":4},"end":{"line":73,"column":109}},"41":{"start":{"line":77,"column":17},"end":{"line":77,"column":34}},"42":{"start":{"line":78,"column":17},"end":{"line":78,"column":41}},"43":{"start":{"line":79,"column":18},"end":{"line":81,"column":26}},"44":{"start":{"line":82,"column":4},"end":{"line":82,"column":88}},"45":{"start":{"line":86,"column":15},"end":{"line":86,"column":24}},"46":{"start":{"line":87,"column":16},"end":{"line":87,"column":27}},"47":{"start":{"line":89,"column":4},"end":{"line":99,"column":5}},"48":{"start":{"line":90,"column":8},"end":{"line":90,"column":30}},"49":{"start":{"line":90,"column":31},"end":{"line":90,"column":55}},"50":{"start":{"line":91,"column":11},"end":{"line":99,"column":5}},"51":{"start":{"line":92,"column":8},"end":{"line":92,"column":30}},"52":{"start":{"line":92,"column":31},"end":{"line":92,"column":49}},"53":{"start":{"line":93,"column":11},"end":{"line":99,"column":5}},"54":{"start":{"line":94,"column":8},"end":{"line":94,"column":33}},"55":{"start":{"line":94,"column":34},"end":{"line":94,"column":55}},"56":{"start":{"line":95,"column":11},"end":{"line":99,"column":5}},"57":{"start":{"line":96,"column":8},"end":{"line":96,"column":32}},"58":{"start":{"line":96,"column":33},"end":{"line":96,"column":53}},"59":{"start":{"line":97,"column":11},"end":{"line":99,"column":5}},"60":{"start":{"line":98,"column":8},"end":{"line":98,"column":31}},"61":{"start":{"line":98,"column":32},"end":{"line":98,"column":51}},"62":{"start":{"line":101,"column":4},"end":{"line":101,"column":35}},"63":{"start":{"line":106,"column":24},"end":{"line":106,"column":37}},"64":{"start":{"line":107,"column":24},"end":{"line":107,"column":50}},"65":{"start":{"line":109,"column":4},"end":{"line":109,"column":20}},"66":{"start":{"line":112,"column":4},"end":{"line":112,"column":20}},"67":{"start":{"line":113,"column":4},"end":{"line":113,"column":68}},"68":{"start":{"line":114,"column":4},"end":{"line":114,"column":68}},"69":{"start":{"line":115,"column":4},"end":{"line":115,"column":70}},"70":{"start":{"line":116,"column":4},"end":{"line":116,"column":68}},"71":{"start":{"line":117,"column":4},"end":{"line":117,"column":86}},"72":{"start":{"line":118,"column":4},"end":{"line":118,"column":85}},"73":{"start":{"line":119,"column":4},"end":{"line":119,"column":85}},"74":{"start":{"line":120,"column":4},"end":{"line":120,"column":85}},"75":{"start":{"line":121,"column":4},"end":{"line":121,"column":20}},"76":{"start":{"line":123,"column":23},"end":{"line":123,"column":66}},"77":{"start":{"line":124,"column":74},"end":{"line":124,"column":76}},"78":{"start":{"line":125,"column":4},"end":{"line":134,"column":5}},"79":{"start":{"line":126,"column":8},"end":{"line":130,"column":9}},"80":{"start":{"line":127,"column":12},"end":{"line":127,"column":75}},"81":{"start":{"line":129,"column":12},"end":{"line":129,"column":91}},"82":{"start":{"line":132,"column":8},"end":{"line":132,"column":97}},"83":{"start":{"line":133,"column":8},"end":{"line":133,"column":24}},"84":{"start":{"line":136,"column":34},"end":{"line":136,"column":36}},"85":{"start":{"line":137,"column":26},"end":{"line":154,"column":5}},"86":{"start":{"line":138,"column":22},"end":{"line":138,"column":49}},"87":{"start":{"line":139,"column":8},"end":{"line":153,"column":9}},"88":{"start":{"line":140,"column":28},"end":{"line":140,"column":38}},"89":{"start":{"line":141,"column":12},"end":{"line":141,"column":35}},"90":{"start":{"line":141,"column":26},"end":{"line":141,"column":35}},"91":{"start":{"line":143,"column":12},"end":{"line":144,"column":56}},"92":{"start":{"line":143,"column":38},"end":{"line":143,"column":55}},"93":{"start":{"line":144,"column":17},"end":{"line":144,"column":56}},"94":{"start":{"line":144,"column":41},"end":{"line":144,"column":56}},"95":{"start":{"line":145,"column":12},"end":{"line":145,"column":87}},"96":{"start":{"line":145,"column":73},"end":{"line":145,"column":87}},"97":{"start":{"line":147,"column":12},"end":{"line":150,"column":13}},"98":{"start":{"line":148,"column":16},"end":{"line":148,"column":42}},"99":{"start":{"line":149,"column":16},"end":{"line":149,"column":25}},"100":{"start":{"line":152,"column":12},"end":{"line":152,"column":66}},"101":{"start":{"line":156,"column":24},"end":{"line":156,"column":59}},"102":{"start":{"line":156,"column":41},"end":{"line":156,"column":59}},"103":{"start":{"line":159,"column":29},"end":{"line":159,"column":30}},"104":{"start":{"line":160,"column":57},"end":{"line":160,"column":61}},"105":{"start":{"line":161,"column":30},"end":{"line":161,"column":32}},"106":{"start":{"line":163,"column":27},"end":{"line":163,"column":80}},"107":{"start":{"line":165,"column":4},"end":{"line":206,"column":5}},"108":{"start":{"line":166,"column":8},"end":{"line":166,"column":79}},"109":{"start":{"line":167,"column":8},"end":{"line":167,"column":24}},"110":{"start":{"line":169,"column":30},"end":{"line":169,"column":67}},"111":{"start":{"line":171,"column":8},"end":{"line":174,"column":9}},"112":{"start":{"line":172,"column":12},"end":{"line":172,"column":150}},"113":{"start":{"line":173,"column":12},"end":{"line":173,"column":28}},"114":{"start":{"line":176,"column":29},"end":{"line":176,"column":48}},"115":{"start":{"line":177,"column":8},"end":{"line":177,"column":39}},"116":{"start":{"line":178,"column":8},"end":{"line":178,"column":45}},"117":{"start":{"line":179,"column":8},"end":{"line":179,"column":47}},"118":{"start":{"line":180,"column":8},"end":{"line":180,"column":87}},"119":{"start":{"line":183,"column":8},"end":{"line":183,"column":84}},"120":{"start":{"line":184,"column":8},"end":{"line":184,"column":24}},"121":{"start":{"line":187,"column":8},"end":{"line":190,"column":9}},"122":{"start":{"line":188,"column":12},"end":{"line":188,"column":150}},"123":{"start":{"line":189,"column":12},"end":{"line":189,"column":28}},"124":{"start":{"line":192,"column":8},"end":{"line":192,"column":100}},"125":{"start":{"line":193,"column":8},"end":{"line":193,"column":47}},"126":{"start":{"line":195,"column":26},"end":{"line":195,"column":31}},"127":{"start":{"line":196,"column":8},"end":{"line":205,"column":9}},"128":{"start":{"line":197,"column":27},"end":{"line":197,"column":70}},"129":{"start":{"line":198,"column":22},"end":{"line":198,"column":38}},"130":{"start":{"line":199,"column":12},"end":{"line":204,"column":13}},"131":{"start":{"line":200,"column":16},"end":{"line":200,"column":31}},"132":{"start":{"line":201,"column":16},"end":{"line":201,"column":35}},"133":{"start":{"line":203,"column":16},"end":{"line":203,"column":89}},"134":{"start":{"line":209,"column":4},"end":{"line":209,"column":20}},"135":{"start":{"line":210,"column":4},"end":{"line":210,"column":27}},"136":{"start":{"line":211,"column":4},"end":{"line":211,"column":18}},"137":{"start":{"line":214,"column":4},"end":{"line":214,"column":20}},"138":{"start":{"line":215,"column":4},"end":{"line":215,"column":68}},"139":{"start":{"line":216,"column":4},"end":{"line":216,"column":68}},"140":{"start":{"line":217,"column":4},"end":{"line":217,"column":70}},"141":{"start":{"line":218,"column":4},"end":{"line":218,"column":68}},"142":{"start":{"line":219,"column":4},"end":{"line":219,"column":86}},"143":{"start":{"line":220,"column":4},"end":{"line":220,"column":20}},"144":{"start":{"line":223,"column":4},"end":{"line":223,"column":163}},"145":{"start":{"line":224,"column":4},"end":{"line":224,"column":46}},"146":{"start":{"line":226,"column":21},"end":{"line":226,"column":82}},"147":{"start":{"line":227,"column":22},"end":{"line":229,"column":56}},"148":{"start":{"line":230,"column":23},"end":{"line":230,"column":76}},"149":{"start":{"line":231,"column":4},"end":{"line":231,"column":65}},"150":{"start":{"line":233,"column":4},"end":{"line":233,"column":46}},"151":{"start":{"line":234,"column":4},"end":{"line":234,"column":103}},"152":{"start":{"line":235,"column":4},"end":{"line":235,"column":46}},"153":{"start":{"line":236,"column":4},"end":{"line":236,"column":20}},"154":{"start":{"line":239,"column":4},"end":{"line":239,"column":82}},"155":{"start":{"line":239,"column":31},"end":{"line":239,"column":80}},"156":{"start":{"line":240,"column":4},"end":{"line":240,"column":27}},"157":{"start":{"line":244,"column":21},"end":{"line":244,"column":26}},"158":{"start":{"line":246,"column":37},"end":{"line":253,"column":null}},"159":{"start":{"line":250,"column":25},"end":{"line":250,"column":43}},"160":{"start":{"line":251,"column":16},"end":{"line":251,"column":33}},"161":{"start":{"line":256,"column":4},"end":{"line":281,"column":6}},"162":{"start":{"line":256,"column":32},"end":{"line":281,"column":6}},"163":{"start":{"line":257,"column":8},"end":{"line":257,"column":31}},"164":{"start":{"line":257,"column":24},"end":{"line":257,"column":31}},"165":{"start":{"line":258,"column":8},"end":{"line":258,"column":26}},"166":{"start":{"line":259,"column":8},"end":{"line":259,"column":23}},"167":{"start":{"line":260,"column":8},"end":{"line":260,"column":24}},"168":{"start":{"line":261,"column":19},"end":{"line":261,"column":39}},"169":{"start":{"line":262,"column":8},"end":{"line":262,"column":32}},"170":{"start":{"line":263,"column":8},"end":{"line":263,"column":65}},"171":{"start":{"line":264,"column":8},"end":{"line":264,"column":32}},"172":{"start":{"line":265,"column":8},"end":{"line":265,"column":67}},"173":{"start":{"line":266,"column":8},"end":{"line":266,"column":82}},"174":{"start":{"line":267,"column":8},"end":{"line":267,"column":134}},"175":{"start":{"line":268,"column":8},"end":{"line":268,"column":32}},"176":{"start":{"line":270,"column":8},"end":{"line":273,"column":9}},"177":{"start":{"line":271,"column":12},"end":{"line":271,"column":46}},"178":{"start":{"line":272,"column":12},"end":{"line":272,"column":57}},"179":{"start":{"line":275,"column":8},"end":{"line":275,"column":106}},"180":{"start":{"line":276,"column":8},"end":{"line":276,"column":24}},"181":{"start":{"line":278,"column":8},"end":{"line":278,"column":49}},"182":{"start":{"line":278,"column":27},"end":{"line":278,"column":49}},"183":{"start":{"line":279,"column":8},"end":{"line":279,"column":80}},"184":{"start":{"line":279,"column":14},"end":{"line":279,"column":28}},"185":{"start":{"line":280,"column":8},"end":{"line":280,"column":23}},"186":{"start":{"line":283,"column":4},"end":{"line":283,"column":41}}},"fnMap":{"0":{"name":"readConsole","decl":{"start":{"line":6,"column":15},"end":{"line":6,"column":26}},"loc":{"start":{"line":6,"column":45},"end":{"line":35,"column":null}}},"1":{"name":"(anonymous_10)","decl":{"start":{"line":7,"column":31},"end":{"line":7,"column":32}},"loc":{"start":{"line":7,"column":43},"end":{"line":34,"column":5}}},"2":{"name":"(anonymous_11)","decl":{"start":{"line":16,"column":28},"end":{"line":16,"column":29}},"loc":{"start":{"line":16,"column":47},"end":{"line":19,"column":13}}},"3":{"name":"getUptime","decl":{"start":{"line":54,"column":9},"end":{"line":54,"column":18}},"loc":{"start":{"line":54,"column":18},"end":{"line":59,"column":1}}},"4":{"name":"isViolation","decl":{"start":{"line":61,"column":9},"end":{"line":61,"column":20}},"loc":{"start":{"line":61,"column":32},"end":{"line":69,"column":1}}},"5":{"name":"isRequest","decl":{"start":{"line":71,"column":9},"end":{"line":71,"column":18}},"loc":{"start":{"line":71,"column":30},"end":{"line":74,"column":1}}},"6":{"name":"getPrefix","decl":{"start":{"line":76,"column":9},"end":{"line":76,"column":18}},"loc":{"start":{"line":76,"column":18},"end":{"line":83,"column":1}}},"7":{"name":"color
[...]
e":13,"column":22},"end":{"line":13,"column":60}},"type":"binary-expr","locations":[{"start":{"line":13,"column":22},"end":{"line":13,"column":39}},{"start":{"line":13,"column":43},"end":{"line":13,"column":60}}]},"1":{"loc":{"start":{"line":17,"column":25},"end":{"line":17,"column":39}},"type":"binary-expr","locations":[{"start":{"line":17,"column":25},"end":{"line":17,"column":30}},{"start":{"line":17,"column":34},"end":{"line":17,"column":39}}]},"2":{"loc":{"start":{"line":18,"column":20},"end":{"line":18,"column":86}},"type":"cond-expr","locations":[{"start":{"line":18,"column":31},"end":{"line":18,"column":38}},{"start":{"line":18,"column":42},"end":{"line":18,"column":85}}]},"3":{"loc":{"start":{"line":18,"column":42},"end":{"line":18,"column":85}},"type":"cond-expr","locations":[{"start":{"line":18,"column":59},"end":{"line":18,"column":75}},{"start":{"line":18,"column":78},"end":{"line":18,"column":85}}]},"4":{"loc":{"start":{"line":18,"column":42},"end":{"line":18,"column":56}},"type":"binary-expr","locations":[{"start":{"line":18,"column":42},"end":{"line":18,"column":47}},{"start":{"line":18,"column":51},"end":{"line":18,"column":56}}]},"5":{"loc":{"start":{"line":22,"column":8},"end":{"line":25,"column":10}},"type":"cond-expr","locations":[{"start":{"line":22,"column":20},"end":{"line":22,"column":22}},{"start":{"line":22,"column":20},"end":{"line":25,"column":10}}]},"6":{"loc":{"start":{"line":22,"column":8},"end":{"line":22,"column":22}},"type":"binary-expr","locations":[{"start":{"line":22,"column":8},"end":{"line":22,"column":22}},{"start":{"line":22,"column":20},"end":{"line":22,"column":22}}]},"7":{"loc":{"start":{"line":24,"column":12},"end":{"line":24,"column":32}},"type":"if","locations":[{"start":{"line":24,"column":12},"end":{"line":24,"column":32}},{"start":{},"end":{}}]},"8":{"loc":{"start":{"line":26,"column":8},"end":{"line":29,"column":10}},"type":"cond-expr","locations":[{"start":{"line":26,"column":20},"end":{"line":26,"column":22}},{"start":{"line":26,"column":20},"end":{"line":29,"column":10}}]},"9":{"loc":{"start":{"line":26,"column":8},"end":{"line":26,"column":22}},"type":"binary-expr","locations":[{"start":{"line":26,"column":8},"end":{"line":26,"column":22}},{"start":{"line":26,"column":20},"end":{"line":26,"column":22}}]},"10":{"loc":{"start":{"line":28,"column":12},"end":{"line":28,"column":43}},"type":"if","locations":[{"start":{"line":28,"column":12},"end":{"line":28,"column":43}},{"start":{},"end":{}}]},"11":{"loc":{"start":{"line":36,"column":12},"end":{"line":37,"column":96}},"type":"if","locations":[{"start":{"line":36,"column":12},"end":{"line":37,"column":96}},{"start":{"line":37,"column":17},"end":{"line":37,"column":96}}]},"12":{"loc":{"start":{"line":42,"column":49},"end":{"line":42,"column":89}},"type":"default-arg","locations":[{"start":{"line":42,"column":80},"end":{"line":42,"column":89}}]},"13":{"loc":{"start":{"line":46,"column":8},"end":{"line":243,"column":9}},"type":"if","locations":[{"start":{"line":46,"column":8},"end":{"line":243,"column":9}},{"start":{},"end":{}}]},"14":{"loc":{"start":{"line":49,"column":16},"end":{"line":52,"column":17}},"type":"if","locations":[{"start":{"line":49,"column":16},"end":{"line":52,"column":17}},{"start":{},"end":{}}]},"15":{"loc":{"start":{"line":56,"column":16},"end":{"line":67,"column":17}},"type":"if","locations":[{"start":{"line":56,"column":16},"end":{"line":67,"column":17}},{"start":{},"end":{}}]},"16":{"loc":{"start":{"line":57,"column":20},"end":{"line":66,"column":21}},"type":"if","locations":[{"start":{"line":57,"column":20},"end":{"line":66,"column":21}},{"start":{"line":60,"column":27},"end":{"line":66,"column":21}}]},"17":{"loc":{"start":{"line":60,"column":27},"end":{"line":66,"column":21}},"type":"if","locations":[{"start":{"line":60,"column":27},"end":{"line":66,"column":21}},{"start":{"line":63,"column":27},"end":{"line":66,"column":21}}]},"18":{"loc":{"start":{"line":63,"column":27},"end":{"line":66,"column":21}},"type":"if","locations":[{"start":{"line":63,"column":27},"end":{"line":66,"column":21}},{"start":{},"end":{}}]},"19":{"loc":{"start":{"line":72,"column":16},"end":{"line":87,"column":17}},"type":"if","locations":[{"start":{"line":72,"column":16},"end":{"line":87,"column":17}},{"start":{"line":74,"column":23},"end":{"line":87,"column":17}}]},"20":{"loc":{"start":{"line":72,"column":20},"end":{"line":72,"column":61}},"type":"binary-expr","locations":[{"start":{"line":72,"column":20},"end":{"line":72,"column":36}},{"start":{"line":72,"column":40},"end":{"line":72,"column":61}}]},"21":{"loc":{"start":{"line":72,"column":20},"end":{"line":72,"column":36}},"type":"cond-expr","locations":[{"start":{"line":72,"column":31},"end":{"line":72,"column":33}},{"start":{"line":72,"column":31},"end":{"line":72,"column":36}}]},"22":{"loc":{"start":{"line":72,"column":20},"end":{"line":72,"column":33}},"type":"binary-expr","locations":[{"start":{"line":72,"column":20},"end":{"line":72,"column":33}},{"start":{"line":72,"column":31},"end":{"line":72,"column":33}}]},"23":{"loc":{"start":{"line":72,"column":41},"end":{"line":72,"column":59}},"type":"cond-expr","locations":[{"start":{"line":72,"column":52},"end":{"line":72,"column":54}},{"start":{"line":72,"column":52},"end":{"line":72,"column":59}}]},"24":{"loc":{"start":{"line":72,"column":41},"end":{"line":72,"column":54}},"type":"binary-expr","locations":[{"start":{"line":72,"column":41},"end":{"line":72,"column":54}},{"start":{"line":72,"column":52},"end":{"line":72,"column":54}}]},"25":{"loc":{"start":{"line":74,"column":23},"end":{"line":87,"column":17}},"type":"if","locations":[{"start":{"line":74,"column":23},"end":{"line":87,"column":17}},{"start":{},"end":{}}]},"26":{"loc":{"start":{"line":74,"column":27},"end":{"line":74,"column":69}},"type":"binary-expr","locations":[{"start":{"line":74,"column":27},"end":{"line":74,"column":50}},{"start":{"line":74,"column":50},"end":{"line":74,"column":69}}]},"27":{"loc":{"start":{"line":74,"column":28},"end":{"line":74,"column":46}},"type":"cond-expr","locations":[{"start":{"line":74,"column":39},"end":{"line":74,"column":41}},{"start":{"line":74,"column":39},"end":{"line":74,"column":46}}]},"28":{"loc":{"start":{"line":74,"column":28},"end":{"line":74,"column":41}},"type":"binary-expr","locations":[{"start":{"line":74,"column":28},"end":{"line":74,"column":41}},{"start":{"line":74,"column":39},"end":{"line":74,"column":41}}]},"29":{"loc":{"start":{"line":74,"column":51},"end":{"line":74,"column":67}},"type":"cond-expr","locations":[{"start":{"line":74,"column":62},"end":{"line":74,"column":64}},{"start":{"line":74,"column":62},"end":{"line":74,"column":67}}]},"30":{"loc":{"start":{"line":74,"column":51},"end":{"line":74,"column":64}},"type":"binary-expr","locations":[{"start":{"line":74,"column":51},"end":{"line":74,"column":64}},{"start":{"line":74,"column":62},"end":{"line":74,"column":64}}]},"31":{"loc":{"start":{"line":75,"column":20},"end":{"line":86,"column":21}},"type":"if","locations":[{"start":{"line":75,"column":20},"end":{"line":86,"column":21}},{"start":{"line":78,"column":27},"end":{"line":86,"column":21}}]},"32":{"loc":{"start":{"line":78,"column":27},"end":{"line":86,"column":21}},"type":"if","locations":[{"start":{"line":78,"column":27},"end":{"line":86,"column":21}},{"start":{"line":81,"column":27},"end":{"line":86,"column":21}}]},"33":{"loc":{"start":{"line":78,"column":31},"end":{"line":78,"column":90}},"type":"binary-expr","locations":[{"start":{"line":78,"column":31},"end":{"line":78,"column":39}},{"start":{"line":78,"column":43},"end":{"line":78,"column":90}}]},"34":{"loc":{"start":{"line":81,"column":27},"end":{"line":86,"column":21}},"type":"if","locations":[{"start":{"line":81,"column":27},"end":{"line":86,"column":21}},{"start":{"line":84,"column":27},"end":{"line":86,"column":21}}]},"35":{"loc":{"start":{"line":90,"column":37},"end":{"line":90,"column":48}},"type":"default-arg","locations":[{"start":{"line":90,"column":47},"end":{"line":90,"column":48}}]},"36":{"loc":{"start":{"line":111,"column":24},"end":{"line":114,"column":25}},"type":"if","locations":[{"start":{"line":111,"column":24},"end":{"line":114,"column":25}},{"start":{},"end":{}}]},"37":{"loc":{"start":{"line":123,"column":30},"end":{"line":123,"column":60}},"type":"binary-expr","locations":[{"start":{"line":123,"column":30},"end":{"line":123,"column":43}},{"start":{"line":123,"column":47},"end":{"line":123,"column":60}}]},"38":{"loc":{"start":{"line":124,"column":33},"end":{"line":124,"column":47}},"type":"binary-expr","locations":[{"start":{"line":124,"column":33},"end":{"line":124,"column":38}},{"start":{"line":124,"column":42},"end":{"line":124,"column":47}}]},"39":{"loc":{"start":{"line":125,"column":33},"end":{"line":125,"column":87}},"type":"cond-expr","locations":[{"start":{"line":125,"column":44},"end":{"line":125,"column":47}},{"start":{"line":125,"column":51},"end":{"line":125,"column":86}}]},"40":{"loc":{"start":{"line":125,"column":51},"end":{"line":125,"column":86}},"type":"cond-expr","locations":[{"start":{"line":125,"column":68},"end":{"line":125,"column":80}},{"start":{"line":125,"column":83},"end":{"line":125,"column":86}}]},"41":{"loc":{"start":{"line":125,"column":51},"end":{"line":125,"column":65}},"type":"binary-expr","locations":[{"start":{"line":125,"column":51},"end":{"line":125,"column":56}},{"start":{"line":125,"column":60},"end":{"line":125,"column":65}}]},"42":{"loc":{"start":{"line":137,"column":20},"end":{"line":137,"column":63}},"type":"if","locations":[{"start":{"line":137,"column":20},"end":{"line":137,"column":63}},{"start":{},"end":{}}]},"43":{"loc":{"start":{"line":141,"column":16},"end":{"line":144,"column":18}},"type":"cond-expr","locations":[{"start":{"line":141,"column":28},"end":{"line":141,"column":30}},{"start":{"line":141,"column":28},"end":{"line":144,"column":18}}]},"44":{"loc":{"start":{"line":141,"column":16},"end":{"line":141,"column":30}},"type":"binary-expr","locations":[{"start":{"line":141,"column":16},"end":{"line":141,"column":30}},{"start":{"line":141,"column":28},"end":{"line":141,"column":30}}]},"45":{"loc":{"start":{"line":143,"column":20},"end":{"line":143,"column":57}},"type":"if","locations":[{"start":{"line":143,"column":20},"end":{"line":143,"column":57}},{"start":{},"end":{}}]},"46":{"loc":{"start":{"line":145,"column":16},"end":{"line":148,"column":18}},"type":"cond-expr","locations":[{"start":{"line":145,"column":28},"end":{"line":145,"column":30}},{"start":{"line":145,"column":28},"end":{"line":148,"column":18}}]},"47":{"loc":{"start":{"line":145,"column":16},"end":{"line":145,"column":30}},"type":"binary-expr","locations":[{"start":{"line":145,"column":16},"end":{"line":145,"column":30}},{"start":{"line":145,"column":28},"end":{"line":145,"column":30}}]},"48":{"loc":{"start":{"line":147,"column":20},"end":{"line":147,"column":79}},"type":"if","locations":[{"start":{"line":147,"column":20},"end":{"line":147,"column":79}},{"start":{},"end":{}}]},"49":{"loc":{"start":{"line":153,"column":24},"end":{"line":196,"column":25}},"type":"if","locations":[{"start":{"line":153,"column":24},"end":{"line":196,"column":25}},{"start":{},"end":{}}]},"50":{"loc":{"start":{"line":159,"column":36},"end":{"line":159,"column":69}},"type":"if","locations":[{"start":{"line":159,"column":36},"end":{"line":159,"column":69}},{"start":{},"end":{}}]},"51":{"loc":{"start":{"line":159,"column":40},"end":{"line":159,"column":60}},"type":"binary-expr","locations":[{"start":{"line":159,"column":40},"end":{"line":159,"column":46}},{"start":{"line":159,"column":50},"end":{"line":159,"column":60}}]},"52":{"loc":{"start":{"line":167,"column":44},"end":{"line":171,"column":45}},"type":"if","locations":[{"start":{"line":167,"column":44},"end":{"line":171,"column":45}},{"start":{},"end":{}}]},"53":{"loc":{"start":{"line":208,"column":20},"end":{"line":211,"column":21}},"type":"if","locations":[{"start":{"line":208,"column":20},"end":{"line":211,"column":21}},{"start":{},"end":{}}]},"54":{"loc":{"start":{"line":210,"column":24},"end":{"line":210,"column":90}},"type":"if","locations":[{"start":{"line":210,"column":24},"end":{"line":210,"column":90}},{"start":{},"end":{}}]},"55":{"loc":{"start":{"line":212,"column":20},"end":{"line":214,"column":21}},"type":"if","locations":[{"start":{"line":212,"column":20},"end":{"line":214,"column":21}},{"start":{},"end":{}}]},"56":{"loc":{"start":{"line":219,"column":16},"end":{"line":221,"column":17}},"type":"if","locations":[{"start":{"line":219,"column":16},"end":{"line":221,"column":17}},{"start":{},"end":{}}]},"57":{"loc":{"start":{"line":234,"column":20},"end":{"line":237,"column":21}},"type":"if","locations":[{"start":{"line":234,"column":20},"end":{"line":237,"column":21}},{"start":{},"end":{}}]},"58":{"loc":{"start":{"line":234,"column":24},"end":{"line":234,"column":51}},"type":"binary-expr","locations":[{"start":{"line":234,"column":24},"end":{"line":234,"column":37}},{"start":{"line":234,"column":41},"end":{"line":234,"column":51}}]}},"s":{"0":0,"1":0,"2":0,"3":0,"4":0,"5":0,"6":0,"7":0,"8":0,"9":0,"10":0,"11":0,"12":0,"13":0,"14":0,"15":0,"16":0,"17":0,"18":0,"19":0,"20":0,"21":0,"22":0,"23":0,"24":0,"25":0,"26":0,"27":0,"28":0,"29":0,"30":0,"31":0,"32":0,"33":0,"34":0,"35":0,"36":0,"37":0,"38":0,"39":0,"40":0,"41":0,"42":0,"43":0,"44":0,"45":0,"46":0,"47":0,"48":0,"49":0,"50":0,"51":0,"52":0,"53":0,"54":0,"55":0,"56":0,"57":0,"58":0,"59":0,"60":0,"61":0,"62":0,"63":0,"64":0,"65":0,"66":0,"67":0,"68":0,"69":0,"70":0,"71":0,"72":0,"73":0,"74":0,"75":0,"76":0,"77":0,"78":0,"79":0,"80":0,"81":0,"82":0,"83":0,"84":0,"85":0,"86":0,"87":0,"88":0,"89":0,"90":0,"91":0,"92":0,"93":0,"94":0,"95":0,"96":0,"97":0,"98":0,"99":0,"100":0,"101":0,"102":0,"103":0,"104":0,"105":0,"106":0,"107":0,"108":0,"109":0,"110":0,"111":0,"112":0,"113":0,"114":0,"115":0,"116":0,"117":0,"118":0,"119":0,"120":0,"121":0,"122":0,"123":0,"124":0,"125":0,"126":0,"127":0,"128":0,"129":0,"130":0,"131":0,"132":0,"133":0,"134":0,"135":0,"136":0,"137":0,"138":0,"139":0,"140":0,"141":0,"142":0,"143":0,"144":0,"145":0,"146":0,"147":0,"148":0,"149":0,"150":0,"151":0,"152":0,"153":0,"154":0,"155":0,"156":0,"157":0,"158":0,"159":0,"160":0,"161":0},"f":{"0":0,"1":0,"2":0,"3":0,"4":0,"5":0,"6":0,"7":0,"8":0,"9":0,"10":0,"11":0,"12":0,"13":0,"14":0,"15":0,"16":0,"17":0,"18":0,"19":0,"20":0,"21":0,"22":0,"23":0,"24":0,"25":0,"26":0,"27":0,"28":0,"29":0,"30":0,"31":0,"32":0,"33":0,"34":0,"35":0,"36":0,"37":0},"b":{"0":[0,0],"1":[0,0],"2":[0,0],"3":[0,0],"4":[0,0],"5":[0,0],"6":[0,0],"7":[0,0],"8":[0,0],"9":[0,0],"10":[0,0],"11":[0,0],"12":[0],"13":[0,0],"14":[0,0],"15":[0,0],"16":[0,0],"17":[0,0],"18":[0,0],"19":[0,0],"20":[0,0],"21":[0,0],"22":[0,0],"23":[0,0],"24":[0,0],"25":[0,0],"26":[0,0],"27":[0,0],"28":[0,0],"29":[0,0],"30":[0,0],"31":[0,0],"32":[0,0],"33":[0,0],"34":[0,0],"35":[0],"36":[0,0],"37":[0,0],"38":[0,0],"39":[0,0],"40":[0,0],"41":[0,0],"42":[0,0],"43":[0,0],"44":[0,0],"45":[0,0],"46":[0,0],"47":[0,0],"48":[0,0],"49":[0,0],"50":[0,0],"51":[0,0],"52":[0,0],"53":[0,0],"54":[0,0],"55":[0,0],"56":[0,0],"57":[0,0],"58":[0,0]}}
,"D:\\Atlas\\src\\utils\\type-guards.ts": {"path":"D:\\Atlas\\src\\utils\\type-guards.ts","statementMap":{"0":{"start":{"line":6,"column":0},"end":{"line":6,"column":16}},"1":{"start":{"line":20,"column":0},"end":{"line":20,"column":16}},"2":{"start":{"line":34,"column":0},"end":{"line":34,"column":16}},"3":{"start":{"line":48,"column":0},"end":{"line":48,"column":16}},"4":{"start":{"line":7,"column":4},"end":{"line":7,"column":62}},"5":{"start":{"line":7,"column":49},"end":{"line":7,"column":62}},"6":{"start":{"line":8,"column":16},"end":{"line":8,"column":37}},"7":{"start":{"line":9,"column":4},"end":{"line":14,"column":6}},"8":{"start":{"line":21,"column":4},"end":{"line":21,"column":62}},"9":{"start":{"line":21,"column":49},"end":{"line":21,"column":62}},"10":{"start":{"line":22,"column":14},"end":{"line":22,"column":30}},"11":{"start":{"line":23,"column":4},"end":{"line":28,"column":6}},"12":{"start":{"line":35,"column":4},"end":{"line":35,"column":62}},"13":{"start":{"line":35,"column":49},"end":{"line":35,"column":62}},"14":{"start":{"line":36,"column":14},"end":{"line":36,"column":32}},"15":{"start":{"line":37,"column":4},"end":{"line":42,"column":6}},"16":{"start":{"line":49,"column":4},"end":{"line":49,"column":74}}},"fnMap":{"0":{"name":"isNetworkRequest","decl":{"start":{"line":6,"column":16},"end":{"line":6,"column":32}},"loc":{"start":{"line":6,"column":45},"end":{"line":15,"column":1}}},"1":{"name":"isViolation","decl":{"start":{"line":20,"column":16},"end":{"line":20,"column":27}},"loc":{"start":{"line":20,"column":40},"end":{"line":29,"column":1}}},"2":{"name":"isChaosConfig","decl":{"start":{"line":34,"column":16},"end":{"line":34,"column":29}},"loc":{"start":{"line":34,"column":42},"end":{"line":43,"column":1}}},"3":{"name":"isRecord","decl":{"start":{"line":48,"column":16},"end":{"line":48,"column":24}},"loc":{"start":{"line":48,"column":37},"end":{"line":50,"column":1}}}},"branchMap":{"0":{"loc":{"start":{"line":7,"column":4},"end":{"line":7,"column":62}},"type":"if","locations":[{"start":{"line":7,"column":4},"end":{"line":7,"column":62}},{"start":{},"end":{}}]},"1":{"loc":{"start":{"line":7,"column":8},"end":{"line":7,"column":47}},"type":"binary-expr","locations":[{"start":{"line":7,"column":8},"end":{"line":7,"column":31}},{"start":{"line":7,"column":35},"end":{"line":7,"column":47}}]},"2":{"loc":{"start":{"line":10,"column":8},"end":{"line":13,"column":38}},"type":"binary-expr","locations":[{"start":{"line":10,"column":8},"end":{"line":10,"column":34}},{"start":{"line":11,"column":8},"end":{"line":11,"column":35}},{"start":{"line":12,"column":8},"end":{"line":12,"column":38}},{"start":{"line":13,"column":8},"end":{"line":13,"column":38}}]},"3":{"loc":{"start":{"line":21,"column":4},"end":{"line":21,"column":62}},"type":"if","locations":[{"start":{"line":21,"column":4},"end":{"line":21,"column":62}},{"start":{},"end":{}}]},"4":{"loc":{"start":{"line":21,"column":8},"end":{"line":21,"column":47}},"type":"binary-expr","locations":[{"start":{"line":21,"column":8},"end":{"line":21,"column":31}},{"start":{"line":21,"column":35},"end":{"line":21,"column":47}}]},"5":{"loc":{"start":{"line":24,"column":8},"end":{"line":27,"column":33}},"type":"binary-expr","locations":[{"start":{"line":24,"column":8},"end":{"line":24,"column":36}},{"start":{"line":25,"column":8},"end":{"line":25,"column":37}},{"start":{"line":26,"column":8},"end":{"line":26,"column":39}},{"start":{"line":27,"column":8},"end":{"line":27,"column":33}}]},"6":{"loc":{"start":{"line":35,"column":4},"end":{"line":35,"column":62}},"type":"if","locations":[{"start":{"line":35,"column":4},"end":{"line":35,"column":62}},{"start":{},"end":{}}]},"7":{"loc":{"start":{"line":35,"column":8},"end":{"line":35,"column":47}},"type":"binary-expr","locations":[{"start":{"line":35,"column":8},"end":{"line":35,"column":31}},{"start":{"line":35,"column":35},"end":{"line":35,"column":47}}]},"8":{"loc":{"start":{"line":38,"column":8},"end":{"line":41,"column":38}},"type":"binary-expr","locations":[{"start":{"line":38,"column":8},"end":{"line":38,"column":38}},{"start":{"line":39,"column":8},"end":{"line":39,"column":39}},{"start":{"line":40,"column":8},"end":{"line":40,"column":41}},{"start":{"line":41,"column":8},"end":{"line":41,"column":38}}]},"9":{"loc":{"start":{"line":49,"column":11},"end":{"line":49,"column":73}},"type":"binary-expr","locations":[{"start":{"line":49,"column":11},"end":{"line":49,"column":34}},{"start":{"line":49,"column":38},"end":{"line":49,"column":50}},{"start":{"line":49,"column":54},"end":{"line":49,"column":73}}]}},"s":{"0":1,"1":1,"2":1,"3":1,"4":0,"5":0,"6":0,"7":0,"8":0,"9":0,"10":0,"11":0,"12":1,"13":0,"14":1,"15":1,"16":0},"f":{"0":0,"1":0,"2":1,"3":0},"b":{"0":[0,0],"1":[0,0],"2":[0,0,0,0],"3":[0,0],"4":[0,0],"5":[0,0,0,0],"6":[0,1],"7":[1,1],"8":[1,1,1,1],"9":[0,0,0]}}
}
