TN:
SF:src\browser\browser.ts
FN:43,launchBrowser
FN:43,(anonymous_9)
FN:85,(anonymous_10)
FN:85,(anonymous_11)
FN:89,(anonymous_12)
FN:101,(anonymous_13)
FN:101,(anonymous_14)
FN:120,(anonymous_15)
FN:120,(anonymous_16)
FN:135,(anonymous_17)
FN:144,(anonymous_18)
FN:144,(anonymous_19)
FN:146,(anonymous_20)
FN:155,(anonymous_21)
FN:155,(anonymous_22)
FN:157,(anonymous_23)
FN:169,(anonymous_24)
FN:181,(anonymous_25)
FN:183,(anonymous_26)
FN:189,(anonymous_27)
FN:195,(anonymous_28)
FN:195,(anonymous_29)
FN:234,(anonymous_30)
FN:237,(anonymous_31)
FN:242,(anonymous_32)
FN:250,(anonymous_33)
FN:269,(anonymous_34)
FN:269,(anonymous_35)
FN:280,(anonymous_36)
FN:282,(anonymous_37)
FN:294,(anonymous_38)
FN:295,(anonymous_39)
FN:297,(anonymous_40)
FN:305,(anonymous_41)
FN:305,(anonymous_42)
FN:312,(anonymous_43)
FN:313,(anonymous_44)
FN:340,(anonymous_45)
FN:352,(anonymous_46)
FN:366,(anonymous_47)
FN:366,(anonymous_48)
FN:381,(anonymous_49)
FN:382,(anonymous_50)
FN:390,(anonymous_51)
FN:397,(anonymous_52)
FN:405,(anonymous_53)
FN:405,(anonymous_54)
FN:410,(anonymous_55)
FN:410,(anonymous_56)
FN:413,(anonymous_57)
FN:420,(anonymous_58)
FN:421,(anonymous_59)
FN:444,(anonymous_60)
FN:444,(anonymous_61)
FN:456,(anonymous_62)
FN:456,(anonymous_63)
FN:459,(anonymous_64)
FN:459,(anonymous_65)
FN:462,(anonymous_66)
FN:462,(anonymous_67)
FN:481,(anonymous_68)
FN:481,(anonymous_69)
FN:499,(anonymous_70)
FN:499,(anonymous_71)
FN:541,(anonymous_72)
FN:545,(anonymous_73)
FN:567,(anonymous_74)
FN:574,(anonymous_75)
FN:577,(anonymous_76)
FN:581,(anonymous_77)
FN:586,(anonymous_78)
FN:586,(anonymous_79)
FNF:72
FNH:0
FNDA:0,launchBrowser
FNDA:0,(anonymous_9)
FNDA:0,(anonymous_10)
FNDA:0,(anonymous_11)
FNDA:0,(anonymous_12)
FNDA:0,(anonymous_13)
FNDA:0,(anonymous_14)
FNDA:0,(anonymous_15)
FNDA:0,(anonymous_16)
FNDA:0,(anonymous_17)
FNDA:0,(anonymous_18)
FNDA:0,(anonymous_19)
FNDA:0,(anonymous_20)
FNDA:0,(anonymous_21)
FNDA:0,(anonymous_22)
FNDA:0,(anonymous_23)
FNDA:0,(anonymous_24)
FNDA:0,(anonymous_25)
FNDA:0,(anonymous_26)
FNDA:0,(anonymous_27)
FNDA:0,(anonymous_28)
FNDA:0,(anonymous_29)
FNDA:0,(anonymous_30)
FNDA:0,(anonymous_31)
FNDA:0,(anonymous_32)
FNDA:0,(anonymous_33)
FNDA:0,(anonymous_34)
FNDA:0,(anonymous_35)
FNDA:0,(anonymous_36)
FNDA:0,(anonymous_37)
FNDA:0,(anonymous_38)
FNDA:0,(anonymous_39)
FNDA:0,(anonymous_40)
FNDA:0,(anonymous_41)
FNDA:0,(anonymous_42)
FNDA:0,(anonymous_43)
FNDA:0,(anonymous_44)
FNDA:0,(anonymous_45)
FNDA:0,(anonymous_46)
FNDA:0,(anonymous_47)
FNDA:0,(anonymous_48)
FNDA:0,(anonymous_49)
FNDA:0,(anonymous_50)
FNDA:0,(anonymous_51)
FNDA:0,(anonymous_52)
FNDA:0,(anonymous_53)
FNDA:0,(anonymous_54)
FNDA:0,(anonymous_55)
FNDA:0,(anonymous_56)
FNDA:0,(anonymous_57)
FNDA:0,(anonymous_58)
FNDA:0,(anonymous_59)
FNDA:0,(anonymous_60)
FNDA:0,(anonymous_61)
FNDA:0,(anonymous_62)
FNDA:0,(anonymous_63)
FNDA:0,(anonymous_64)
FNDA:0,(anonymous_65)
FNDA:0,(anonymous_66)
FNDA:0,(anonymous_67)
FNDA:0,(anonymous_68)
FNDA:0,(anonymous_69)
FNDA:0,(anonymous_70)
FNDA:0,(anonymous_71)
FNDA:0,(anonymous_72)
FNDA:0,(anonymous_73)
FNDA:0,(anonymous_74)
FNDA:0,(anonymous_75)
FNDA:0,(anonymous_76)
FNDA:0,(anonymous_77)
FNDA:0,(anonymous_78)
FNDA:0,(anonymous_79)
DA:1,0
DA:3,0
DA:9,0
DA:11,0
DA:14,0
DA:17,0
DA:18,0
DA:43,0
DA:49,0
DA:50,0
DA:55,0
DA:56,0
DA:57,0
DA:58,0
DA:60,0
DA:64,0
DA:66,0
DA:67,0
DA:68,0
DA:71,0
DA:72,0
DA:74,0
DA:75,0
DA:76,0
DA:77,0
DA:80,0
DA:83,0
DA:85,0
DA:86,0
DA:87,0
DA:88,0
DA:89,0
DA:91,0
DA:93,0
DA:96,0
DA:101,0
DA:102,0
DA:103,0
DA:104,0
DA:111,0
DA:113,0
DA:120,0
DA:121,0
DA:122,0
DA:135,0
DA:137,0
DA:140,0
DA:144,0
DA:145,0
DA:146,0
DA:148,0
DA:151,0
DA:155,0
DA:156,0
DA:157,0
DA:159,0
DA:162,0
DA:168,0
DA:169,0
DA:170,0
DA:171,0
DA:172,0
DA:173,0
DA:177,0
DA:180,0
DA:181,0
DA:183,0
DA:188,0
DA:189,0
DA:195,0
DA:196,0
DA:197,0
DA:200,0
DA:201,0
DA:203,0
DA:208,0
DA:209,0
DA:210,0
DA:211,0
DA:212,0
DA:213,0
DA:219,0
DA:220,0
DA:221,0
DA:222,0
DA:223,0
DA:224,0
DA:225,0
DA:226,0
DA:229,0
DA:234,0
DA:235,0
DA:236,0
DA:239,0
DA:242,0
DA:243,0
DA:244,0
DA:246,0
DA:247,0
DA:249,0
DA:251,0
DA:252,0
DA:255,0
DA:257,0
DA:258,0
DA:261,0
DA:262,0
DA:269,0
DA:270,0
DA:271,0
DA:273,0
DA:276,0
DA:277,0
DA:279,0
DA:280,0
DA:281,0
DA:282,0
DA:286,0
DA:287,0
DA:288,0
DA:292,0
DA:293,0
DA:294,0
DA:295,0
DA:297,0
DA:299,0
DA:300,0
DA:301,0
DA:302,0
DA:305,0
DA:306,0
DA:307,0
DA:310,0
DA:311,0
DA:312,0
DA:313,0
DA:315,0
DA:318,0
DA:319,0
DA:321,0
DA:329,0
DA:330,0
DA:340,0
DA:341,0
DA:342,0
DA:352,0
DA:353,0
DA:354,0
DA:355,0
DA:366,0
DA:367,0
DA:381,0
DA:382,0
DA:384,0
DA:386,0
DA:387,0
DA:389,0
DA:390,0
DA:392,0
DA:393,0
DA:396,0
DA:397,0
DA:399,0
DA:400,0
DA:405,0
DA:406,0
DA:407,0
DA:410,0
DA:411,0
DA:412,0
DA:413,0
DA:414,0
DA:415,0
DA:418,0
DA:419,0
DA:420,0
DA:421,0
DA:422,0
DA:425,0
DA:432,0
DA:433,0
DA:434,0
DA:437,0
DA:439,0
DA:444,0
DA:445,0
DA:449,0
DA:454,0
DA:456,0
DA:457,0
DA:459,0
DA:460,0
DA:462,0
DA:465,0
DA:466,0
DA:467,0
DA:469,0
DA:474,0
DA:478,0
DA:481,0
DA:482,0
DA:483,0
DA:484,0
DA:485,0
DA:486,0
DA:487,0
DA:488,0
DA:489,0
DA:490,0
DA:491,0
DA:493,0
DA:499,0
DA:500,0
DA:501,0
DA:502,0
DA:503,0
DA:508,0
DA:509,0
DA:510,0
DA:512,0
DA:518,0
DA:519,0
DA:521,0
DA:522,0
DA:524,0
DA:532,0
DA:535,0
DA:536,0
DA:538,0
DA:540,0
DA:541,0
DA:544,0
DA:545,0
DA:546,0
DA:547,0
DA:548,0
DA:551,0
DA:552,0
DA:553,0
DA:554,0
DA:555,0
DA:557,0
DA:560,0
DA:561,0
DA:567,0
DA:568,0
DA:569,0
DA:570,0
DA:574,0
DA:575,0
DA:576,0
DA:577,0
DA:578,0
DA:586,0
DA:587,0
DA:588,0
DA:590,0
DA:591,0
DA:595,0
DA:598,0
DA:601,0
DA:605,0
LF:262
LH:0
BRDA:43,0,0,0
BRDA:43,1,0,0
BRDA:43,2,0,0
BRDA:91,3,0,0
BRDA:91,3,1,0
BRDA:93,4,0,0
BRDA:93,4,1,0
BRDA:105,5,0,0
BRDA:105,5,1,0
BRDA:106,6,0,0
BRDA:106,6,1,0
BRDA:107,7,0,0
BRDA:107,7,1,0
BRDA:108,8,0,0
BRDA:108,8,1,0
BRDA:109,9,0,0
BRDA:109,9,1,0
BRDA:123,10,0,0
BRDA:123,10,1,0
BRDA:124,11,0,0
BRDA:124,11,1,0
BRDA:125,12,0,0
BRDA:125,12,1,0
BRDA:126,13,0,0
BRDA:126,13,1,0
BRDA:127,14,0,0
BRDA:127,14,1,0
BRDA:128,15,0,0
BRDA:128,15,1,0
BRDA:129,16,0,0
BRDA:129,16,1,0
BRDA:130,17,0,0
BRDA:130,17,1,0
BRDA:131,18,0,0
BRDA:131,18,1,0
BRDA:132,19,0,0
BRDA:132,19,1,0
BRDA:137,20,0,0
BRDA:137,20,1,0
BRDA:138,21,0,0
BRDA:138,21,1,0
BRDA:148,22,0,0
BRDA:148,22,1,0
BRDA:149,23,0,0
BRDA:149,23,1,0
BRDA:159,24,0,0
BRDA:159,24,1,0
BRDA:160,25,0,0
BRDA:160,25,1,0
BRDA:170,26,0,0
BRDA:170,26,1,0
BRDA:171,27,0,0
BRDA:171,27,1,0
BRDA:171,28,0,0
BRDA:171,28,1,0
BRDA:211,29,0,0
BRDA:211,29,1,0
BRDA:219,30,0,0
BRDA:219,30,1,0
BRDA:246,31,0,0
BRDA:246,31,1,0
BRDA:249,32,0,0
BRDA:249,32,1,0
BRDA:249,32,2,0
BRDA:257,33,0,0
BRDA:257,33,1,0
BRDA:270,34,0,0
BRDA:270,34,1,0
BRDA:280,35,0,0
BRDA:280,35,1,0
BRDA:281,36,0,0
BRDA:281,36,1,0
BRDA:286,37,0,0
BRDA:286,37,1,0
BRDA:313,38,0,0
BRDA:313,38,1,0
BRDA:315,39,0,0
BRDA:315,39,1,0
BRDA:319,40,0,0
BRDA:319,40,1,0
BRDA:322,41,0,0
BRDA:322,41,1,0
BRDA:329,42,0,0
BRDA:329,42,1,0
BRDA:329,43,0,0
BRDA:329,43,1,0
BRDA:333,44,0,0
BRDA:333,44,1,0
BRDA:344,45,0,0
BRDA:344,45,1,0
BRDA:354,46,0,0
BRDA:354,46,1,0
BRDA:354,47,0,0
BRDA:354,47,1,0
BRDA:384,48,0,0
BRDA:384,48,1,0
BRDA:406,49,0,0
BRDA:406,49,1,0
BRDA:407,50,0,0
BRDA:407,50,1,0
BRDA:407,51,0,0
BRDA:407,51,1,0
BRDA:411,52,0,0
BRDA:411,52,1,0
BRDA:415,53,0,0
BRDA:415,53,1,0
BRDA:415,54,0,0
BRDA:415,54,1,0
BRDA:415,54,2,0
BRDA:432,55,0,0
BRDA:432,55,1,0
BRDA:433,56,0,0
BRDA:433,56,1,0
BRDA:434,57,0,0
BRDA:434,57,1,0
BRDA:478,58,0,0
BRDA:478,58,1,0
BRDA:484,59,0,0
BRDA:484,59,1,0
BRDA:484,60,0,0
BRDA:484,60,1,0
BRDA:484,60,2,0
BRDA:484,60,3,0
BRDA:484,60,4,0
BRDA:486,61,0,0
BRDA:486,61,1,0
BRDA:501,62,0,0
BRDA:501,62,1,0
BRDA:512,63,0,0
BRDA:512,63,1,0
BRDA:512,63,2,0
BRDA:512,63,3,0
BRDA:512,63,4,0
BRDA:518,64,0,0
BRDA:518,64,1,0
BRDA:521,65,0,0
BRDA:521,65,1,0
BRDA:538,66,0,0
BRDA:538,66,1,0
BRDA:538,67,0,0
BRDA:538,67,1,0
BRDA:538,67,2,0
BRDA:548,68,0,0
BRDA:548,68,1,0
BRDA:548,68,2,0
BRDA:548,68,3,0
BRDA:548,68,4,0
BRDA:551,69,0,0
BRDA:551,69,1,0
BRDA:553,70,0,0
BRDA:553,70,1,0
BRDA:560,71,0,0
BRDA:560,71,1,0
BRDA:569,72,0,0
BRDA:569,72,1,0
BRDA:576,73,0,0
BRDA:576,73,1,0
BRDA:576,74,0,0
BRDA:576,74,1,0
BRF:159
BRH:0
end_of_record
TN:
SF:src\cli\init.ts
FN:4,readConsole
FN:5,(anonymous_10)
FN:14,(anonymous_11)
FN:37,init
FN:92,detectProjectType
FNF:5
FNH:0
FNDA:0,readConsole
FNDA:0,(anonymous_10)
FNDA:0,(anonymous_11)
FNDA:0,init
FNDA:0,detectProjectType
DA:1,0
DA:2,0
DA:5,0
DA:6,0
DA:9,0
DA:10,0
DA:14,0
DA:15,0
DA:16,0
DA:18,0
DA:22,0
DA:23,0
DA:24,0
DA:25,0
DA:26,0
DA:27,0
DA:30,0
DA:31,0
DA:37,0
DA:38,0
DA:39,0
DA:42,0
DA:43,0
DA:44,0
DA:45,0
DA:49,0
DA:50,0
DA:52,0
DA:54,0
DA:55,0
DA:56,0
DA:57,0
DA:58,0
DA:59,0
DA:61,0
DA:67,0
DA:75,0
DA:76,0
DA:77,0
DA:78,0
DA:79,0
DA:80,0
DA:81,0
DA:82,0
DA:83,0
DA:84,0
DA:85,0
DA:87,0
DA:88,0
DA:93,0
DA:94,0
DA:95,0
DA:96,0
DA:99,0
DA:100,0
DA:101,0
DA:103,0
DA:104,0
DA:105,0
DA:106,0
DA:107,0
DA:109,0
DA:112,0
DA:113,0
DA:115,0
LF:65
LH:0
BRDA:9,0,0,0
BRDA:9,0,1,0
BRDA:42,1,0,0
BRDA:42,1,1,0
BRDA:52,2,0,0
BRDA:52,2,1,0
BRDA:52,3,0,0
BRDA:52,3,1,0
BRDA:54,4,0,0
BRDA:54,4,1,0
BRDA:58,5,0,0
BRDA:58,5,1,0
BRDA:93,6,0,0
BRDA:93,6,1,0
BRDA:95,7,0,0
BRDA:95,7,1,0
BRDA:95,8,0,0
BRDA:95,8,1,0
BRDA:99,9,0,0
BRDA:99,9,1,0
BRDA:103,10,0,0
BRDA:103,10,1,0
BRDA:104,11,0,0
BRDA:104,11,1,0
BRDA:105,12,0,0
BRDA:105,12,1,0
BRDA:106,13,0,0
BRDA:106,13,1,0
BRDA:107,14,0,0
BRDA:107,14,1,0
BRDA:112,15,0,0
BRDA:112,15,1,0
BRDA:113,16,0,0
BRDA:113,16,1,0
BRF:34
BRH:0
end_of_record
TN:
SF:src\cli\run.ts
FN:6,readConsole
FN:7,(anonymous_10)
FN:16,(anonymous_11)
FN:54,getUptime
FN:61,isViolation
FN:71,isRequest
FN:76,getPrefix
FN:85,colorizeLog
FN:105,run
FN:137,(anonymous_19)
FN:156,(anonymous_20)
FN:239,(anonymous_21)
FN:250,(anonymous_22)
FN:251,(anonymous_23)
FN:256,(anonymous_24)
FN:256,(anonymous_25)
FNF:16
FNH:0
FNDA:0,readConsole
FNDA:0,(anonymous_10)
FNDA:0,(anonymous_11)
FNDA:0,getUptime
FNDA:0,isViolation
FNDA:0,isRequest
FNDA:0,getPrefix
FNDA:0,colorizeLog
FNDA:0,run
FNDA:0,(anonymous_19)
FNDA:0,(anonymous_20)
FNDA:0,(anonymous_21)
FNDA:0,(anonymous_22)
FNDA:0,(anonymous_23)
FNDA:0,(anonymous_24)
FNDA:0,(anonymous_25)
DA:2,0
DA:3,0
DA:4,0
DA:7,0
DA:8,0
DA:11,0
DA:12,0
DA:16,0
DA:17,0
DA:18,0
DA:20,0
DA:24,0
DA:25,0
DA:26,0
DA:27,0
DA:28,0
DA:29,0
DA:31,0
DA:32,0
DA:37,0
DA:38,0
DA:41,0
DA:42,0
DA:43,0
DA:44,0
DA:47,0
DA:48,0
DA:49,0
DA:50,0
DA:51,0
DA:55,0
DA:56,0
DA:57,0
DA:58,0
DA:62,0
DA:64,0
DA:65,0
DA:68,0
DA:72,0
DA:73,0
DA:77,0
DA:78,0
DA:79,0
DA:82,0
DA:86,0
DA:87,0
DA:89,0
DA:90,0
DA:91,0
DA:92,0
DA:93,0
DA:94,0
DA:95,0
DA:96,0
DA:97,0
DA:98,0
DA:101,0
DA:105,0
DA:106,0
DA:107,0
DA:109,0
DA:112,0
DA:113,0
DA:114,0
DA:115,0
DA:116,0
DA:117,0
DA:118,0
DA:119,0
DA:120,0
DA:121,0
DA:123,0
DA:124,0
DA:125,0
DA:126,0
DA:127,0
DA:129,0
DA:132,0
DA:133,0
DA:136,0
DA:137,0
DA:138,0
DA:139,0
DA:140,0
DA:141,0
DA:143,0
DA:144,0
DA:145,0
DA:147,0
DA:148,0
DA:149,0
DA:152,0
DA:156,0
DA:159,0
DA:160,0
DA:161,0
DA:163,0
DA:165,0
DA:166,0
DA:167,0
DA:169,0
DA:171,0
DA:172,0
DA:173,0
DA:176,0
DA:177,0
DA:178,0
DA:179,0
DA:180,0
DA:183,0
DA:184,0
DA:187,0
DA:188,0
DA:189,0
DA:192,0
DA:193,0
DA:195,0
DA:196,0
DA:197,0
DA:198,0
DA:199,0
DA:200,0
DA:201,0
DA:203,0
DA:209,0
DA:210,0
DA:211,0
DA:214,0
DA:215,0
DA:216,0
DA:217,0
DA:218,0
DA:219,0
DA:220,0
DA:223,0
DA:224,0
DA:226,0
DA:227,0
DA:230,0
DA:231,0
DA:233,0
DA:234,0
DA:235,0
DA:236,0
DA:239,0
DA:240,0
DA:244,0
DA:246,0
DA:250,0
DA:251,0
DA:256,0
DA:257,0
DA:258,0
DA:259,0
DA:260,0
DA:261,0
DA:262,0
DA:263,0
DA:264,0
DA:265,0
DA:266,0
DA:267,0
DA:268,0
DA:270,0
DA:271,0
DA:272,0
DA:275,0
DA:276,0
DA:278,0
DA:279,0
DA:280,0
DA:283,0
LF:172
LH:0
BRDA:11,0,0,0
BRDA:11,0,1,0
BRDA:64,1,0,0
BRDA:64,1,1,0
BRDA:64,1,2,0
BRDA:65,2,0,0
BRDA:65,2,1,0
BRDA:65,2,2,0
BRDA:65,2,3,0
BRDA:65,2,4,0
BRDA:68,3,0,0
BRDA:68,3,1,0
BRDA:73,4,0,0
BRDA:73,4,1,0
BRDA:73,4,2,0
BRDA:73,4,3,0
BRDA:79,5,0,0
BRDA:79,5,1,0
BRDA:89,6,0,0
BRDA:89,6,1,0
BRDA:89,7,0,0
BRDA:89,7,1,0
BRDA:89,7,2,0
BRDA:91,8,0,0
BRDA:91,8,1,0
BRDA:91,9,0,0
BRDA:91,9,1,0
BRDA:91,9,2,0
BRDA:93,10,0,0
BRDA:93,10,1,0
BRDA:93,11,0,0
BRDA:93,11,1,0
BRDA:95,12,0,0
BRDA:95,12,1,0
BRDA:95,13,0,0
BRDA:95,13,1,0
BRDA:97,14,0,0
BRDA:97,14,1,0
BRDA:125,15,0,0
BRDA:125,15,1,0
BRDA:141,16,0,0
BRDA:141,16,1,0
BRDA:143,17,0,0
BRDA:143,17,1,0
BRDA:144,18,0,0
BRDA:144,18,1,0
BRDA:145,19,0,0
BRDA:145,19,1,0
BRDA:145,20,0,0
BRDA:145,20,1,0
BRDA:147,21,0,0
BRDA:147,21,1,0
BRDA:165,22,0,0
BRDA:165,22,1,0
BRDA:171,23,0,0
BRDA:171,23,1,0
BRDA:187,24,0,0
BRDA:187,24,1,0
BRDA:199,25,0,0
BRDA:199,25,1,0
BRDA:199,26,0,0
BRDA:199,26,1,0
BRDA:199,26,2,0
BRDA:227,27,0,0
BRDA:227,27,1,0
BRDA:252,28,0,0
BRDA:252,28,1,0
BRDA:257,29,0,0
BRDA:257,29,1,0
BRDA:267,30,0,0
BRDA:267,30,1,0
BRDA:270,31,0,0
BRDA:270,31,1,0
BRDA:278,32,0,0
BRDA:278,32,1,0
BRF:75
BRH:0
end_of_record
TN:
SF:src\collectors\link-scanner.ts
FN:17,scanLinksForPage
FN:28,(anonymous_9)
FN:38,(anonymous_10)
FN:74,(anonymous_11)
FN:75,(anonymous_12)
FN:75,(anonymous_13)
FN:79,(anonymous_14)
FN:80,(anonymous_15)
FN:82,(anonymous_16)
FN:89,(anonymous_17)
FN:93,(anonymous_18)
FN:99,(anonymous_19)
FN:103,(anonymous_20)
FN:135,(anonymous_21)
FN:161,startLinkScanner
FN:170,(anonymous_23)
FN:175,(anonymous_24)
FN:189,(anonymous_25)
FN:189,(anonymous_26)
FN:203,(anonymous_27)
FNF:20
FNH:0
FNDA:0,scanLinksForPage
FNDA:0,(anonymous_9)
FNDA:0,(anonymous_10)
FNDA:0,(anonymous_11)
FNDA:0,(anonymous_12)
FNDA:0,(anonymous_13)
FNDA:0,(anonymous_14)
FNDA:0,(anonymous_15)
FNDA:0,(anonymous_16)
FNDA:0,(anonymous_17)
FNDA:0,(anonymous_18)
FNDA:0,(anonymous_19)
FNDA:0,(anonymous_20)
FNDA:0,(anonymous_21)
FNDA:0,startLinkScanner
FNDA:0,(anonymous_23)
FNDA:0,(anonymous_24)
FNDA:0,(anonymous_25)
FNDA:0,(anonymous_26)
FNDA:0,(anonymous_27)
DA:5,0
DA:6,0
DA:17,0
DA:24,0
DA:26,0
DA:28,0
DA:29,0
DA:30,0
DA:32,0
DA:38,0
DA:39,0
DA:40,0
DA:41,0
DA:44,0
DA:45,0
DA:46,0
DA:50,0
DA:52,0
DA:56,0
DA:57,0
DA:58,0
DA:59,0
DA:61,0
DA:66,0
DA:70,0
DA:73,0
DA:74,0
DA:75,0
DA:79,0
DA:80,0
DA:81,0
DA:82,0
DA:84,0
DA:90,0
DA:91,0
DA:95,0
DA:100,0
DA:101,0
DA:104,0
DA:105,0
DA:112,0
DA:113,0
DA:114,0
DA:115,0
DA:123,0
DA:128,0
DA:129,0
DA:135,0
DA:136,0
DA:137,0
DA:143,0
DA:144,0
DA:145,0
DA:161,0
DA:170,0
DA:171,0
DA:172,0
DA:175,0
DA:176,0
DA:177,0
DA:178,0
DA:179,0
DA:180,0
DA:186,0
DA:189,0
DA:190,0
DA:191,0
DA:193,0
DA:194,0
DA:195,0
DA:196,0
DA:201,0
DA:203,0
DA:204,0
DA:205,0
LF:75
LH:0
BRDA:24,0,0,0
BRDA:24,0,1,0
BRDA:24,1,0,0
BRDA:24,1,1,0
BRDA:39,2,0,0
BRDA:39,2,1,0
BRDA:41,3,0,0
BRDA:41,3,1,0
BRDA:41,4,0,0
BRDA:41,4,1,0
BRDA:41,5,0,0
BRDA:41,5,1,0
BRDA:44,6,0,0
BRDA:44,6,1,0
BRDA:50,7,0,0
BRDA:50,7,1,0
BRDA:50,8,0,0
BRDA:50,8,1,0
BRDA:50,8,2,0
BRDA:50,8,3,0
BRDA:56,9,0,0
BRDA:56,9,1,0
BRDA:58,10,0,0
BRDA:58,10,1,0
BRDA:91,11,0,0
BRDA:91,11,1,0
BRDA:113,12,0,0
BRDA:113,12,1,0
BRDA:117,13,0,0
BRDA:117,13,1,0
BRDA:128,14,0,0
BRDA:128,14,1,0
BRDA:136,15,0,0
BRDA:136,15,1,0
BRDA:144,16,0,0
BRDA:144,16,1,0
BRDA:144,17,0,0
BRDA:144,17,1,0
BRDA:172,18,0,0
BRDA:172,18,1,0
BRDA:177,19,0,0
BRDA:177,19,1,0
BRDA:177,20,0,0
BRDA:177,20,1,0
BRDA:178,21,0,0
BRDA:178,21,1,0
BRDA:191,22,0,0
BRDA:191,22,1,0
BRDA:194,23,0,0
BRDA:194,23,1,0
BRDA:195,24,0,0
BRDA:195,24,1,0
BRF:52
BRH:0
end_of_record
TN:
SF:src\collectors\storage-metrics.ts
FN:36,startStorageMetricsCollector
FN:41,(anonymous_8)
FN:41,(anonymous_9)
FN:46,(anonymous_10)
FN:51,(anonymous_11)
FN:62,(anonymous_12)
FN:63,(anonymous_13)
FN:66,(anonymous_14)
FN:84,(anonymous_15)
FNF:9
FNH:0
FNDA:0,startStorageMetricsCollector
FNDA:0,(anonymous_8)
FNDA:0,(anonymous_9)
FNDA:0,(anonymous_10)
FNDA:0,(anonymous_11)
FNDA:0,(anonymous_12)
FNDA:0,(anonymous_13)
FNDA:0,(anonymous_14)
FNDA:0,(anonymous_15)
DA:36,0
DA:41,0
DA:42,0
DA:43,0
DA:45,0
DA:46,0
DA:47,0
DA:48,0
DA:49,0
DA:51,0
DA:52,0
DA:53,0
DA:54,0
DA:55,0
DA:56,0
DA:57,0
DA:60,0
DA:62,0
DA:63,0
DA:66,0
DA:71,0
DA:73,0
DA:75,0
DA:76,0
DA:81,0
DA:84,0
LF:26
LH:0
BRDA:39,0,0,0
BRDA:43,1,0,0
BRDA:43,1,1,0
BRDA:43,2,0,0
BRDA:43,2,1,0
BRDA:52,3,0,0
BRDA:52,3,1,0
BRDA:53,4,0,0
BRDA:53,4,1,0
BRDA:53,5,0,0
BRDA:53,5,1,0
BRDA:53,6,0,0
BRDA:53,6,1,0
BRDA:54,7,0,0
BRDA:54,7,1,0
BRDA:54,8,0,0
BRDA:54,8,1,0
BRDA:54,9,0,0
BRDA:54,9,1,0
BRDA:55,10,0,0
BRDA:55,10,1,0
BRDA:55,11,0,0
BRDA:55,11,1,0
BRDA:55,12,0,0
BRDA:55,12,1,0
BRDA:56,13,0,0
BRDA:56,13,1,0
BRDA:56,14,0,0
BRDA:56,14,1,0
BRDA:56,15,0,0
BRDA:56,15,1,0
BRDA:57,16,0,0
BRDA:57,16,1,0
BRDA:62,17,0,0
BRDA:62,17,1,0
BRDA:62,18,0,0
BRDA:62,18,1,0
BRDA:62,19,0,0
BRDA:62,19,1,0
BRDA:63,20,0,0
BRDA:63,20,1,0
BRDA:63,21,0,0
BRDA:63,21,1,0
BRDA:63,22,0,0
BRDA:63,22,1,0
BRDA:66,23,0,0
BRDA:66,23,1,0
BRDA:75,24,0,0
BRDA:75,24,1,0
BRDA:75,25,0,0
BRDA:75,25,1,0
BRF:51
BRH:0
end_of_record
TN:
SF:src\electron\electron-launcher.ts
FN:29,getRandomPort
FN:38,waitForCDP
FN:41,(anonymous_10)
FN:42,(anonymous_11)
FN:48,(anonymous_12)
FN:50,(anonymous_13)
FN:51,(anonymous_14)
FN:65,(anonymous_15)
FN:69,(anonymous_16)
FN:82,launchElectron
FN:82,(anonymous_18)
FN:130,(anonymous_19)
FN:135,(anonymous_20)
FN:144,(anonymous_21)
FN:170,killElectron
FN:175,(anonymous_23)
FNF:16
FNH:0
FNDA:0,getRandomPort
FNDA:0,waitForCDP
FNDA:0,(anonymous_10)
FNDA:0,(anonymous_11)
FNDA:0,(anonymous_12)
FNDA:0,(anonymous_13)
FNDA:0,(anonymous_14)
FNDA:0,(anonymous_15)
FNDA:0,(anonymous_16)
FNDA:0,launchElectron
FNDA:0,(anonymous_18)
FNDA:0,(anonymous_19)
FNDA:0,(anonymous_20)
FNDA:0,(anonymous_21)
FNDA:0,killElectron
FNDA:0,(anonymous_23)
DA:13,0
DA:14,0
DA:15,0
DA:31,0
DA:39,0
DA:41,0
DA:42,0
DA:43,0
DA:44,0
DA:45,0
DA:48,0
DA:49,0
DA:50,0
DA:51,0
DA:52,0
DA:53,0
DA:54,0
DA:55,0
DA:57,0
DA:60,0
DA:65,0
DA:66,0
DA:69,0
DA:70,0
DA:71,0
DA:75,0
DA:82,0
DA:83,0
DA:89,0
DA:91,0
DA:94,0
DA:96,0
DA:97,0
DA:98,0
DA:100,0
DA:106,0
DA:108,0
DA:120,0
DA:123,0
DA:124,0
DA:130,0
DA:131,0
DA:132,0
DA:135,0
DA:136,0
DA:138,0
DA:139,0
DA:144,0
DA:145,0
DA:146,0
DA:152,0
DA:153,0
DA:154,0
DA:156,0
DA:157,0
DA:160,0
DA:170,0
DA:171,0
DA:172,0
DA:173,0
DA:175,0
DA:176,0
DA:177,0
DA:178,0
LF:64
LH:0
BRDA:38,0,0,0
BRDA:43,1,0,0
BRDA:43,1,1,0
BRDA:54,2,0,0
BRDA:54,2,1,0
BRDA:82,3,0,0
BRDA:82,4,0,0
BRDA:89,5,0,0
BRDA:89,5,1,0
BRDA:123,6,0,0
BRDA:123,6,1,0
BRDA:130,7,0,0
BRDA:130,7,1,0
BRDA:130,8,0,0
BRDA:130,8,1,0
BRDA:132,9,0,0
BRDA:132,9,1,0
BRDA:135,10,0,0
BRDA:135,10,1,0
BRDA:135,11,0,0
BRDA:135,11,1,0
BRDA:138,12,0,0
BRDA:138,12,1,0
BRDA:138,13,0,0
BRDA:138,13,1,0
BRDA:138,13,2,0
BRDA:138,13,3,0
BRDA:145,14,0,0
BRDA:145,14,1,0
BRDA:145,15,0,0
BRDA:145,15,1,0
BRDA:172,16,0,0
BRDA:172,16,1,0
BRDA:177,17,0,0
BRDA:177,17,1,0
BRF:35
BRH:0
end_of_record
TN:
SF:src\electron\electron-main.ts
FN:43,(anonymous_8)
FN:90,(anonymous_9)
FN:91,(anonymous_10)
FN:111,(anonymous_11)
FN:115,(anonymous_12)
FN:123,(anonymous_13)
FN:129,(anonymous_14)
FN:134,(anonymous_15)
FN:134,(anonymous_16)
FN:137,(anonymous_17)
FN:147,(anonymous_18)
FN:170,(anonymous_19)
FN:170,(anonymous_20)
FN:171,(anonymous_21)
FN:195,(anonymous_22)
FN:200,(anonymous_23)
FN:269,(anonymous_24)
FN:275,(anonymous_25)
FN:280,(anonymous_26)
FN:284,(anonymous_27)
FNF:20
FNH:0
FNDA:0,(anonymous_8)
FNDA:0,(anonymous_9)
FNDA:0,(anonymous_10)
FNDA:0,(anonymous_11)
FNDA:0,(anonymous_12)
FNDA:0,(anonymous_13)
FNDA:0,(anonymous_14)
FNDA:0,(anonymous_15)
FNDA:0,(anonymous_16)
FNDA:0,(anonymous_17)
FNDA:0,(anonymous_18)
FNDA:0,(anonymous_19)
FNDA:0,(anonymous_20)
FNDA:0,(anonymous_21)
FNDA:0,(anonymous_22)
FNDA:0,(anonymous_23)
FNDA:0,(anonymous_24)
FNDA:0,(anonymous_25)
FNDA:0,(anonymous_26)
FNDA:0,(anonymous_27)
DA:13,0
DA:14,0
DA:15,0
DA:16,0
DA:21,0
DA:24,0
DA:25,0
DA:28,0
DA:29,0
DA:32,0
DA:33,0
DA:37,0
DA:38,0
DA:39,0
DA:41,0
DA:43,0
DA:45,0
DA:46,0
DA:48,0
DA:73,0
DA:74,0
DA:80,0
DA:87,0
DA:88,0
DA:90,0
DA:91,0
DA:92,0
DA:93,0
DA:94,0
DA:95,0
DA:96,0
DA:99,0
DA:100,0
DA:106,0
DA:111,0
DA:112,0
DA:115,0
DA:116,0
DA:117,0
DA:119,0
DA:123,0
DA:124,0
DA:129,0
DA:130,0
DA:134,0
DA:135,0
DA:137,0
DA:138,0
DA:139,0
DA:141,0
DA:145,0
DA:147,0
DA:148,0
DA:149,0
DA:150,0
DA:151,0
DA:155,0
DA:156,0
DA:157,0
DA:158,0
DA:161,0
DA:162,0
DA:163,0
DA:166,0
DA:170,0
DA:171,0
DA:172,0
DA:173,0
DA:174,0
DA:175,0
DA:176,0
DA:178,0
DA:179,0
DA:180,0
DA:182,0
DA:183,0
DA:185,0
DA:187,0
DA:188,0
DA:189,0
DA:193,0
DA:195,0
DA:196,0
DA:198,0
DA:199,0
DA:200,0
DA:201,0
DA:202,0
DA:203,0
DA:205,0
DA:207,0
DA:210,0
DA:211,0
DA:212,0
DA:216,0
DA:218,0
DA:219,0
DA:220,0
DA:221,0
DA:223,0
DA:226,0
DA:229,0
DA:230,0
DA:236,0
DA:237,0
DA:239,0
DA:244,0
DA:245,0
DA:247,0
DA:249,0
DA:251,0
DA:253,0
DA:254,0
DA:258,0
DA:259,0
DA:260,0
DA:262,0
DA:263,0
DA:264,0
DA:265,0
DA:269,0
DA:270,0
DA:275,0
DA:276,0
DA:280,0
DA:281,0
DA:284,0
DA:285,0
LF:128
LH:0
BRDA:21,0,0,0
BRDA:21,0,1,0
BRDA:28,1,0,0
BRDA:28,1,1,0
BRDA:29,2,0,0
BRDA:29,2,1,0
BRDA:32,3,0,0
BRDA:32,3,1,0
BRDA:53,4,0,0
BRDA:53,4,1,0
BRDA:54,5,0,0
BRDA:54,5,1,0
BRDA:55,6,0,0
BRDA:55,6,1,0
BRDA:56,7,0,0
BRDA:56,7,1,0
BRDA:67,8,0,0
BRDA:67,8,1,0
BRDA:67,9,0,0
BRDA:67,9,1,0
BRDA:68,10,0,0
BRDA:68,10,1,0
BRDA:73,11,0,0
BRDA:73,11,1,0
BRDA:87,12,0,0
BRDA:87,12,1,0
BRDA:88,13,0,0
BRDA:88,13,1,0
BRDA:94,14,0,0
BRDA:94,14,1,0
BRDA:95,15,0,0
BRDA:95,15,1,0
BRDA:96,16,0,0
BRDA:96,16,1,0
BRDA:99,17,0,0
BRDA:99,17,1,0
BRDA:99,18,0,0
BRDA:99,18,1,0
BRDA:99,18,2,0
BRDA:100,19,0,0
BRDA:100,19,1,0
BRDA:100,20,0,0
BRDA:100,20,1,0
BRDA:112,21,0,0
BRDA:112,21,1,0
BRDA:112,22,0,0
BRDA:112,22,1,0
BRDA:116,23,0,0
BRDA:116,23,1,0
BRDA:116,24,0,0
BRDA:116,24,1,0
BRDA:116,25,0,0
BRDA:116,25,1,0
BRDA:117,26,0,0
BRDA:117,26,1,0
BRDA:117,27,0,0
BRDA:117,27,1,0
BRDA:119,28,0,0
BRDA:119,28,1,0
BRDA:119,29,0,0
BRDA:119,29,1,0
BRDA:124,30,0,0
BRDA:124,30,1,0
BRDA:124,31,0,0
BRDA:124,31,1,0
BRDA:137,32,0,0
BRDA:137,32,1,0
BRDA:138,33,0,0
BRDA:138,33,1,0
BRDA:138,34,0,0
BRDA:138,34,1,0
BRDA:141,35,0,0
BRDA:141,35,1,0
BRDA:141,36,0,0
BRDA:141,36,1,0
BRDA:141,37,0,0
BRDA:141,37,1,0
BRDA:149,38,0,0
BRDA:149,38,1,0
BRDA:151,39,0,0
BRDA:151,39,1,0
BRDA:162,40,0,0
BRDA:162,40,1,0
BRDA:174,41,0,0
BRDA:174,41,1,0
BRDA:180,42,0,0
BRDA:180,42,1,0
BRDA:196,43,0,0
BRDA:196,43,1,0
BRDA:201,44,0,0
BRDA:201,44,1,0
BRDA:236,45,0,0
BRDA:236,45,1,0
BRDA:237,46,0,0
BRDA:237,46,1,0
BRDA:239,47,0,0
BRDA:239,47,1,0
BRDA:245,48,0,0
BRDA:245,48,1,0
BRDA:249,49,0,0
BRDA:249,49,1,0
BRDA:259,50,0,0
BRDA:259,50,1,0
BRDA:264,51,0,0
BRDA:264,51,1,0
BRF:105
BRH:0
end_of_record
TN:
SF:src\electron\preload.ts
FN:4,(anonymous_0)
FN:5,(anonymous_1)
FN:6,(anonymous_2)
FN:10,(anonymous_3)
FN:11,(anonymous_4)
FN:12,(anonymous_5)
FN:18,(anonymous_6)
FN:19,(anonymous_7)
FN:21,(anonymous_8)
FN:26,(anonymous_9)
FN:27,(anonymous_10)
FN:28,(anonymous_11)
FN:29,(anonymous_12)
FN:30,(anonymous_13)
FNF:14
FNH:0
FNDA:0,(anonymous_0)
FNDA:0,(anonymous_1)
FNDA:0,(anonymous_2)
FNDA:0,(anonymous_3)
FNDA:0,(anonymous_4)
FNDA:0,(anonymous_5)
FNDA:0,(anonymous_6)
FNDA:0,(anonymous_7)
FNDA:0,(anonymous_8)
FNDA:0,(anonymous_9)
FNDA:0,(anonymous_10)
FNDA:0,(anonymous_11)
FNDA:0,(anonymous_12)
FNDA:0,(anonymous_13)
DA:1,0
DA:3,0
DA:4,0
DA:5,0
DA:6,0
DA:9,0
DA:10,0
DA:11,0
DA:12,0
DA:17,0
DA:19,0
DA:21,0
DA:25,0
DA:26,0
DA:27,0
DA:28,0
DA:29,0
DA:30,0
LF:18
LH:0
BRF:0
BRH:0
end_of_record
TN:
SF:src\electron\renderer.ts
FN:26,(anonymous_16)
FN:29,loadTools
FN:30,(anonymous_19)
FN:31,(anonymous_20)
FN:32,(anonymous_21)
FN:33,(anonymous_22)
FN:34,(anonymous_23)
FN:35,(anonymous_24)
FN:36,(anonymous_25)
FN:37,(anonymous_26)
FN:38,(anonymous_27)
FN:73,(anonymous_28)
FN:77,(anonymous_29)
FN:90,(anonymous_30)
FN:96,formatDisplayURL
FN:112,(anonymous_32)
FN:113,(anonymous_33)
FN:114,(anonymous_34)
FN:117,(anonymous_35)
FN:118,(anonymous_36)
FN:121,(anonymous_37)
FN:124,(anonymous_38)
FN:150,showNavBlockedToast
FN:172,(anonymous_40)
FN:176,(anonymous_41)
FN:185,(anonymous_42)
FN:232,(anonymous_43)
FN:232,(anonymous_44)
FN:252,(anonymous_45)
FN:252,(anonymous_46)
FN:268,(anonymous_47)
FN:268,(anonymous_48)
FN:271,(anonymous_49)
FN:272,(anonymous_50)
FN:280,(anonymous_51)
FN:288,updateRecordingTimer
FN:301,(anonymous_53)
FN:301,(anonymous_54)
FN:309,(anonymous_55)
FN:309,(anonymous_56)
FN:320,updateMenuPosition
FN:350,(anonymous_58)
FN:370,(anonymous_59)
FN:381,onDragging
FN:390,onDragEnd
FN:403,toggleMenu
FN:410,(anonymous_63)
FNF:47
FNH:0
FNDA:0,(anonymous_16)
FNDA:0,loadTools
FNDA:0,(anonymous_19)
FNDA:0,(anonymous_20)
FNDA:0,(anonymous_21)
FNDA:0,(anonymous_22)
FNDA:0,(anonymous_23)
FNDA:0,(anonymous_24)
FNDA:0,(anonymous_25)
FNDA:0,(anonymous_26)
FNDA:0,(anonymous_27)
FNDA:0,(anonymous_28)
FNDA:0,(anonymous_29)
FNDA:0,(anonymous_30)
FNDA:0,formatDisplayURL
FNDA:0,(anonymous_32)
FNDA:0,(anonymous_33)
FNDA:0,(anonymous_34)
FNDA:0,(anonymous_35)
FNDA:0,(anonymous_36)
FNDA:0,(anonymous_37)
FNDA:0,(anonymous_38)
FNDA:0,showNavBlockedToast
FNDA:0,(anonymous_40)
FNDA:0,(anonymous_41)
FNDA:0,(anonymous_42)
FNDA:0,(anonymous_43)
FNDA:0,(anonymous_44)
FNDA:0,(anonymous_45)
FNDA:0,(anonymous_46)
FNDA:0,(anonymous_47)
FNDA:0,(anonymous_48)
FNDA:0,(anonymous_49)
FNDA:0,(anonymous_50)
FNDA:0,(anonymous_51)
FNDA:0,updateRecordingTimer
FNDA:0,(anonymous_53)
FNDA:0,(anonymous_54)
FNDA:0,(anonymous_55)
FNDA:0,(anonymous_56)
FNDA:0,updateMenuPosition
FNDA:0,(anonymous_58)
FNDA:0,(anonymous_59)
FNDA:0,onDragging
FNDA:0,onDragEnd
FNDA:0,toggleMenu
FNDA:0,(anonymous_63)
DA:1,0
DA:2,0
DA:24,0
DA:25,0
DA:26,0
DA:30,0
DA:31,0
DA:32,0
DA:33,0
DA:34,0
DA:35,0
DA:36,0
DA:37,0
DA:38,0
DA:39,0
DA:41,0
DA:43,0
DA:44,0
DA:45,0
DA:46,0
DA:49,0
DA:50,0
DA:51,0
DA:52,0
DA:53,0
DA:54,0
DA:56,0
DA:57,0
DA:60,0
DA:61,0
DA:62,0
DA:64,0
DA:65,0
DA:69,0
DA:74,0
DA:83,0
DA:86,0
DA:90,0
DA:91,0
DA:92,0
DA:97,0
DA:98,0
DA:99,0
DA:102,0
DA:105,0
DA:106,0
DA:108,0
DA:112,0
DA:113,0
DA:114,0
DA:117,0
DA:118,0
DA:121,0
DA:124,0
DA:125,0
DA:126,0
DA:127,0
DA:130,0
DA:131,0
DA:132,0
DA:133,0
DA:134,0
DA:135,0
DA:140,0
DA:141,0
DA:142,0
DA:144,0
DA:146,0
DA:151,0
DA:152,0
DA:153,0
DA:154,0
DA:155,0
DA:163,0
DA:165,0
DA:166,0
DA:167,0
DA:169,0
DA:171,0
DA:172,0
DA:176,0
DA:177,0
DA:178,0
DA:181,0
DA:182,0
DA:183,0
DA:185,0
DA:186,0
DA:187,0
DA:188,0
DA:189,0
DA:190,0
DA:192,0
DA:193,0
DA:194,0
DA:195,0
DA:196,0
DA:197,0
DA:200,0
DA:202,0
DA:203,0
DA:204,0
DA:207,0
DA:208,0
DA:209,0
DA:210,0
DA:211,0
DA:213,0
DA:214,0
DA:215,0
DA:219,0
DA:220,0
DA:221,0
DA:222,0
DA:229,0
DA:230,0
DA:232,0
DA:233,0
DA:234,0
DA:235,0
DA:237,0
DA:249,0
DA:250,0
DA:252,0
DA:253,0
DA:254,0
DA:255,0
DA:259,0
DA:260,0
DA:261,0
DA:263,0
DA:264,0
DA:268,0
DA:269,0
DA:270,0
DA:271,0
DA:272,0
DA:273,0
DA:274,0
DA:276,0
DA:280,0
DA:281,0
DA:282,0
DA:283,0
DA:284,0
DA:289,0
DA:290,0
DA:291,0
DA:292,0
DA:293,0
DA:294,0
DA:298,0
DA:301,0
DA:302,0
DA:303,0
DA:304,0
DA:305,0
DA:309,0
DA:310,0
DA:311,0
DA:312,0
DA:317,0
DA:321,0
DA:322,0
DA:323,0
DA:326,0
DA:327,0
DA:330,0
DA:332,0
DA:333,0
DA:335,0
DA:336,0
DA:340,0
DA:341,0
DA:342,0
DA:343,0
DA:344,0
DA:345,0
DA:346,0
DA:347,0
DA:350,0
DA:354,0
DA:356,0
DA:357,0
DA:358,0
DA:359,0
DA:360,0
DA:361,0
DA:364,0
DA:365,0
DA:366,0
DA:367,0
DA:369,0
DA:370,0
DA:371,0
DA:372,0
DA:373,0
DA:375,0
DA:376,0
DA:382,0
DA:383,0
DA:384,0
DA:385,0
DA:386,0
DA:387,0
DA:391,0
DA:392,0
DA:393,0
DA:396,0
DA:404,0
DA:405,0
DA:410,0
DA:411,0
DA:412,0
DA:413,0
DA:414,0
DA:417,0
DA:418,0
DA:419,0
DA:420,0
LF:220
LH:0
BRDA:25,0,0,0
BRDA:25,0,1,0
BRDA:30,1,0,0
BRDA:30,1,1,0
BRDA:31,2,0,0
BRDA:31,2,1,0
BRDA:32,3,0,0
BRDA:32,3,1,0
BRDA:32,4,0,0
BRDA:32,4,1,0
BRDA:33,5,0,0
BRDA:33,5,1,0
BRDA:34,6,0,0
BRDA:34,6,1,0
BRDA:35,7,0,0
BRDA:35,7,1,0
BRDA:35,8,0,0
BRDA:35,8,1,0
BRDA:36,9,0,0
BRDA:36,9,1,0
BRDA:36,10,0,0
BRDA:36,10,1,0
BRDA:37,11,0,0
BRDA:37,11,1,0
BRDA:38,12,0,0
BRDA:38,12,1,0
BRDA:51,13,0,0
BRDA:51,13,1,0
BRDA:52,14,0,0
BRDA:52,14,1,0
BRDA:53,15,0,0
BRDA:53,15,1,0
BRDA:54,16,0,0
BRDA:54,16,1,0
BRDA:56,17,0,0
BRDA:56,17,1,0
BRDA:56,18,0,0
BRDA:56,18,1,0
BRDA:57,19,0,0
BRDA:57,19,1,0
BRDA:57,20,0,0
BRDA:57,20,1,0
BRDA:60,21,0,0
BRDA:60,21,1,0
BRDA:65,22,0,0
BRDA:65,22,1,0
BRDA:90,23,0,0
BRDA:90,23,1,0
BRDA:90,24,0,0
BRDA:90,24,1,0
BRDA:97,25,0,0
BRDA:97,25,1,0
BRDA:97,26,0,0
BRDA:97,26,1,0
BRDA:98,27,0,0
BRDA:98,27,1,0
BRDA:98,28,0,0
BRDA:98,28,1,0
BRDA:98,29,0,0
BRDA:98,29,1,0
BRDA:98,30,0,0
BRDA:98,30,1,0
BRDA:125,31,0,0
BRDA:125,31,1,0
BRDA:127,32,0,0
BRDA:127,32,1,0
BRDA:132,33,0,0
BRDA:132,33,1,0
BRDA:133,34,0,0
BRDA:133,34,1,0
BRDA:134,35,0,0
BRDA:134,35,1,0
BRDA:135,36,0,0
BRDA:135,36,1,0
BRDA:135,36,2,0
BRDA:140,37,0,0
BRDA:140,37,1,0
BRDA:142,38,0,0
BRDA:142,38,1,0
BRDA:142,39,0,0
BRDA:142,39,1,0
BRDA:142,40,0,0
BRDA:142,40,1,0
BRDA:152,41,0,0
BRDA:152,41,1,0
BRDA:166,42,0,0
BRDA:166,42,1,0
BRDA:172,43,0,0
BRDA:172,43,1,0
BRDA:178,44,0,0
BRDA:178,44,1,0
BRDA:178,45,0,0
BRDA:178,45,1,0
BRDA:178,46,0,0
BRDA:178,46,1,0
BRDA:192,47,0,0
BRDA:192,47,1,0
BRDA:194,48,0,0
BRDA:194,48,1,0
BRDA:195,49,0,0
BRDA:195,49,1,0
BRDA:196,50,0,0
BRDA:196,50,1,0
BRDA:197,51,0,0
BRDA:197,51,1,0
BRDA:200,52,0,0
BRDA:200,52,1,0
BRDA:202,53,0,0
BRDA:202,53,1,0
BRDA:208,54,0,0
BRDA:208,54,1,0
BRDA:209,55,0,0
BRDA:209,55,1,0
BRDA:210,56,0,0
BRDA:210,56,1,0
BRDA:211,57,0,0
BRDA:211,57,1,0
BRDA:213,58,0,0
BRDA:213,58,1,0
BRDA:219,59,0,0
BRDA:219,59,1,0
BRDA:221,60,0,0
BRDA:221,60,1,0
BRDA:222,61,0,0
BRDA:222,61,1,0
BRDA:235,62,0,0
BRDA:235,62,1,0
BRDA:253,63,0,0
BRDA:253,63,1,0
BRDA:269,64,0,0
BRDA:269,64,1,0
BRDA:281,65,0,0
BRDA:281,65,1,0
BRDA:282,66,0,0
BRDA:282,66,1,0
BRDA:289,67,0,0
BRDA:289,67,1,0
BRDA:294,68,0,0
BRDA:294,68,1,0
BRDA:304,69,0,0
BRDA:304,69,1,0
BRDA:311,70,0,0
BRDA:311,70,1,0
BRDA:330,71,0,0
BRDA:330,71,1,0
BRDA:332,72,0,0
BRDA:332,72,1,0
BRDA:333,73,0,0
BRDA:333,73,1,0
BRDA:341,74,0,0
BRDA:341,74,1,0
BRDA:375,75,0,0
BRDA:375,75,1,0
BRDA:375,76,0,0
BRDA:375,76,1,0
BRDA:382,77,0,0
BRDA:382,77,1,0
BRDA:411,78,0,0
BRDA:411,78,1,0
BRDA:417,79,0,0
BRDA:417,79,1,0
BRDA:418,80,0,0
BRDA:418,80,1,0
BRDA:419,81,0,0
BRDA:419,81,1,0
BRDA:420,82,0,0
BRDA:420,82,1,0
BRF:167
BRH:0
end_of_record
TN:
SF:src\electron\setup-api.ts
FN:23,getOrCreateTabData
FN:36,getActiveTabData
FN:78,(anonymous_2)
FN:83,(anonymous_3)
FN:85,(anonymous_4)
FN:88,(anonymous_5)
FN:91,(anonymous_6)
FN:103,(anonymous_7)
FN:104,(anonymous_8)
FN:105,(anonymous_9)
FN:135,(anonymous_10)
FN:147,(anonymous_11)
FN:160,(anonymous_12)
FN:164,(anonymous_13)
FN:167,(anonymous_14)
FN:177,(anonymous_15)
FN:188,(anonymous_16)
FN:200,(anonymous_17)
FN:211,(anonymous_18)
FN:228,(anonymous_19)
FN:251,(anonymous_20)
FN:259,(anonymous_21)
FNF:22
FNH:0
FNDA:0,getOrCreateTabData
FNDA:0,getActiveTabData
FNDA:0,(anonymous_2)
FNDA:0,(anonymous_3)
FNDA:0,(anonymous_4)
FNDA:0,(anonymous_5)
FNDA:0,(anonymous_6)
FNDA:0,(anonymous_7)
FNDA:0,(anonymous_8)
FNDA:0,(anonymous_9)
FNDA:0,(anonymous_10)
FNDA:0,(anonymous_11)
FNDA:0,(anonymous_12)
FNDA:0,(anonymous_13)
FNDA:0,(anonymous_14)
FNDA:0,(anonymous_15)
FNDA:0,(anonymous_16)
FNDA:0,(anonymous_17)
FNDA:0,(anonymous_18)
FNDA:0,(anonymous_19)
FNDA:0,(anonymous_20)
FNDA:0,(anonymous_21)
DA:3,0
DA:4,0
DA:5,0
DA:20,0
DA:21,0
DA:24,0
DA:25,0
DA:33,0
DA:37,0
DA:72,0
DA:79,0
DA:80,0
DA:84,0
DA:85,0
DA:89,0
DA:91,0
DA:92,0
DA:93,0
DA:95,0
DA:96,0
DA:97,0
DA:100,0
DA:101,0
DA:102,0
DA:103,0
DA:104,0
DA:105,0
DA:106,0
DA:107,0
DA:108,0
DA:110,0
DA:112,0
DA:113,0
DA:114,0
DA:115,0
DA:116,0
DA:117,0
DA:119,0
DA:121,0
DA:122,0
DA:123,0
DA:127,0
DA:128,0
DA:130,0
DA:133,0
DA:136,0
DA:137,0
DA:139,0
DA:140,0
DA:141,0
DA:147,0
DA:148,0
DA:149,0
DA:150,0
DA:153,0
DA:154,0
DA:155,0
DA:156,0
DA:160,0
DA:161,0
DA:162,0
DA:163,0
DA:164,0
DA:167,0
DA:168,0
DA:169,0
DA:170,0
DA:172,0
DA:173,0
DA:177,0
DA:178,0
DA:179,0
DA:180,0
DA:182,0
DA:183,0
DA:184,0
DA:188,0
DA:189,0
DA:190,0
DA:191,0
DA:192,0
DA:194,0
DA:195,0
DA:196,0
DA:200,0
DA:201,0
DA:202,0
DA:203,0
DA:205,0
DA:206,0
DA:207,0
DA:211,0
DA:212,0
DA:213,0
DA:214,0
DA:216,0
DA:217,0
DA:218,0
DA:228,0
DA:229,0
DA:230,0
DA:231,0
DA:234,0
DA:235,0
DA:236,0
DA:237,0
DA:240,0
DA:241,0
DA:243,0
DA:244,0
DA:247,0
DA:250,0
DA:251,0
DA:252,0
DA:259,0
DA:260,0
LF:116
LH:0
BRDA:24,0,0,0
BRDA:24,0,1,0
BRDA:37,1,0,0
BRDA:37,1,1,0
BRDA:79,2,0,0
BRDA:79,2,1,0
BRDA:84,3,0,0
BRDA:84,3,1,0
BRDA:95,4,0,0
BRDA:95,4,1,0
BRDA:95,5,0,0
BRDA:95,5,1,0
BRDA:108,6,0,0
BRDA:108,6,1,0
BRDA:115,7,0,0
BRDA:115,7,1,0
BRDA:117,8,0,0
BRDA:117,8,1,0
BRDA:121,9,0,0
BRDA:121,9,1,0
BRDA:127,10,0,0
BRDA:127,10,1,0
BRDA:147,11,0,0
BRDA:148,12,0,0
BRDA:148,12,1,0
BRDA:148,12,2,0
BRDA:153,13,0,0
BRDA:153,13,1,0
BRDA:153,14,0,0
BRDA:153,14,1,0
BRDA:167,15,0,0
BRDA:168,16,0,0
BRDA:168,16,1,0
BRDA:168,16,2,0
BRDA:172,17,0,0
BRDA:172,17,1,0
BRDA:172,18,0,0
BRDA:172,18,1,0
BRDA:177,19,0,0
BRDA:178,20,0,0
BRDA:178,20,1,0
BRDA:178,20,2,0
BRDA:182,21,0,0
BRDA:182,21,1,0
BRDA:182,22,0,0
BRDA:182,22,1,0
BRDA:188,23,0,0
BRDA:189,24,0,0
BRDA:189,24,1,0
BRDA:189,24,2,0
BRDA:192,25,0,0
BRDA:192,25,1,0
BRDA:194,26,0,0
BRDA:194,26,1,0
BRDA:194,27,0,0
BRDA:194,27,1,0
BRDA:200,28,0,0
BRDA:201,29,0,0
BRDA:201,29,1,0
BRDA:201,29,2,0
BRDA:205,30,0,0
BRDA:205,30,1,0
BRDA:205,31,0,0
BRDA:205,31,1,0
BRDA:211,32,0,0
BRDA:212,33,0,0
BRDA:212,33,1,0
BRDA:212,33,2,0
BRDA:216,34,0,0
BRDA:216,34,1,0
BRDA:216,35,0,0
BRDA:216,35,1,0
BRF:72
BRH:0
end_of_record
TN:
SF:src\electron\tab-manager.ts
FN:64,(anonymous_0)
FN:82,(anonymous_1)
FN:90,(anonymous_2)
FN:103,(anonymous_3)
FN:141,(anonymous_4)
FN:145,(anonymous_5)
FN:161,(anonymous_6)
FN:166,(anonymous_7)
FN:190,(anonymous_8)
FN:223,(anonymous_9)
FN:228,(anonymous_10)
FN:236,(anonymous_11)
FN:237,(anonymous_12)
FN:238,(anonymous_13)
FN:241,(anonymous_14)
FN:245,(anonymous_15)
FN:249,(anonymous_16)
FN:254,(anonymous_17)
FN:264,(anonymous_18)
FN:281,(anonymous_19)
FN:289,(anonymous_20)
FN:298,(anonymous_21)
FN:306,(anonymous_22)
FN:317,(anonymous_23)
FN:322,(anonymous_24)
FN:327,(anonymous_25)
FN:331,(anonymous_26)
FNF:27
FNH:10
FNDA:6,(anonymous_0)
FNDA:0,(anonymous_1)
FNDA:0,(anonymous_2)
FNDA:9,(anonymous_3)
FNDA:0,(anonymous_4)
FNDA:0,(anonymous_5)
FNDA:11,(anonymous_6)
FNDA:17,(anonymous_7)
FNDA:2,(anonymous_8)
FNDA:8,(anonymous_9)
FNDA:1,(anonymous_10)
FNDA:0,(anonymous_11)
FNDA:0,(anonymous_12)
FNDA:0,(anonymous_13)
FNDA:6,(anonymous_14)
FNDA:9,(anonymous_15)
FNDA:0,(anonymous_16)
FNDA:0,(anonymous_17)
FNDA:0,(anonymous_18)
FNDA:0,(anonymous_19)
FNDA:0,(anonymous_20)
FNDA:0,(anonymous_21)
FNDA:0,(anonymous_22)
FNDA:0,(anonymous_23)
FNDA:0,(anonymous_24)
FNDA:8,(anonymous_25)
FNDA:0,(anonymous_26)
DA:53,1
DA:54,6
DA:55,6
DA:60,6
DA:62,6
DA:71,6
DA:72,6
DA:73,6
DA:74,6
DA:75,6
DA:83,0
DA:85,0
DA:86,0
DA:91,0
DA:92,0
DA:93,0
DA:95,0
DA:96,0
DA:98,0
DA:104,9
DA:107,9
DA:108,9
DA:109,9
DA:110,9
DA:111,9
DA:113,9
DA:116,9
DA:117,9
DA:118,9
DA:119,9
DA:130,9
DA:131,9
DA:132,9
DA:134,0
DA:137,9
DA:138,9
DA:141,9
DA:142,0
DA:143,0
DA:145,9
DA:146,0
DA:147,0
DA:151,9
DA:154,9
DA:155,9
DA:162,11
DA:163,11
DA:166,11
DA:167,17
DA:168,17
DA:172,11
DA:173,11
DA:174,11
DA:177,11
DA:178,11
DA:182,11
DA:183,11
DA:186,11
DA:191,2
DA:192,2
DA:194,2
DA:195,2
DA:196,2
DA:199,2
DA:200,2
DA:201,2
DA:202,2
DA:205,2
DA:206,2
DA:210,2
DA:211,1
DA:212,1
DA:216,1
DA:217,1
DA:218,1
DA:224,8
DA:229,1
DA:230,1
DA:231,1
DA:232,1
DA:236,0
DA:237,0
DA:238,0
DA:241,6
DA:246,9
DA:249,9
DA:250,0
DA:254,9
DA:255,0
DA:256,0
DA:257,0
DA:258,0
DA:259,0
DA:264,9
DA:265,0
DA:266,0
DA:269,0
DA:270,0
DA:271,0
DA:273,0
DA:274,0
DA:277,0
DA:278,0
DA:281,9
DA:282,0
DA:283,0
DA:284,0
DA:285,0
DA:289,9
DA:290,0
DA:291,0
DA:292,0
DA:293,0
DA:298,9
DA:299,0
DA:300,0
DA:301,0
DA:302,0
DA:306,9
DA:307,0
DA:308,0
DA:309,0
DA:310,0
DA:311,0
DA:317,9
DA:318,0
DA:322,9
DA:323,0
DA:328,8
DA:332,0
LF:130
LH:78
BRDA:75,0,0,0
BRDA:75,0,1,6
BRDA:83,1,0,0
BRDA:83,1,1,0
BRDA:85,2,0,0
BRDA:85,2,1,0
BRDA:86,3,0,0
BRDA:86,3,1,0
BRDA:91,4,0,0
BRDA:91,4,1,0
BRDA:91,5,0,0
BRDA:91,5,1,0
BRDA:95,6,0,0
BRDA:95,6,1,0
BRDA:95,7,0,0
BRDA:95,7,1,0
BRDA:103,8,0,0
BRDA:123,9,0,1
BRDA:123,9,1,8
BRDA:131,10,0,9
BRDA:131,10,1,0
BRDA:142,11,0,0
BRDA:142,11,1,0
BRDA:163,12,0,0
BRDA:163,12,1,11
BRDA:177,13,0,11
BRDA:177,13,1,0
BRDA:178,14,0,11
BRDA:178,14,1,0
BRDA:182,15,0,11
BRDA:182,15,1,0
BRDA:192,16,0,0
BRDA:192,16,1,2
BRDA:205,17,0,2
BRDA:205,17,1,0
BRDA:210,18,0,1
BRDA:210,18,1,1
BRDA:216,19,0,1
BRDA:216,19,1,0
BRDA:217,20,0,1
BRDA:217,20,1,1
BRDA:218,21,0,1
BRDA:218,21,1,0
BRDA:224,22,0,7
BRDA:224,22,1,1
BRDA:224,23,0,7
BRDA:224,23,1,0
BRDA:230,24,0,1
BRDA:230,24,1,0
BRDA:231,25,0,1
BRDA:231,25,1,0
BRDA:236,26,0,0
BRDA:236,26,1,0
BRDA:236,27,0,0
BRDA:236,27,1,0
BRDA:237,28,0,0
BRDA:237,28,1,0
BRDA:237,29,0,0
BRDA:237,29,1,0
BRDA:238,30,0,0
BRDA:238,30,1,0
BRDA:238,31,0,0
BRDA:238,31,1,0
BRDA:257,32,0,0
BRDA:257,32,1,0
BRDA:266,33,0,0
BRDA:266,33,1,0
BRDA:266,34,0,0
BRDA:266,34,1,0
BRDA:269,35,0,0
BRDA:269,35,1,0
BRDA:269,36,0,0
BRDA:269,36,1,0
BRDA:278,37,0,0
BRDA:278,37,1,0
BRDA:283,38,0,0
BRDA:283,38,1,0
BRDA:285,39,0,0
BRDA:285,39,1,0
BRDA:291,40,0,0
BRDA:291,40,1,0
BRDA:293,41,0,0
BRDA:293,41,1,0
BRDA:300,42,0,0
BRDA:300,42,1,0
BRDA:302,43,0,0
BRDA:302,43,1,0
BRDA:308,44,0,0
BRDA:308,44,1,0
BRDA:308,45,0,0
BRDA:308,45,1,0
BRDA:310,46,0,0
BRDA:310,46,1,0
BRDA:318,47,0,0
BRDA:318,47,1,0
BRDA:332,48,0,0
BRDA:332,48,1,0
BRF:97
BRH:21
end_of_record
TN:
SF:src\electron\ui\console.ts
FN:1,(anonymous_0)
FN:39,(anonymous_1)
FN:41,(anonymous_2)
FN:47,(anonymous_3)
FN:65,(anonymous_4)
FN:70,(anonymous_5)
FN:73,(anonymous_6)
FN:75,(anonymous_7)
FN:76,(anonymous_8)
FN:88,(anonymous_9)
FN:97,(anonymous_10)
FN:98,(anonymous_11)
FN:113,(anonymous_12)
FN:150,(anonymous_13)
FN:158,(anonymous_14)
FN:171,(anonymous_15)
FN:173,(anonymous_16)
FN:186,(anonymous_17)
FNF:18
FNH:14
FNDA:5,(anonymous_0)
FNDA:5,(anonymous_1)
FNDA:5,(anonymous_2)
FNDA:4,(anonymous_3)
FNDA:1,(anonymous_4)
FNDA:10,(anonymous_5)
FNDA:2,(anonymous_6)
FNDA:7,(anonymous_7)
FNDA:50,(anonymous_8)
FNDA:6,(anonymous_9)
FNDA:0,(anonymous_10)
FNDA:0,(anonymous_11)
FNDA:0,(anonymous_12)
FNDA:4,(anonymous_13)
FNDA:20,(anonymous_14)
FNDA:1,(anonymous_15)
FNDA:5,(anonymous_16)
FNDA:0,(anonymous_17)
DA:1,5
DA:11,5
DA:12,5
DA:13,5
DA:14,5
DA:15,5
DA:16,5
DA:17,5
DA:19,5
DA:23,5
DA:37,5
DA:39,5
DA:40,5
DA:41,5
DA:42,5
DA:43,5
DA:47,5
DA:48,4
DA:49,4
DA:50,4
DA:52,4
DA:60,4
DA:61,4
DA:65,5
DA:66,1
DA:67,1
DA:70,5
DA:71,10
DA:73,10
DA:74,10
DA:75,10
DA:76,50
DA:78,10
DA:80,10
DA:82,10
DA:83,5
DA:84,5
DA:87,5
DA:88,5
DA:89,6
DA:90,6
DA:92,6
DA:93,6
DA:95,6
DA:96,6
DA:97,6
DA:98,6
DA:100,6
DA:102,6
DA:103,6
DA:104,6
DA:106,6
DA:108,6
DA:109,6
DA:110,6
DA:111,6
DA:113,6
DA:114,0
DA:115,0
DA:118,6
DA:120,6
DA:121,0
DA:122,0
DA:124,0
DA:125,0
DA:126,0
DA:127,0
DA:128,0
DA:130,0
DA:131,0
DA:132,0
DA:133,0
DA:135,0
DA:136,0
DA:137,0
DA:138,0
DA:140,0
DA:143,6
DA:146,5
DA:147,5
DA:150,5
DA:151,4
DA:152,4
DA:154,4
DA:155,4
DA:156,4
DA:158,4
DA:159,20
DA:160,20
DA:161,20
DA:162,20
DA:163,20
DA:164,20
DA:165,20
DA:166,20
DA:167,20
DA:168,20
DA:169,20
DA:171,20
DA:172,1
DA:173,1
DA:174,5
DA:175,5
DA:176,5
DA:178,1
DA:180,20
DA:183,4
DA:184,4
DA:185,4
DA:186,4
DA:187,4
DA:189,4
DA:191,4
DA:192,4
DA:193,4
DA:195,4
DA:196,4
LF:117
LH:99
BRDA:40,0,0,0
BRDA:40,0,1,5
BRDA:48,1,0,4
BRDA:48,1,1,0
BRDA:49,2,0,4
BRDA:49,2,1,0
BRDA:50,3,0,0
BRDA:50,3,1,4
BRDA:50,4,0,4
BRDA:50,4,1,4
BRDA:56,5,0,4
BRDA:56,5,1,3
BRDA:57,6,0,4
BRDA:57,6,1,4
BRDA:60,7,0,0
BRDA:60,7,1,4
BRDA:71,8,0,0
BRDA:71,8,1,10
BRDA:73,9,0,9
BRDA:73,9,1,1
BRDA:75,10,0,7
BRDA:75,10,1,0
BRDA:76,11,0,50
BRDA:76,11,1,0
BRDA:76,12,0,50
BRDA:76,12,1,38
BRDA:82,13,0,5
BRDA:82,13,1,5
BRDA:90,14,0,6
BRDA:90,14,1,0
BRDA:93,15,0,0
BRDA:93,15,1,6
BRDA:96,16,0,0
BRDA:96,16,1,6
BRDA:97,17,0,0
BRDA:97,17,1,0
BRDA:109,18,0,0
BRDA:109,18,1,6
BRDA:109,19,0,0
BRDA:109,19,1,6
BRDA:114,20,0,0
BRDA:114,20,1,0
BRDA:120,21,0,0
BRDA:120,21,1,6
BRDA:124,22,0,0
BRDA:124,22,1,0
BRDA:147,23,0,5
BRDA:147,23,1,0
BRDA:161,24,0,4
BRDA:161,24,1,16
BRDA:161,25,0,4
BRDA:161,25,1,16
BRDA:175,26,0,1
BRDA:175,26,1,4
BRDA:176,27,0,1
BRDA:176,27,1,4
BRF:56
BRH:35
end_of_record
TN:
SF:src\electron\ui\links.ts
FN:1,(anonymous_0)
FN:9,(anonymous_1)
FN:19,(anonymous_2)
FN:27,(anonymous_3)
FN:30,(anonymous_4)
FN:31,(anonymous_5)
FN:47,(anonymous_6)
FN:73,(anonymous_7)
FN:75,(anonymous_8)
FNF:9
FNH:7
FNDA:4,(anonymous_0)
FNDA:4,(anonymous_1)
FNDA:7,(anonymous_2)
FNDA:12,(anonymous_3)
FNDA:0,(anonymous_4)
FNDA:0,(anonymous_5)
FNDA:7,(anonymous_6)
FNDA:1,(anonymous_7)
FNDA:3,(anonymous_8)
DA:1,4
DA:2,4
DA:9,4
DA:10,4
DA:11,4
DA:13,4
DA:14,4
DA:16,4
DA:17,4
DA:19,4
DA:20,7
DA:21,7
DA:22,7
DA:23,5
DA:24,1
DA:27,4
DA:28,12
DA:29,12
DA:30,12
DA:31,12
DA:33,12
DA:34,12
DA:35,12
DA:36,12
DA:38,12
DA:40,12
DA:41,12
DA:43,12
DA:44,8
DA:47,12
DA:48,7
DA:49,7
DA:50,7
DA:53,7
DA:54,7
DA:56,12
DA:57,12
DA:60,4
DA:61,4
DA:62,4
DA:72,4
DA:73,4
DA:75,4
DA:76,3
DA:77,3
DA:78,3
DA:79,3
LF:47
LH:47
BRDA:10,0,0,0
BRDA:10,0,1,4
BRDA:13,1,0,4
BRDA:13,1,1,0
BRDA:17,2,0,4
BRDA:17,2,1,0
BRDA:21,3,0,0
BRDA:21,3,1,7
BRDA:22,4,0,2
BRDA:22,4,1,5
BRDA:22,5,0,7
BRDA:22,5,1,6
BRDA:23,6,0,4
BRDA:23,6,1,1
BRDA:23,7,0,5
BRDA:23,7,1,2
BRDA:23,7,2,1
BRDA:43,8,0,8
BRDA:43,8,1,4
BRDA:51,9,0,7
BRDA:51,9,1,0
BRF:21
BRH:16
end_of_record
TN:
SF:src\electron\ui\security-monitor.ts
FN:1,(anonymous_0)
FN:10,(anonymous_1)
FN:24,(anonymous_2)
FN:38,(anonymous_3)
FN:54,(anonymous_4)
FN:58,(anonymous_5)
FNF:6
FNH:0
FNDA:0,(anonymous_0)
FNDA:0,(anonymous_1)
FNDA:0,(anonymous_2)
FNDA:0,(anonymous_3)
FNDA:0,(anonymous_4)
FNDA:0,(anonymous_5)
DA:1,0
DA:2,0
DA:10,0
DA:11,0
DA:12,0
DA:14,0
DA:15,0
DA:16,0
DA:20,0
DA:22,0
DA:23,0
DA:24,0
DA:25,0
DA:31,0
DA:32,0
DA:34,0
DA:35,0
DA:38,0
DA:39,0
DA:40,0
DA:41,0
DA:45,0
DA:48,0
DA:51,0
DA:54,0
DA:55,0
DA:58,0
DA:59,0
DA:60,0
DA:61,0
DA:62,0
LF:31
LH:0
BRDA:11,0,0,0
BRDA:11,0,1,0
BRDA:23,1,0,0
BRDA:23,1,1,0
BRDA:23,1,2,0
BRDA:25,2,0,0
BRDA:25,2,1,0
BRDA:25,2,2,0
BRDA:25,2,3,0
BRDA:34,3,0,0
BRDA:34,3,1,0
BRF:11
BRH:0
end_of_record
TN:
SF:src\electron\ui\stability.ts
FN:1,(anonymous_0)
FN:11,(anonymous_1)
FN:18,(anonymous_2)
FN:31,(anonymous_3)
FN:43,(anonymous_4)
FN:62,(anonymous_5)
FN:73,(anonymous_6)
FN:74,(anonymous_7)
FN:76,(anonymous_8)
FN:107,(anonymous_9)
FN:113,(anonymous_10)
FN:138,(anonymous_11)
FN:142,(anonymous_12)
FNF:13
FNH:11
FNDA:5,(anonymous_0)
FNDA:7,(anonymous_1)
FNDA:14,(anonymous_2)
FNDA:2,(anonymous_3)
FNDA:8,(anonymous_4)
FNDA:2,(anonymous_5)
FNDA:0,(anonymous_6)
FNDA:0,(anonymous_7)
FNDA:1,(anonymous_8)
FNDA:4,(anonymous_9)
FNDA:3,(anonymous_10)
FNDA:1,(anonymous_11)
FNDA:4,(anonymous_12)
DA:1,5
DA:2,5
DA:3,5
DA:11,5
DA:12,7
DA:13,7
DA:15,7
DA:16,7
DA:18,7
DA:19,14
DA:20,14
DA:21,14
DA:22,14
DA:23,14
DA:25,14
DA:26,7
DA:27,7
DA:28,7
DA:31,14
DA:32,14
DA:34,7
DA:36,7
DA:37,7
DA:39,7
DA:40,4
DA:41,4
DA:43,4
DA:44,8
DA:45,8
DA:46,8
DA:47,8
DA:49,8
DA:59,8
DA:60,8
DA:61,8
DA:62,8
DA:64,8
DA:67,4
DA:68,4
DA:70,4
DA:71,4
DA:72,4
DA:73,4
DA:74,4
DA:76,4
DA:77,1
DA:78,1
DA:79,1
DA:80,1
DA:82,1
DA:83,1
DA:84,1
DA:86,1
DA:87,1
DA:88,1
DA:98,4
DA:99,4
DA:101,3
DA:102,3
DA:104,3
DA:105,3
DA:107,4
DA:109,3
DA:110,1
DA:113,3
DA:114,3
DA:115,3
DA:116,3
DA:120,3
DA:122,3
DA:125,7
DA:136,5
DA:138,5
DA:139,1
DA:142,5
DA:143,4
DA:144,4
DA:145,4
DA:146,4
LF:79
LH:79
BRDA:12,0,0,0
BRDA:12,0,1,7
BRDA:23,1,0,7
BRDA:23,1,1,7
BRDA:25,2,0,7
BRDA:25,2,1,7
BRDA:39,3,0,4
BRDA:39,3,1,3
BRDA:61,4,0,8
BRDA:61,4,1,0
BRDA:61,5,0,8
BRDA:61,5,1,8
BRDA:77,6,0,0
BRDA:77,6,1,1
BRDA:77,7,0,1
BRDA:77,7,1,1
BRDA:78,8,0,0
BRDA:78,8,1,1
BRDA:78,9,0,1
BRDA:78,9,1,1
BRDA:79,10,0,1
BRDA:79,10,1,0
BRDA:79,11,0,0
BRDA:79,11,1,1
BRDA:79,12,0,1
BRDA:79,12,1,1
BRDA:80,13,0,1
BRDA:80,13,1,0
BRDA:80,14,0,0
BRDA:80,14,1,1
BRDA:80,15,0,1
BRDA:80,15,1,1
BRDA:87,16,0,1
BRDA:87,16,1,0
BRDA:105,17,0,3
BRDA:105,17,1,3
BRDA:105,17,2,0
BRDA:109,18,0,1
BRDA:109,18,1,2
BRDA:139,19,0,1
BRDA:139,19,1,0
BRF:41
BRH:30
end_of_record
TN:
SF:src\electron\ui\storage.ts
FN:1,(anonymous_0)
FN:4,(anonymous_1)
FN:12,(anonymous_2)
FN:25,(anonymous_3)
FN:58,(anonymous_4)
FN:61,(anonymous_5)
FN:62,(anonymous_6)
FN:75,(anonymous_7)
FN:77,(anonymous_8)
FNF:9
FNH:7
FNDA:4,(anonymous_0)
FNDA:18,(anonymous_1)
FNDA:4,(anonymous_2)
FNDA:16,(anonymous_3)
FNDA:2,(anonymous_4)
FNDA:0,(anonymous_5)
FNDA:0,(anonymous_6)
FNDA:1,(anonymous_7)
FNDA:3,(anonymous_8)
DA:1,4
DA:2,4
DA:4,4
DA:5,18
DA:6,10
DA:7,10
DA:8,10
DA:9,10
DA:12,4
DA:13,4
DA:14,4
DA:16,4
DA:25,4
DA:26,16
DA:27,16
DA:28,16
DA:29,16
DA:35,16
DA:38,4
DA:39,4
DA:40,4
DA:42,4
DA:43,4
DA:44,4
DA:45,4
DA:46,4
DA:48,4
DA:49,4
DA:50,4
DA:52,4
DA:53,4
DA:54,3
DA:56,1
DA:57,1
DA:58,1
DA:59,2
DA:60,2
DA:61,2
DA:62,2
DA:63,2
DA:64,2
DA:65,2
DA:67,2
DA:69,1
DA:71,4
DA:74,4
DA:75,4
DA:77,4
DA:78,3
DA:79,3
DA:80,3
DA:81,3
LF:52
LH:52
BRDA:5,0,0,8
BRDA:5,0,1,10
BRDA:13,1,0,0
BRDA:13,1,1,4
BRDA:16,2,0,4
BRDA:16,2,1,2
BRDA:26,3,0,16
BRDA:26,3,1,11
BRDA:52,4,0,4
BRDA:52,4,1,0
BRDA:53,5,0,3
BRDA:53,5,1,1
BRDA:63,6,0,2
BRDA:63,6,1,0
BRDA:64,7,0,2
BRDA:64,7,1,0
BRDA:66,8,0,2
BRDA:66,8,1,0
BRF:18
BRH:13
end_of_record
TN:
SF:src\engine\chaos-engine.ts
FN:7,(anonymous_7)
FN:11,(anonymous_8)
FN:15,(anonymous_9)
FN:23,(anonymous_10)
FN:54,(anonymous_12)
FNF:5
FNH:5
FNDA:11,(anonymous_7)
FNDA:5,(anonymous_8)
FNDA:1,(anonymous_9)
FNDA:9,(anonymous_10)
FNDA:1,(anonymous_12)
DA:4,2
DA:5,11
DA:8,11
DA:12,5
DA:16,1
DA:24,9
DA:27,4
DA:28,1
DA:29,1
DA:33,3
DA:34,2
DA:35,2
DA:43,2
DA:48,2
DA:52,1
DA:53,1
DA:54,1
DA:57,1
LF:18
LH:18
BRDA:8,0,0,0
BRDA:8,0,1,11
BRDA:24,1,0,5
BRDA:24,1,1,4
BRDA:27,2,0,1
BRDA:27,2,1,3
BRDA:27,3,0,4
BRDA:27,3,1,1
BRDA:33,4,0,2
BRDA:33,4,1,1
BRDA:33,5,0,3
BRDA:33,5,1,2
BRDA:52,6,0,1
BRDA:52,6,1,0
BRDA:52,7,0,1
BRDA:52,7,1,1
BRF:16
BRH:14
end_of_record
TN:
SF:src\engine\network-interceptor.ts
FN:17,createNetworkInterceptor
FN:31,(anonymous_8)
FN:31,(anonymous_9)
FN:33,(anonymous_10)
FN:36,(anonymous_11)
FN:39,(anonymous_12)
FN:42,(anonymous_13)
FN:43,(anonymous_14)
FN:44,(anonymous_15)
FN:45,(anonymous_16)
FN:53,(anonymous_17)
FN:53,(anonymous_18)
FN:59,(anonymous_19)
FN:85,(anonymous_20)
FN:85,(anonymous_21)
FN:87,(anonymous_22)
FN:88,(anonymous_23)
FN:88,(anonymous_24)
FN:90,(anonymous_25)
FN:96,(anonymous_26)
FN:111,(anonymous_27)
FN:111,(anonymous_28)
FN:113,(anonymous_29)
FN:113,(anonymous_30)
FN:114,(anonymous_31)
FN:117,(anonymous_32)
FN:120,(anonymous_33)
FN:121,(anonymous_34)
FNF:28
FNH:15
FNDA:6,createNetworkInterceptor
FNDA:6,(anonymous_8)
FNDA:6,(anonymous_9)
FNDA:0,(anonymous_10)
FNDA:0,(anonymous_11)
FNDA:0,(anonymous_12)
FNDA:0,(anonymous_13)
FNDA:0,(anonymous_14)
FNDA:0,(anonymous_15)
FNDA:0,(anonymous_16)
FNDA:5,(anonymous_17)
FNDA:5,(anonymous_18)
FNDA:1,(anonymous_19)
FNDA:6,(anonymous_20)
FNDA:6,(anonymous_21)
FNDA:0,(anonymous_22)
FNDA:5,(anonymous_23)
FNDA:5,(anonymous_24)
FNDA:0,(anonymous_25)
FNDA:0,(anonymous_26)
FNDA:6,(anonymous_27)
FNDA:6,(anonymous_28)
FNDA:6,(anonymous_29)
FNDA:6,(anonymous_30)
FNDA:0,(anonymous_31)
FNDA:1,(anonymous_32)
FNDA:0,(anonymous_33)
FNDA:0,(anonymous_34)
DA:2,1
DA:4,1
DA:5,1
DA:6,1
DA:17,1
DA:22,6
DA:23,6
DA:25,6
DA:26,6
DA:31,6
DA:32,6
DA:34,0
DA:37,0
DA:40,0
DA:42,0
DA:43,0
DA:44,0
DA:45,0
DA:48,6
DA:49,42
DA:53,6
DA:54,5
DA:55,5
DA:56,5
DA:58,5
DA:59,1
DA:60,1
DA:61,1
DA:62,1
DA:63,1
DA:64,1
DA:68,5
DA:71,2
DA:72,0
DA:73,0
DA:77,2
DA:78,1
DA:79,1
DA:82,1
DA:85,6
DA:86,6
DA:87,6
DA:88,6
DA:89,5
DA:90,0
DA:91,0
DA:93,5
DA:96,6
DA:97,0
DA:98,0
DA:99,0
DA:110,6
DA:111,6
DA:113,6
DA:115,0
DA:118,1
DA:120,0
DA:121,0
LF:58
LH:41
BRDA:34,0,0,0
BRDA:34,0,1,0
BRDA:37,1,0,0
BRDA:37,1,1,0
BRDA:40,2,0,0
BRDA:40,2,1,0
BRDA:58,3,0,1
BRDA:58,3,1,4
BRDA:58,4,0,5
BRDA:58,4,1,1
BRDA:64,5,0,1
BRDA:64,5,1,0
BRDA:68,6,0,3
BRDA:68,6,1,2
BRDA:71,7,0,0
BRDA:71,7,1,2
BRDA:77,8,0,1
BRDA:77,8,1,1
BRDA:77,9,0,2
BRDA:77,9,1,1
BRDA:77,9,2,1
BRDA:77,9,3,1
BRDA:89,10,0,0
BRDA:89,10,1,5
BRDA:89,11,0,5
BRDA:89,11,1,5
BRDA:97,12,0,0
BRDA:97,12,1,0
BRDA:97,13,0,0
BRDA:97,13,1,0
BRDA:98,14,0,0
BRDA:98,14,1,0
BRDA:98,15,0,0
BRDA:98,15,1,0
BRDA:98,15,2,0
BRDA:115,16,0,0
BRDA:115,16,1,0
BRDA:118,17,0,1
BRDA:118,17,1,0
BRF:39
BRH:18
end_of_record
TN:
SF:src\engine\performance-tracker.ts
FN:26,(anonymous_0)
FN:34,(anonymous_1)
FN:50,(anonymous_2)
FN:71,(anonymous_3)
FN:78,(anonymous_4)
FNF:5
FNH:0
FNDA:0,(anonymous_0)
FNDA:0,(anonymous_1)
FNDA:0,(anonymous_2)
FNDA:0,(anonymous_3)
FNDA:0,(anonymous_4)
DA:21,0
DA:22,0
DA:23,0
DA:24,0
DA:26,0
DA:27,0
DA:35,0
DA:37,0
DA:39,0
DA:40,0
DA:41,0
DA:43,0
DA:46,0
DA:49,0
DA:50,0
DA:51,0
DA:52,0
DA:62,0
DA:63,0
DA:65,0
DA:72,0
DA:79,0
LF:22
LH:0
BRDA:37,0,0,0
BRDA:37,0,1,0
BRDA:39,1,0,0
BRDA:39,1,1,0
BRDA:41,2,0,0
BRDA:41,2,1,0
BRDA:49,3,0,0
BRDA:49,3,1,0
BRDA:51,4,0,0
BRDA:51,4,1,0
BRDA:51,5,0,0
BRDA:51,5,1,0
BRDA:63,6,0,0
BRDA:63,6,1,0
BRF:14
BRH:0
end_of_record
TN:
SF:src\engine\proxy-engine.ts
FN:26,(anonymous_7)
FN:32,(anonymous_8)
FN:33,(anonymous_9)
FN:34,(anonymous_10)
FN:35,(anonymous_11)
FN:36,(anonymous_12)
FN:38,(anonymous_13)
FNF:7
FNH:4
FNDA:6,(anonymous_7)
FNDA:0,(anonymous_8)
FNDA:0,(anonymous_9)
FNDA:1,(anonymous_10)
FNDA:1,(anonymous_11)
FNDA:0,(anonymous_12)
FNDA:5,(anonymous_13)
DA:2,1
DA:4,1
DA:6,1
DA:20,1
DA:21,6
DA:22,6
DA:23,6
DA:24,6
DA:27,6
DA:28,6
DA:29,6
DA:32,0
DA:33,0
DA:34,1
DA:35,1
DA:36,0
DA:39,5
DA:40,5
DA:41,5
DA:44,5
DA:45,1
DA:49,4
DA:50,2
DA:51,2
DA:53,2
DA:54,2
DA:55,2
DA:57,2
DA:63,1
DA:64,1
DA:65,1
DA:68,1
DA:69,1
DA:71,1
DA:74,1
DA:75,1
DA:76,1
DA:80,1
DA:81,1
DA:82,1
DA:83,1
DA:84,1
DA:86,1
DA:101,1
DA:102,0
DA:112,1
DA:113,1
DA:119,1
DA:120,1
DA:121,1
DA:125,1
DA:126,1
DA:127,1
DA:130,1
DA:131,1
DA:134,1
DA:139,1
DA:151,0
DA:154,1
DA:155,1
DA:156,1
DA:159,1
DA:161,1
DA:167,1
DA:170,1
DA:171,1
DA:176,1
DA:179,2
LF:68
LH:63
BRDA:44,0,0,1
BRDA:44,0,1,4
BRDA:49,1,0,2
BRDA:49,1,1,2
BRDA:69,2,0,0
BRDA:69,2,1,1
BRDA:74,3,0,1
BRDA:74,3,1,0
BRDA:76,4,0,0
BRDA:76,4,1,1
BRDA:76,5,0,0
BRDA:76,5,1,1
BRDA:76,6,0,1
BRDA:76,6,1,1
BRDA:91,7,0,0
BRDA:91,7,1,1
BRDA:97,8,0,1
BRDA:97,8,1,1
BRDA:101,9,0,0
BRDA:101,9,1,1
BRDA:105,10,0,0
BRDA:105,10,1,0
BRDA:112,11,0,1
BRDA:112,11,1,0
BRDA:113,12,0,1
BRDA:113,12,1,0
BRDA:113,12,2,0
BRDA:113,12,3,0
BRDA:113,12,4,0
BRDA:119,13,0,1
BRDA:119,13,1,0
BRDA:121,14,0,0
BRDA:121,14,1,1
BRDA:125,15,0,1
BRDA:125,15,1,1
BRDA:127,16,0,0
BRDA:127,16,1,1
BRDA:130,17,0,1
BRDA:130,17,1,1
BRDA:131,18,0,1
BRDA:131,18,1,1
BRDA:135,19,0,0
BRDA:135,19,1,1
BRDA:155,20,0,0
BRDA:155,20,1,1
BRDA:163,21,0,1
BRDA:163,21,1,0
BRDA:170,22,0,1
BRDA:170,22,1,0
BRF:49
BRH:29
end_of_record
TN:
SF:src\engine\report-manager.ts
FN:18,(anonymous_8)
FN:41,(anonymous_9)
FN:50,(anonymous_10)
FN:54,(anonymous_11)
FN:61,(anonymous_13)
FN:63,(anonymous_14)
FN:66,(anonymous_15)
FN:80,(anonymous_16)
FN:101,(anonymous_18)
FN:106,(anonymous_20)
FN:108,(anonymous_21)
FN:110,(anonymous_22)
FN:114,(anonymous_23)
FN:124,(anonymous_25)
FN:135,(anonymous_26)
FNF:15
FNH:9
FNDA:5,(anonymous_8)
FNDA:1,(anonymous_9)
FNDA:3,(anonymous_10)
FNDA:0,(anonymous_11)
FNDA:0,(anonymous_13)
FNDA:0,(anonymous_14)
FNDA:0,(anonymous_15)
FNDA:4,(anonymous_16)
FNDA:2,(anonymous_18)
FNDA:5,(anonymous_20)
FNDA:1,(anonymous_21)
FNDA:0,(anonymous_22)
FNDA:1,(anonymous_23)
FNDA:1,(anonymous_25)
FNDA:0,(anonymous_26)
DA:1,1
DA:2,1
DA:3,1
DA:5,1
DA:7,1
DA:15,5
DA:16,5
DA:19,5
DA:20,5
DA:21,5
DA:22,5
DA:23,5
DA:24,5
DA:27,5
DA:28,5
DA:29,5
DA:31,5
DA:32,5
DA:34,5
DA:35,5
DA:36,5
DA:38,5
DA:42,1
DA:51,3
DA:55,0
DA:56,0
DA:57,0
DA:58,0
DA:59,0
DA:60,0
DA:61,0
DA:62,0
DA:63,0
DA:64,0
DA:66,0
DA:67,0
DA:70,0
DA:71,0
DA:72,0
DA:74,0
DA:76,0
DA:81,4
DA:82,4
DA:84,3
DA:85,1
DA:86,1
DA:87,1
DA:90,2
DA:98,2
DA:102,2
DA:103,2
DA:107,5
DA:108,4
DA:109,1
DA:110,1
DA:115,1
DA:116,1
DA:117,1
DA:124,1
DA:129,1
DA:131,0
DA:136,0
DA:137,0
DA:138,0
DA:140,0
DA:141,0
DA:142,0
DA:144,0
LF:68
LH:43
BRDA:19,0,0,5
BRDA:19,0,1,0
BRDA:27,1,0,0
BRDA:27,1,1,5
BRDA:28,2,0,0
BRDA:28,2,1,5
BRDA:29,3,0,0
BRDA:29,3,1,5
BRDA:55,4,0,0
BRDA:55,4,1,0
BRDA:59,5,0,0
BRDA:59,5,1,0
BRDA:59,6,0,0
BRDA:59,6,1,0
BRDA:63,7,0,0
BRDA:63,7,1,0
BRDA:63,8,0,0
BRDA:63,8,1,0
BRDA:64,9,0,0
BRDA:64,9,1,0
BRDA:66,10,0,0
BRDA:66,10,1,0
BRDA:66,11,0,0
BRDA:66,11,1,0
BRDA:71,12,0,0
BRDA:71,12,1,0
BRDA:81,13,0,2
BRDA:81,13,1,2
BRDA:82,14,0,1
BRDA:82,14,1,3
BRDA:82,15,0,4
BRDA:82,15,1,2
BRDA:82,15,2,2
BRDA:82,15,3,2
BRDA:84,16,0,1
BRDA:84,16,1,2
BRDA:84,17,0,3
BRDA:84,17,1,1
BRDA:84,17,2,1
BRDA:84,17,3,1
BRDA:107,18,0,1
BRDA:107,18,1,4
BRDA:120,19,0,1
BRDA:120,19,1,0
BRDA:138,20,0,0
BRDA:138,20,1,0
BRF:46
BRH:21
end_of_record
TN:
SF:src\engine\report-utils.ts
FN:27,normalizePath
FN:34,getLocalUrl
FN:49,getNormalizedEffectiveUrl
FN:54,buildTreeReport
FN:58,(anonymous_4)
FN:64,(anonymous_5)
FN:77,(anonymous_6)
FN:124,(anonymous_7)
FN:125,(anonymous_8)
FN:126,(anonymous_9)
FN:138,translateViolation
FN:172,generateMarkdown
FN:173,(anonymous_12)
FN:174,(anonymous_13)
FN:175,(anonymous_14)
FN:186,(anonymous_15)
FN:186,(anonymous_16)
FN:187,(anonymous_17)
FN:189,(anonymous_18)
FN:206,(anonymous_19)
FN:206,(anonymous_20)
FN:215,(anonymous_21)
FN:230,(anonymous_22)
FN:251,(anonymous_23)
FN:276,(anonymous_24)
FN:285,(anonymous_25)
FN:292,(anonymous_26)
FNF:27
FNH:8
FNDA:1,normalizePath
FNDA:1,getLocalUrl
FNDA:1,getNormalizedEffectiveUrl
FNDA:1,buildTreeReport
FNDA:1,(anonymous_4)
FNDA:0,(anonymous_5)
FNDA:0,(anonymous_6)
FNDA:1,(anonymous_7)
FNDA:1,(anonymous_8)
FNDA:1,(anonymous_9)
FNDA:0,translateViolation
FNDA:0,generateMarkdown
FNDA:0,(anonymous_12)
FNDA:0,(anonymous_13)
FNDA:0,(anonymous_14)
FNDA:0,(anonymous_15)
FNDA:0,(anonymous_16)
FNDA:0,(anonymous_17)
FNDA:0,(anonymous_18)
FNDA:0,(anonymous_19)
FNDA:0,(anonymous_20)
FNDA:0,(anonymous_21)
FNDA:0,(anonymous_22)
FNDA:0,(anonymous_23)
FNDA:0,(anonymous_24)
FNDA:0,(anonymous_25)
FNDA:0,(anonymous_26)
DA:27,1
DA:28,1
DA:29,1
DA:30,1
DA:31,0
DA:34,1
DA:35,1
DA:36,1
DA:37,1
DA:39,1
DA:41,0
DA:49,1
DA:50,1
DA:51,1
DA:54,1
DA:55,1
DA:56,1
DA:58,1
DA:59,1
DA:60,0
DA:61,0
DA:63,0
DA:64,0
DA:65,0
DA:66,0
DA:67,0
DA:70,0
DA:71,0
DA:72,0
DA:73,0
DA:74,0
DA:76,0
DA:77,0
DA:78,0
DA:79,0
DA:87,0
DA:98,0
DA:99,0
DA:101,1
DA:102,1
DA:103,1
DA:105,1
DA:116,1
DA:117,0
DA:118,1
DA:119,0
DA:124,1
DA:125,1
DA:126,1
DA:128,1
DA:138,1
DA:139,0
DA:140,0
DA:141,0
DA:142,0
DA:144,0
DA:145,0
DA:146,0
DA:147,0
DA:148,0
DA:149,0
DA:150,0
DA:151,0
DA:152,0
DA:153,0
DA:154,0
DA:155,0
DA:156,0
DA:157,0
DA:158,0
DA:159,0
DA:160,0
DA:161,0
DA:162,0
DA:163,0
DA:164,0
DA:165,0
DA:166,0
DA:169,0
DA:172,1
DA:173,0
DA:174,0
DA:175,0
DA:177,0
DA:178,0
DA:179,0
DA:181,0
DA:183,0
DA:184,0
DA:186,0
DA:187,0
DA:188,0
DA:189,0
DA:192,0
DA:193,0
DA:194,0
DA:195,0
DA:196,0
DA:197,0
DA:198,0
DA:199,0
DA:201,0
DA:202,0
DA:203,0
DA:205,0
DA:206,0
DA:207,0
DA:208,0
DA:209,0
DA:215,0
DA:216,0
DA:217,0
DA:218,0
DA:219,0
DA:221,0
DA:223,0
DA:225,0
DA:227,0
DA:229,0
DA:230,0
DA:231,0
DA:232,0
DA:233,0
DA:234,0
DA:236,0
DA:237,0
DA:238,0
DA:239,0
DA:241,0
DA:242,0
DA:243,0
DA:245,0
DA:250,0
DA:251,0
DA:252,0
DA:253,0
DA:254,0
DA:255,0
DA:256,0
DA:257,0
DA:259,0
DA:262,0
DA:263,0
DA:264,0
DA:266,0
DA:267,0
DA:268,0
DA:269,0
DA:271,0
DA:272,0
DA:274,0
DA:275,0
DA:276,0
DA:277,0
DA:278,0
DA:279,0
DA:281,0
DA:284,0
DA:285,0
DA:286,0
DA:287,0
DA:288,0
DA:289,0
DA:292,0
DA:293,0
DA:294,0
DA:295,0
DA:297,0
DA:298,0
DA:299,0
DA:300,0
DA:302,0
DA:303,0
DA:304,0
DA:305,0
DA:309,0
DA:312,0
DA:313,0
LF:178
LH:29
BRDA:35,0,0,0
BRDA:35,0,1,1
BRDA:59,1,0,0
BRDA:59,1,1,1
BRDA:65,2,0,0
BRDA:65,2,1,0
BRDA:67,3,0,0
BRDA:67,3,1,0
BRDA:70,4,0,0
BRDA:70,4,1,0
BRDA:72,5,0,0
BRDA:72,5,1,0
BRDA:76,6,0,0
BRDA:76,6,1,0
BRDA:78,7,0,0
BRDA:78,7,1,0
BRDA:101,8,0,1
BRDA:101,8,1,0
BRDA:109,9,0,0
BRDA:109,9,1,1
BRDA:113,10,0,0
BRDA:113,10,1,1
BRDA:113,11,0,1
BRDA:113,11,1,0
BRDA:116,12,0,0
BRDA:116,12,1,1
BRDA:118,13,0,0
BRDA:118,13,1,1
BRDA:142,14,0,0
BRDA:142,14,1,0
BRDA:144,15,0,0
BRDA:144,15,1,0
BRDA:144,16,0,0
BRDA:144,16,1,0
BRDA:145,17,0,0
BRDA:145,17,1,0
BRDA:148,18,0,0
BRDA:148,18,1,0
BRDA:148,19,0,0
BRDA:148,19,1,0
BRDA:148,19,2,0
BRDA:153,20,0,0
BRDA:153,20,1,0
BRDA:153,21,0,0
BRDA:153,21,1,0
BRDA:154,22,0,0
BRDA:154,22,1,0
BRDA:155,23,0,0
BRDA:155,23,1,0
BRDA:158,24,0,0
BRDA:158,24,1,0
BRDA:158,25,0,0
BRDA:158,25,1,0
BRDA:162,26,0,0
BRDA:162,26,1,0
BRDA:183,27,0,0
BRDA:183,27,1,0
BRDA:183,28,0,0
BRDA:183,28,1,0
BRDA:184,29,0,0
BRDA:184,29,1,0
BRDA:184,30,0,0
BRDA:184,30,1,0
BRDA:187,31,0,0
BRDA:187,31,1,0
BRDA:188,32,0,0
BRDA:188,32,1,0
BRDA:189,33,0,0
BRDA:189,33,1,0
BRDA:189,34,0,0
BRDA:189,34,1,0
BRDA:189,35,0,0
BRDA:189,35,1,0
BRDA:198,36,0,0
BRDA:198,36,1,0
BRDA:208,37,0,0
BRDA:208,37,1,0
BRDA:219,38,0,0
BRDA:219,38,1,0
BRDA:219,39,0,0
BRDA:219,39,1,0
BRDA:231,40,0,0
BRDA:231,40,1,0
BRDA:234,41,0,0
BRDA:234,41,1,0
BRDA:236,42,0,0
BRDA:236,42,1,0
BRDA:236,43,0,0
BRDA:236,43,1,0
BRDA:238,44,0,0
BRDA:238,44,1,0
BRDA:241,45,0,0
BRDA:241,45,1,0
BRDA:242,46,0,0
BRDA:242,46,1,0
BRDA:255,47,0,0
BRDA:255,47,1,0
BRDA:257,48,0,0
BRDA:257,48,1,0
BRDA:267,49,0,0
BRDA:267,49,1,0
BRDA:274,50,0,0
BRDA:274,50,1,0
BRDA:276,51,0,0
BRDA:276,51,1,0
BRDA:276,51,2,0
BRDA:277,52,0,0
BRDA:277,52,1,0
BRDA:288,53,0,0
BRDA:288,53,1,0
BRDA:295,54,0,0
BRDA:295,54,1,0
BRDA:302,55,0,0
BRDA:302,55,1,0
BRDA:302,56,0,0
BRDA:302,56,1,0
BRF:116
BRH:8
end_of_record
TN:
SF:src\engine\security-scanner.ts
FN:7,(anonymous_0)
FN:11,(anonymous_1)
FN:15,(anonymous_2)
FN:22,(anonymous_3)
FN:29,(anonymous_4)
FN:56,(anonymous_5)
FN:57,(anonymous_6)
FN:73,(anonymous_7)
FNF:8
FNH:3
FNDA:6,(anonymous_0)
FNDA:0,(anonymous_1)
FNDA:0,(anonymous_2)
FNDA:0,(anonymous_3)
FNDA:1,(anonymous_4)
FNDA:0,(anonymous_5)
FNDA:0,(anonymous_6)
FNDA:1,(anonymous_7)
DA:2,1
DA:4,1
DA:5,6
DA:8,6
DA:12,0
DA:16,0
DA:23,0
DA:40,1
DA:43,1
DA:44,1
DA:47,0
DA:51,1
DA:53,1
DA:54,0
DA:56,0
DA:57,0
DA:58,0
DA:79,1
DA:81,0
DA:82,0
DA:83,0
DA:84,0
DA:91,0
DA:93,0
LF:24
LH:10
BRDA:8,0,0,0
BRDA:8,0,1,6
BRDA:36,1,0,0
BRDA:40,2,0,0
BRDA:40,2,1,1
BRDA:44,3,0,0
BRDA:44,3,1,1
BRDA:44,4,0,1
BRDA:44,4,1,1
BRDA:44,4,2,1
BRDA:44,4,3,1
BRDA:44,4,4,1
BRDA:51,5,0,0
BRDA:51,5,1,1
BRDA:53,6,0,0
BRDA:53,6,1,1
BRDA:79,7,0,1
BRDA:79,7,1,0
BRDA:82,8,0,0
BRDA:82,8,1,0
BRF:20
BRH:11
end_of_record
TN:
SF:src\engine\security-warden.ts
FN:21,isValidJWT
FN:58,scanForPII
FN:99,(anonymous_2)
FN:155,maskPII
FN:167,isInsecureCORS
FNF:5
FNH:5
FNDA:3,isValidJWT
FNDA:15,scanForPII
FNDA:2,(anonymous_2)
FNDA:2,maskPII
FNDA:5,isInsecureCORS
DA:22,3
DA:23,3
DA:25,3
DA:27,3
DA:28,3
DA:29,3
DA:33,1
DA:35,2
DA:58,1
DA:63,15
DA:64,15
DA:70,15
DA:71,14
DA:75,15
DA:77,15
DA:83,15
DA:84,44
DA:85,44
DA:86,7
DA:88,7
DA:89,10
DA:90,10
DA:94,10
DA:95,1
DA:99,9
DA:100,1
DA:104,8
DA:105,0
DA:106,0
DA:111,0
DA:112,0
DA:117,8
DA:118,1
DA:119,1
DA:121,7
DA:122,5
DA:126,5
DA:128,3
DA:129,1
DA:133,2
DA:136,2
DA:140,7
DA:141,6
DA:146,15
DA:155,1
DA:156,2
DA:157,1
DA:159,1
DA:167,1
DA:168,5
DA:169,3
LF:51
LH:47
BRDA:23,0,0,0
BRDA:23,0,1,3
BRDA:33,1,0,1
BRDA:33,1,1,1
BRDA:33,1,2,1
BRDA:60,2,0,11
BRDA:61,3,0,13
BRDA:70,4,0,14
BRDA:70,4,1,1
BRDA:85,5,0,7
BRDA:85,5,1,37
BRDA:90,6,0,10
BRDA:90,6,1,1
BRDA:94,7,0,1
BRDA:94,7,1,9
BRDA:94,8,0,10
BRDA:94,8,1,3
BRDA:94,8,2,2
BRDA:99,9,0,1
BRDA:99,9,1,8
BRDA:99,10,0,9
BRDA:99,10,1,6
BRDA:99,11,0,4
BRDA:99,11,1,2
BRDA:99,12,0,6
BRDA:99,12,1,6
BRDA:99,13,0,2
BRDA:99,13,1,1
BRDA:104,14,0,0
BRDA:104,14,1,8
BRDA:106,15,0,0
BRDA:106,15,1,0
BRDA:106,15,2,0
BRDA:106,15,3,0
BRDA:106,15,4,0
BRDA:106,15,5,0
BRDA:106,15,6,0
BRDA:106,15,7,0
BRDA:111,16,0,0
BRDA:111,16,1,0
BRDA:111,17,0,0
BRDA:111,17,1,0
BRDA:117,18,0,1
BRDA:117,18,1,7
BRDA:118,19,0,1
BRDA:118,19,1,0
BRDA:121,20,0,5
BRDA:121,20,1,2
BRDA:122,21,0,5
BRDA:122,21,1,3
BRDA:122,21,2,3
BRDA:126,22,0,3
BRDA:126,22,1,2
BRDA:126,23,0,5
BRDA:126,23,1,4
BRDA:128,24,0,1
BRDA:128,24,1,2
BRDA:140,25,0,6
BRDA:140,25,1,1
BRDA:156,26,0,1
BRDA:156,26,1,1
BRDA:168,27,0,2
BRDA:168,27,1,3
BRDA:169,28,0,3
BRDA:169,28,1,2
BRF:65
BRH:50
end_of_record
TN:
SF:src\engine\session-recorder.ts
FN:12,attachRecorder
FN:30,(anonymous_9)
FN:30,(anonymous_10)
FN:32,(anonymous_11)
FN:32,(anonymous_12)
FN:58,(anonymous_13)
FN:58,(anonymous_14)
FN:59,(anonymous_15)
FN:77,(anonymous_16)
FN:81,(anonymous_17)
FN:87,(anonymous_18)
FN:87,(anonymous_19)
FN:113,(anonymous_20)
FN:113,(anonymous_21)
FN:128,(anonymous_22)
FN:128,(anonymous_23)
FN:148,(anonymous_24)
FN:159,(anonymous_25)
FN:159,(anonymous_26)
FN:177,(anonymous_27)
FN:179,(anonymous_28)
FN:179,(anonymous_29)
FN:203,(anonymous_30)
FNF:23
FNH:0
FNDA:0,attachRecorder
FNDA:0,(anonymous_9)
FNDA:0,(anonymous_10)
FNDA:0,(anonymous_11)
FNDA:0,(anonymous_12)
FNDA:0,(anonymous_13)
FNDA:0,(anonymous_14)
FNDA:0,(anonymous_15)
FNDA:0,(anonymous_16)
FNDA:0,(anonymous_17)
FNDA:0,(anonymous_18)
FNDA:0,(anonymous_19)
FNDA:0,(anonymous_20)
FNDA:0,(anonymous_21)
FNDA:0,(anonymous_22)
FNDA:0,(anonymous_23)
FNDA:0,(anonymous_24)
FNDA:0,(anonymous_25)
FNDA:0,(anonymous_26)
FNDA:0,(anonymous_27)
FNDA:0,(anonymous_28)
FNDA:0,(anonymous_29)
FNDA:0,(anonymous_30)
DA:2,0
DA:3,0
DA:4,0
DA:5,0
DA:6,0
DA:7,0
DA:8,0
DA:12,0
DA:13,0
DA:14,0
DA:23,0
DA:24,0
DA:27,0
DA:30,0
DA:32,0
DA:33,0
DA:35,0
DA:36,0
DA:37,0
DA:38,0
DA:40,0
DA:41,0
DA:43,0
DA:45,0
DA:46,0
DA:47,0
DA:50,0
DA:51,0
DA:53,0
DA:54,0
DA:58,0
DA:59,0
DA:60,0
DA:61,0
DA:62,0
DA:63,0
DA:64,0
DA:65,0
DA:66,0
DA:67,0
DA:68,0
DA:69,0
DA:70,0
DA:71,0
DA:72,0
DA:73,0
DA:74,0
DA:75,0
DA:77,0
DA:78,0
DA:81,0
DA:84,0
DA:87,0
DA:88,0
DA:90,0
DA:91,0
DA:92,0
DA:93,0
DA:95,0
DA:96,0
DA:98,0
DA:100,0
DA:101,0
DA:102,0
DA:105,0
DA:106,0
DA:108,0
DA:109,0
DA:113,0
DA:114,0
DA:116,0
DA:117,0
DA:125,0
DA:128,0
DA:129,0
DA:132,0
DA:133,0
DA:134,0
DA:135,0
DA:136,0
DA:139,0
DA:147,0
DA:148,0
DA:150,0
DA:152,0
DA:154,0
DA:155,0
DA:156,0
DA:159,0
DA:160,0
DA:162,0
DA:164,0
DA:165,0
DA:166,0
DA:167,0
DA:168,0
DA:172,0
DA:173,0
DA:177,0
DA:179,0
DA:180,0
DA:182,0
DA:185,0
DA:187,0
DA:190,0
DA:191,0
DA:192,0
DA:193,0
DA:195,0
DA:196,0
DA:199,0
DA:200,0
DA:202,0
DA:203,0
DA:204,0
DA:205,0
DA:206,0
DA:207,0
DA:209,0
DA:210,0
DA:213,0
DA:216,0
LF:122
LH:0
BRDA:33,0,0,0
BRDA:33,0,1,0
BRDA:38,1,0,0
BRDA:38,1,1,0
BRDA:60,2,0,0
BRDA:60,2,1,0
BRDA:88,3,0,0
BRDA:88,3,1,0
BRDA:93,4,0,0
BRDA:93,4,1,0
BRDA:114,5,0,0
BRDA:114,5,1,0
BRDA:129,6,0,0
BRDA:129,6,1,0
BRDA:132,7,0,0
BRDA:132,7,1,0
BRDA:132,8,0,0
BRDA:132,8,1,0
BRDA:150,9,0,0
BRDA:150,9,1,0
BRDA:160,10,0,0
BRDA:160,10,1,0
BRDA:162,11,0,0
BRDA:162,11,1,0
BRDA:165,12,0,0
BRDA:165,12,1,0
BRDA:165,13,0,0
BRDA:165,13,1,0
BRDA:177,14,0,0
BRDA:177,14,1,0
BRDA:180,15,0,0
BRDA:180,15,1,0
BRDA:180,16,0,0
BRDA:180,16,1,0
BRDA:185,17,0,0
BRDA:185,17,1,0
BRDA:190,18,0,0
BRDA:190,18,1,0
BRF:38
BRH:0
end_of_record
TN:
SF:src\engine\state.ts
FN:137,createInitialState
FNF:1
FNH:0
FNDA:0,createInitialState
DA:137,0
DA:138,0
LF:2
LH:0
BRF:0
BRH:0
end_of_record
TN:
SF:src\pipeline\pipeline.ts
FN:58,(anonymous_0)
FN:66,(anonymous_1)
FN:75,(anonymous_2)
FN:84,(anonymous_3)
FN:91,(anonymous_4)
FN:100,(anonymous_5)
FN:107,(anonymous_6)
FN:115,createPipeline
FNF:8
FNH:8
FNDA:5,(anonymous_0)
FNDA:6,(anonymous_1)
FNDA:1,(anonymous_2)
FNDA:6,(anonymous_3)
FNDA:2,(anonymous_4)
FNDA:6,(anonymous_5)
FNDA:2,(anonymous_6)
FNDA:5,createPipeline
DA:14,1
DA:55,1
DA:59,5
DA:60,5
DA:68,6
DA:69,6
DA:77,1
DA:78,1
DA:85,6
DA:93,2
DA:94,2
DA:101,6
DA:108,2
DA:115,1
DA:116,5
LF:15
LH:15
BRF:0
BRH:0
end_of_record
TN:
SF:src\server\server.ts
FN:10,spawnAsync
FN:11,(anonymous_9)
FN:22,(anonymous_10)
FN:26,(anonymous_11)
FN:31,(anonymous_12)
FN:35,(anonymous_13)
FN:42,startServer
FN:42,(anonymous_15)
FN:43,(anonymous_16)
FN:43,(anonymous_17)
FN:90,(anonymous_18)
FN:90,(anonymous_19)
FN:90,(anonymous_20)
FN:92,(anonymous_21)
FN:95,(anonymous_22)
FN:97,(anonymous_23)
FN:102,(anonymous_24)
FN:105,(anonymous_25)
FN:106,(anonymous_26)
FN:107,(anonymous_27)
FN:135,(anonymous_28)
FN:141,(anonymous_29)
FN:145,(anonymous_30)
FN:151,(anonymous_31)
FN:152,(anonymous_32)
FN:158,(anonymous_33)
FN:158,(anonymous_34)
FN:164,(anonymous_35)
FN:166,(anonymous_36)
FN:174,(anonymous_37)
FN:178,(anonymous_38)
FN:188,(anonymous_39)
FN:198,(anonymous_40)
FN:223,(anonymous_41)
FN:233,(anonymous_42)
FN:249,(anonymous_43)
FN:253,(anonymous_44)
FN:253,(anonymous_45)
FNF:38
FNH:0
FNDA:0,spawnAsync
FNDA:0,(anonymous_9)
FNDA:0,(anonymous_10)
FNDA:0,(anonymous_11)
FNDA:0,(anonymous_12)
FNDA:0,(anonymous_13)
FNDA:0,startServer
FNDA:0,(anonymous_15)
FNDA:0,(anonymous_16)
FNDA:0,(anonymous_17)
FNDA:0,(anonymous_18)
FNDA:0,(anonymous_19)
FNDA:0,(anonymous_20)
FNDA:0,(anonymous_21)
FNDA:0,(anonymous_22)
FNDA:0,(anonymous_23)
FNDA:0,(anonymous_24)
FNDA:0,(anonymous_25)
FNDA:0,(anonymous_26)
FNDA:0,(anonymous_27)
FNDA:0,(anonymous_28)
FNDA:0,(anonymous_29)
FNDA:0,(anonymous_30)
FNDA:0,(anonymous_31)
FNDA:0,(anonymous_32)
FNDA:0,(anonymous_33)
FNDA:0,(anonymous_34)
FNDA:0,(anonymous_35)
FNDA:0,(anonymous_36)
FNDA:0,(anonymous_37)
FNDA:0,(anonymous_38)
FNDA:0,(anonymous_39)
FNDA:0,(anonymous_40)
FNDA:0,(anonymous_41)
FNDA:0,(anonymous_42)
FNDA:0,(anonymous_43)
FNDA:0,(anonymous_44)
FNDA:0,(anonymous_45)
DA:2,0
DA:3,0
DA:5,0
DA:6,0
DA:7,0
DA:11,0
DA:12,0
DA:13,0
DA:17,0
DA:18,0
DA:20,0
DA:22,0
DA:23,0
DA:24,0
DA:26,0
DA:27,0
DA:28,0
DA:31,0
DA:32,0
DA:35,0
DA:36,0
DA:37,0
DA:42,0
DA:43,0
DA:46,0
DA:47,0
DA:49,0
DA:50,0
DA:51,0
DA:55,0
DA:56,0
DA:57,0
DA:58,0
DA:59,0
DA:60,0
DA:61,0
DA:62,0
DA:63,0
DA:64,0
DA:65,0
DA:70,0
DA:71,0
DA:72,0
DA:73,0
DA:74,0
DA:75,0
DA:76,0
DA:77,0
DA:78,0
DA:79,0
DA:80,0
DA:81,0
DA:82,0
DA:83,0
DA:85,0
DA:90,0
DA:91,0
DA:92,0
DA:93,0
DA:94,0
DA:95,0
DA:96,0
DA:97,0
DA:102,0
DA:103,0
DA:104,0
DA:105,0
DA:106,0
DA:107,0
DA:111,0
DA:112,0
DA:113,0
DA:116,0
DA:119,0
DA:120,0
DA:122,0
DA:123,0
DA:124,0
DA:125,0
DA:127,0
DA:134,0
DA:135,0
DA:136,0
DA:137,0
DA:141,0
DA:142,0
DA:143,0
DA:145,0
DA:146,0
DA:147,0
DA:151,0
DA:152,0
DA:153,0
DA:154,0
DA:155,0
DA:158,0
DA:159,0
DA:162,0
DA:164,0
DA:166,0
DA:167,0
DA:169,0
DA:170,0
DA:174,0
DA:176,0
DA:177,0
DA:178,0
DA:179,0
DA:183,0
DA:188,0
DA:189,0
DA:190,0
DA:198,0
DA:201,0
DA:205,0
DA:206,0
DA:207,0
DA:208,0
DA:209,0
DA:210,0
DA:212,0
DA:213,0
DA:216,0
DA:219,0
DA:220,0
DA:223,0
DA:224,0
DA:226,0
DA:227,0
DA:228,0
DA:233,0
DA:234,0
DA:235,0
DA:236,0
DA:240,0
DA:242,0
DA:246,0
DA:247,0
DA:248,0
DA:249,0
DA:250,0
DA:251,0
DA:253,0
LF:143
LH:0
BRDA:13,0,0,0
BRDA:13,0,1,0
BRDA:17,1,0,0
BRDA:17,1,1,0
BRDA:18,2,0,0
BRDA:18,2,1,0
BRDA:18,3,0,0
BRDA:18,3,1,0
BRDA:18,4,0,0
BRDA:18,4,1,0
BRDA:22,5,0,0
BRDA:22,5,1,0
BRDA:22,6,0,0
BRDA:22,6,1,0
BRDA:24,7,0,0
BRDA:24,7,1,0
BRDA:26,8,0,0
BRDA:26,8,1,0
BRDA:26,9,0,0
BRDA:26,9,1,0
BRDA:28,10,0,0
BRDA:28,10,1,0
BRDA:36,11,0,0
BRDA:36,11,1,0
BRDA:42,12,0,0
BRDA:46,13,0,0
BRDA:46,13,1,0
BRDA:49,14,0,0
BRDA:49,14,1,0
BRDA:56,15,0,0
BRDA:56,15,1,0
BRDA:57,16,0,0
BRDA:57,16,1,0
BRDA:60,17,0,0
BRDA:60,17,1,0
BRDA:63,18,0,0
BRDA:63,18,1,0
BRDA:72,19,0,0
BRDA:72,19,1,0
BRDA:72,20,0,0
BRDA:72,20,1,0
BRDA:72,21,0,0
BRDA:72,21,1,0
BRDA:72,22,0,0
BRDA:72,22,1,0
BRDA:72,23,0,0
BRDA:72,23,1,0
BRDA:72,24,0,0
BRDA:72,24,1,0
BRDA:74,25,0,0
BRDA:74,25,1,0
BRDA:74,26,0,0
BRDA:74,26,1,0
BRDA:74,27,0,0
BRDA:74,27,1,0
BRDA:74,28,0,0
BRDA:74,28,1,0
BRDA:74,29,0,0
BRDA:74,29,1,0
BRDA:74,30,0,0
BRDA:74,30,1,0
BRDA:75,31,0,0
BRDA:75,31,1,0
BRDA:78,32,0,0
BRDA:78,32,1,0
BRDA:78,33,0,0
BRDA:78,33,1,0
BRDA:81,34,0,0
BRDA:81,34,1,0
BRDA:90,35,0,0
BRDA:111,36,0,0
BRDA:111,36,1,0
BRDA:123,37,0,0
BRDA:123,37,1,0
BRDA:124,38,0,0
BRDA:124,38,1,0
BRDA:125,39,0,0
BRDA:125,39,1,0
BRDA:125,40,0,0
BRDA:125,40,1,0
BRDA:125,41,0,0
BRDA:125,41,1,0
BRDA:137,42,0,0
BRDA:137,42,1,0
BRDA:141,43,0,0
BRDA:141,43,1,0
BRDA:141,44,0,0
BRDA:141,44,1,0
BRDA:143,45,0,0
BRDA:143,45,1,0
BRDA:145,46,0,0
BRDA:145,46,1,0
BRDA:145,47,0,0
BRDA:145,47,1,0
BRDA:147,48,0,0
BRDA:147,48,1,0
BRDA:153,49,0,0
BRDA:153,49,1,0
BRDA:159,50,0,0
BRDA:159,50,1,0
BRDA:159,51,0,0
BRDA:159,51,1,0
BRDA:167,52,0,0
BRDA:167,52,1,0
BRDA:208,53,0,0
BRDA:208,53,1,0
BRDA:210,54,0,0
BRDA:210,54,1,0
BRDA:212,55,0,0
BRDA:212,55,1,0
BRDA:219,56,0,0
BRDA:219,56,1,0
BRDA:234,57,0,0
BRDA:234,57,1,0
BRDA:234,58,0,0
BRDA:234,58,1,0
BRF:116
BRH:0
end_of_record
TN:
SF:src\utils\type-guards.ts
FN:6,isNetworkRequest
FN:20,isViolation
FN:34,isChaosConfig
FN:48,isRecord
FNF:4
FNH:1
FNDA:0,isNetworkRequest
FNDA:0,isViolation
FNDA:1,isChaosConfig
FNDA:0,isRecord
DA:6,1
DA:7,0
DA:8,0
DA:9,0
DA:20,1
DA:21,0
DA:22,0
DA:23,0
DA:34,1
DA:35,1
DA:36,1
DA:37,1
DA:48,1
DA:49,0
LF:14
LH:7
BRDA:7,0,0,0
BRDA:7,0,1,0
BRDA:7,1,0,0
BRDA:7,1,1,0
BRDA:10,2,0,0
BRDA:10,2,1,0
BRDA:10,2,2,0
BRDA:10,2,3,0
BRDA:21,3,0,0
BRDA:21,3,1,0
BRDA:21,4,0,0
BRDA:21,4,1,0
BRDA:24,5,0,0
BRDA:24,5,1,0
BRDA:24,5,2,0
BRDA:24,5,3,0
BRDA:35,6,0,0
BRDA:35,6,1,1
BRDA:35,7,0,1
BRDA:35,7,1,1
BRDA:38,8,0,1
BRDA:38,8,1,1
BRDA:38,8,2,1
BRDA:38,8,3,1
BRDA:49,9,0,0
BRDA:49,9,1,0
BRDA:49,9,2,0
BRF:27
BRH:7
end_of_record
